2025-03-14 00:07:56,147 - INFO - ui.dashboard - Création du tableau de bord principal
2025-03-14 00:08:00,407 - INFO - ui.dashboard - Création du tableau de bord principal
2025-03-14 00:08:05,583 - INFO - ui.dashboard - Navigation: Études
2025-03-14 00:13:33,708 - INFO - ui.dashboard - Création du tableau de bord principal
2025-03-14 00:13:39,985 - INFO - ui.dashboard - Navigation: Études
2025-03-14 00:18:21,476 - INFO - ui.dashboard - Création du tableau de bord principal
2025-03-14 00:18:27,776 - INFO - ui.dashboard - Navigation: Études
2025-03-14 00:21:38,542 - INFO - ui.dashboard - Création du tableau de bord principal
2025-03-14 00:21:46,477 - INFO - ui.dashboard - Navigation: Études
2025-03-14 00:25:35,442 - INFO - ui.dashboard - Création du tableau de bord principal
2025-03-14 00:26:23,279 - INFO - ui.dashboard - Création du tableau de bord principal
2025-03-14 00:26:53,177 - INFO - ui.dashboard - Création du tableau de bord principal
2025-03-14 00:26:58,202 - INFO - ui.dashboard - Navigation: Études
2025-03-14 00:37:52,277 - INFO - ui.dashboard - Création du tableau de bord principal
2025-03-14 00:47:01,412 - INFO - ui.dashboard - Création du tableau de bord principal
2025-03-14 00:47:06,332 - INFO - ui.dashboard - Création du tableau de bord principal
2025-03-14 00:47:28,147 - INFO - ui.dashboard - Navigation: Études
2025-03-14 00:49:01,288 - INFO - ui.dashboard - Création du tableau de bord principal
2025-03-14 00:49:53,591 - INFO - ui.dashboard - Création du tableau de bord principal
2025-03-14 00:49:58,339 - INFO - ui.dashboard - Création du tableau de bord principal
2025-03-14 00:50:41,766 - INFO - ui.dashboard - Navigation: Études
2025-03-14 13:04:10,239 - INFO - ui.dashboard - Création du tableau de bord principal
2025-03-14 13:04:15,536 - INFO - ui.dashboard - Création du tableau de bord principal
2025-03-14 13:04:21,075 - INFO - ui.dashboard - Navigation: Études
2025-03-14 14:02:26,567 - INFO - ui.dashboard - Création du tableau de bord principal
2025-03-14 14:02:31,805 - INFO - ui.dashboard - Création du tableau de bord principal
2025-03-14 14:02:37,971 - INFO - ui.dashboard - Navigation: Études
2025-03-14 14:11:08,079 - INFO - ui.dashboard - Navigation: Stratégies
2025-03-14 14:11:09,545 - INFO - ui.dashboard - Navigation: Dashboard
2025-03-14 14:11:16,990 - INFO - ui.dashboard - Navigation: Études
2025-03-14 14:11:20,088 - INFO - ui.dashboard - Navigation: Logs
2025-03-14 14:11:25,721 - INFO - ui.dashboard - Navigation: Backtest
2025-03-14 14:11:27,142 - INFO - ui.dashboard - Navigation: Données
2025-03-14 14:11:29,868 - INFO - ui.dashboard - Navigation: Études
2025-03-14 14:18:07,669 - INFO - ui.dashboard - Création du tableau de bord principal
2025-03-14 14:18:35,645 - INFO - ui.dashboard - Création du tableau de bord principal
2025-03-14 14:18:40,667 - INFO - ui.dashboard - Navigation: Études
2025-03-14 14:29:46,970 - INFO - ui.dashboard - Création du tableau de bord principal
2025-03-14 14:30:17,272 - INFO - ui.dashboard - Navigation: Études
2025-03-14 14:45:35,812 - INFO - ui.dashboard - Création du tableau de bord principal
2025-03-14 14:45:49,189 - INFO - ui.dashboard - Navigation: Études
2025-03-14 14:48:12,473 - INFO - ui.dashboard - Navigation: Stratégies
2025-03-14 14:48:14,192 - INFO - ui.dashboard - Navigation: Dashboard
2025-03-14 14:48:15,607 - INFO - ui.dashboard - Navigation: Stratégies
2025-03-14 14:54:01,869 - INFO - ui.dashboard - Création du tableau de bord principal
2025-03-14 14:58:25,378 - INFO - ui.dashboard - Création du tableau de bord principal
2025-03-14 14:59:05,899 - INFO - ui.dashboard - Création du tableau de bord principal
2025-03-14 14:59:21,965 - INFO - ui.dashboard - Création du tableau de bord principal
2025-03-14 14:59:37,869 - INFO - ui.dashboard - Création du tableau de bord principal
2025-03-14 15:05:33,317 - INFO - ui.dashboard - Création du tableau de bord principal
2025-03-14 15:05:38,107 - INFO - ui.dashboard - Création du tableau de bord principal
2025-03-14 15:06:37,494 - INFO - ui.dashboard - Création du tableau de bord principal
2025-03-14 15:06:43,524 - INFO - ui.dashboard - Navigation: Études
2025-03-14 15:07:27,856 - INFO - ui.dashboard - Création du tableau de bord principal
2025-03-14 15:07:36,961 - INFO - ui.dashboard - Navigation: Études
2025-03-14 15:08:29,364 - INFO - ui.dashboard - Création du tableau de bord principal
2025-03-14 15:08:36,036 - INFO - ui.dashboard - Création du tableau de bord principal
2025-03-14 15:08:42,685 - INFO - ui.dashboard - Navigation: Études
2025-03-14 15:44:30,347 - INFO - ui.dashboard - Création du tableau de bord principal
2025-03-14 15:44:33,286 - INFO - ui.dashboard - Création du tableau de bord principal
2025-03-14 15:44:39,831 - INFO - ui.dashboard - Navigation: Études
2025-03-14 15:55:56,755 - INFO - ui.dashboard - Création du tableau de bord principal
2025-03-14 15:56:00,603 - INFO - ui.dashboard - Création du tableau de bord principal
2025-03-14 15:56:10,205 - INFO - ui.dashboard - Navigation: Études
2025-03-14 15:59:44,771 - INFO - ui.dashboard - Création du tableau de bord principal
2025-03-14 15:59:48,953 - INFO - ui.dashboard - Création du tableau de bord principal
2025-03-14 15:59:57,331 - INFO - ui.dashboard - Navigation: Études
2025-03-14 16:03:36,733 - INFO - ui.dashboard - Création du tableau de bord principal
2025-03-14 16:03:40,207 - INFO - ui.dashboard - Création du tableau de bord principal
2025-03-14 16:03:44,694 - INFO - ui.dashboard - Navigation: Études
2025-03-14 16:34:00,958 - INFO - ui.dashboard - Création du tableau de bord principal
2025-03-14 16:34:05,053 - INFO - ui.dashboard - Création du tableau de bord principal
2025-03-14 16:34:14,259 - INFO - ui.dashboard - Navigation: Études
