2025-03-09 22:05:14,235 - INFO - ui.dashboard - Création du tableau de bord principal
2025-03-09 22:05:15,568 - INFO - ui.dashboard - Création du tableau de bord principal
2025-03-09 22:06:39,586 - INFO - ui.dashboard - Navigation: nav-strategies - Page en construction
2025-03-09 22:06:41,382 - INFO - ui.dashboard - Retour au tableau de bord depuis la fenêtre modale
2025-03-09 22:08:05,725 - INFO - ui.dashboard - Navigation: btn-stop-all - Page en construction
2025-03-09 22:08:05,727 - WARNING - ui.dashboard - Demande d'arrêt de toutes les stratégies
2025-03-09 22:08:07,813 - INFO - ui.dashboard - Retour au tableau de bord depuis la fenêtre modale
2025-03-09 22:12:48,130 - INFO - ui.dashboard - Création du tableau de bord principal
2025-03-09 22:14:07,313 - INFO - ui.dashboard - Création du tableau de bord principal
2025-03-09 22:15:05,558 - INFO - ui.dashboard - Création du tableau de bord principal
2025-03-09 22:15:09,929 - INFO - ui.dashboard - Création du tableau de bord principal
2025-03-09 22:15:29,210 - INFO - ui.dashboard - Création du tableau de bord principal
2025-03-09 22:15:31,387 - INFO - ui.dashboard - Création du tableau de bord principal
2025-03-09 22:16:28,665 - INFO - ui.dashboard - Création du tableau de bord principal
2025-03-09 22:16:30,812 - INFO - ui.dashboard - Création du tableau de bord principal
2025-03-09 22:18:56,664 - INFO - ui.dashboard - Création du tableau de bord principal
2025-03-09 22:18:59,352 - INFO - ui.dashboard - Création du tableau de bord principal
2025-03-09 22:22:55,805 - INFO - ui.dashboard - Création du tableau de bord principal
2025-03-09 22:22:59,588 - INFO - ui.dashboard - Création du tableau de bord principal
2025-03-09 22:23:47,397 - INFO - ui.dashboard - Création du tableau de bord principal
2025-03-09 22:25:17,609 - INFO - ui.dashboard - Création du tableau de bord principal
2025-03-09 22:25:19,309 - INFO - ui.dashboard - Création du tableau de bord principal
2025-03-09 23:06:03,363 - INFO - ui.dashboard - Création du tableau de bord principal
2025-03-09 23:06:05,196 - INFO - ui.dashboard - Création du tableau de bord principal
2025-03-09 23:06:19,991 - INFO - ui.dashboard - Navigation: btn-view-all-logs - Page en construction
2025-03-09 23:06:21,643 - INFO - ui.dashboard - Retour au tableau de bord depuis la fenêtre modale
2025-03-09 23:06:36,825 - INFO - ui.dashboard - Création du tableau de bord principal
2025-03-09 23:07:58,000 - INFO - ui.dashboard - Création du tableau de bord principal
2025-03-09 23:18:40,959 - INFO - ui.dashboard - Création du tableau de bord principal
2025-03-09 23:18:42,403 - INFO - ui.dashboard - Création du tableau de bord principal
2025-03-09 23:19:43,346 - INFO - ui.dashboard - Création du tableau de bord principal
2025-03-09 23:19:45,280 - INFO - ui.dashboard - Création du tableau de bord principal
2025-03-09 23:20:16,438 - INFO - ui.dashboard - Création du tableau de bord principal
2025-03-09 23:20:21,167 - INFO - ui.dashboard - Création du tableau de bord principal
