2025-03-11 18:08:50,770 - INFO - ui.dashboard - Création du tableau de bord principal
2025-03-11 18:08:57,405 - INFO - ui.dashboard - Création du tableau de bord principal
2025-03-11 18:09:17,101 - INFO - ui.dashboard - Navigation: Études
2025-03-11 18:46:00,475 - INFO - ui.dashboard - Création du tableau de bord principal
2025-03-11 18:46:11,082 - INFO - ui.dashboard - Création du tableau de bord principal
2025-03-11 18:46:18,582 - INFO - ui.dashboard - Navigation: Études
2025-03-11 18:46:37,102 - INFO - ui.dashboard - Création du tableau de bord principal
2025-03-11 18:46:52,099 - INFO - ui.dashboard - Navigation: Études
2025-03-11 19:02:24,041 - INFO - ui.dashboard - Création du tableau de bord principal
2025-03-11 19:02:27,681 - INFO - ui.dashboard - Création du tableau de bord principal
2025-03-11 19:02:34,803 - INFO - ui.dashboard - Navigation: Études
2025-03-11 19:09:12,357 - INFO - ui.dashboard - Création du tableau de bord principal
2025-03-11 19:09:48,180 - INFO - ui.dashboard - Navigation: Études
2025-03-11 19:21:27,856 - INFO - ui.dashboard - Création du tableau de bord principal
2025-03-11 19:21:55,609 - INFO - ui.dashboard - Navigation: Études
2025-03-11 19:24:04,343 - INFO - ui.dashboard - Navigation: Études
2025-03-11 20:15:24,009 - INFO - ui.dashboard - Création du tableau de bord principal
2025-03-11 20:15:31,041 - INFO - ui.dashboard - Création du tableau de bord principal
2025-03-11 20:22:20,396 - INFO - ui.dashboard - Création du tableau de bord principal
2025-03-11 20:22:24,591 - INFO - ui.dashboard - Création du tableau de bord principal
2025-03-11 20:22:30,407 - INFO - ui.dashboard - Navigation: Études
2025-03-11 20:22:31,515 - INFO - ui.dashboard - Navigation: Études
2025-03-11 20:22:32,313 - INFO - ui.dashboard - Navigation: Études
2025-03-11 20:23:27,508 - INFO - ui.dashboard - Navigation: Backtest
2025-03-11 20:23:28,800 - INFO - ui.dashboard - Navigation: Études
2025-03-11 20:25:06,516 - INFO - ui.dashboard - Création du tableau de bord principal
2025-03-11 20:25:24,227 - INFO - ui.dashboard - Création du tableau de bord principal
2025-03-11 20:26:46,655 - INFO - ui.dashboard - Création du tableau de bord principal
2025-03-11 20:26:54,240 - INFO - ui.dashboard - Navigation: Backtest
2025-03-11 20:26:55,503 - INFO - ui.dashboard - Navigation: Études
2025-03-11 20:47:22,436 - INFO - ui.dashboard - Création du tableau de bord principal
2025-03-11 20:47:25,129 - INFO - ui.dashboard - Création du tableau de bord principal
2025-03-11 20:47:32,874 - INFO - ui.dashboard - Navigation: Études
2025-03-11 20:47:33,942 - INFO - ui.dashboard - Navigation: Études
2025-03-11 20:50:07,948 - INFO - ui.dashboard - Création du tableau de bord principal
2025-03-11 20:50:12,351 - INFO - ui.dashboard - Navigation: Études
2025-03-11 20:50:44,225 - INFO - ui.dashboard - Création du tableau de bord principal
2025-03-11 20:50:46,716 - INFO - ui.dashboard - Création du tableau de bord principal
2025-03-11 20:50:52,209 - INFO - ui.dashboard - Navigation: Études
2025-03-11 20:52:30,226 - INFO - ui.dashboard - Création du tableau de bord principal
2025-03-11 20:52:35,818 - INFO - ui.dashboard - Navigation: Études
2025-03-11 20:55:13,008 - INFO - ui.dashboard - Création du tableau de bord principal
2025-03-11 20:55:13,929 - INFO - ui.dashboard - Navigation: Études
2025-03-11 20:55:17,743 - INFO - ui.dashboard - Navigation: Études
2025-03-11 20:56:41,468 - INFO - ui.dashboard - Création du tableau de bord principal
2025-03-11 20:56:44,094 - INFO - ui.dashboard - Création du tableau de bord principal
2025-03-11 20:56:57,868 - INFO - ui.dashboard - Navigation: Études
2025-03-11 20:57:14,884 - INFO - ui.dashboard - Création du tableau de bord principal
2025-03-11 20:57:21,462 - INFO - ui.dashboard - Navigation: Études
2025-03-11 21:03:30,186 - INFO - ui.dashboard - Création du tableau de bord principal
2025-03-11 21:03:35,934 - INFO - ui.dashboard - Navigation: Études
2025-03-11 21:09:47,998 - INFO - ui.dashboard - Création du tableau de bord principal
2025-03-11 21:12:17,208 - INFO - ui.dashboard - Création du tableau de bord principal
2025-03-11 21:12:43,958 - INFO - ui.dashboard - Création du tableau de bord principal
2025-03-11 21:12:47,030 - INFO - ui.dashboard - Création du tableau de bord principal
2025-03-11 21:13:13,211 - INFO - ui.dashboard - Création du tableau de bord principal
2025-03-11 21:14:09,845 - INFO - ui.dashboard - Création du tableau de bord principal
2025-03-11 21:14:23,985 - INFO - ui.dashboard - Navigation: Études
2025-03-11 21:16:01,701 - INFO - ui.dashboard - Création du tableau de bord principal
2025-03-11 21:16:16,860 - INFO - ui.dashboard - Création du tableau de bord principal
2025-03-11 21:16:57,137 - INFO - ui.dashboard - Création du tableau de bord principal
2025-03-11 21:17:58,284 - INFO - ui.dashboard - Création du tableau de bord principal
2025-03-11 21:18:03,231 - INFO - ui.dashboard - Navigation: Études
2025-03-11 21:18:36,760 - INFO - ui.dashboard - Navigation: Études
2025-03-11 21:20:46,801 - INFO - ui.dashboard - Création du tableau de bord principal
2025-03-11 21:21:15,277 - INFO - ui.dashboard - Création du tableau de bord principal
2025-03-11 21:21:50,890 - INFO - ui.dashboard - Création du tableau de bord principal
2025-03-11 21:21:57,261 - INFO - ui.dashboard - Navigation: Études
2025-03-11 21:23:12,972 - INFO - ui.dashboard - Création du tableau de bord principal
2025-03-11 21:23:18,904 - INFO - ui.dashboard - Navigation: Études
2025-03-11 21:23:47,396 - INFO - ui.dashboard - Navigation: Études
2025-03-11 21:26:55,332 - INFO - ui.dashboard - Création du tableau de bord principal
2025-03-11 21:27:09,004 - INFO - ui.dashboard - Navigation: Études
2025-03-11 21:28:56,981 - INFO - ui.dashboard - Création du tableau de bord principal
2025-03-11 21:29:00,877 - INFO - ui.dashboard - Création du tableau de bord principal
2025-03-11 21:29:07,238 - INFO - ui.dashboard - Navigation: Logs
2025-03-11 21:29:07,938 - INFO - ui.dashboard - Navigation: Études
2025-03-11 21:30:53,781 - INFO - ui.dashboard - Création du tableau de bord principal
2025-03-11 21:30:57,891 - INFO - ui.dashboard - Création du tableau de bord principal
2025-03-11 21:31:04,100 - INFO - ui.dashboard - Navigation: Études
2025-03-11 21:34:19,591 - INFO - ui.dashboard - Création du tableau de bord principal
2025-03-11 21:34:57,961 - INFO - ui.dashboard - Navigation: Études
2025-03-11 21:36:14,716 - INFO - ui.dashboard - Création du tableau de bord principal
2025-03-11 21:36:19,945 - INFO - ui.dashboard - Navigation: Études
2025-03-11 21:42:23,418 - INFO - ui.dashboard - Création du tableau de bord principal
2025-03-11 21:42:28,412 - INFO - ui.dashboard - Création du tableau de bord principal
2025-03-11 21:42:38,387 - INFO - ui.dashboard - Navigation: Études
2025-03-11 21:43:45,668 - INFO - ui.dashboard - Création du tableau de bord principal
2025-03-11 21:43:51,491 - INFO - ui.dashboard - Navigation: Études
2025-03-11 21:46:34,168 - INFO - ui.dashboard - Création du tableau de bord principal
2025-03-11 21:46:39,144 - INFO - ui.dashboard - Création du tableau de bord principal
2025-03-11 21:47:04,496 - INFO - ui.dashboard - Navigation: Études
2025-03-11 21:49:14,882 - INFO - ui.dashboard - Création du tableau de bord principal
2025-03-11 21:49:20,483 - INFO - ui.dashboard - Navigation: Études
2025-03-11 21:50:20,955 - INFO - ui.dashboard - Création du tableau de bord principal
2025-03-11 21:50:30,555 - INFO - ui.dashboard - Navigation: Études
2025-03-11 21:51:13,564 - INFO - ui.dashboard - Création du tableau de bord principal
2025-03-11 21:51:39,260 - INFO - ui.dashboard - Création du tableau de bord principal
2025-03-11 21:51:45,736 - INFO - ui.dashboard - Navigation: Études
2025-03-11 21:52:29,423 - INFO - ui.dashboard - Création du tableau de bord principal
2025-03-11 21:53:19,272 - INFO - ui.dashboard - Navigation: Études
2025-03-11 21:55:41,263 - INFO - ui.dashboard - Création du tableau de bord principal
2025-03-11 21:55:55,773 - INFO - ui.dashboard - Navigation: Études
2025-03-11 21:56:45,842 - INFO - ui.dashboard - Création du tableau de bord principal
2025-03-11 21:59:30,501 - INFO - ui.dashboard - Création du tableau de bord principal
2025-03-11 21:59:34,938 - INFO - ui.dashboard - Navigation: Études
2025-03-11 21:59:45,407 - INFO - ui.dashboard - Création du tableau de bord principal
2025-03-11 22:00:09,484 - INFO - ui.dashboard - Création du tableau de bord principal
2025-03-11 22:00:14,735 - INFO - ui.dashboard - Navigation: Études
2025-03-11 22:01:07,816 - INFO - ui.dashboard - Création du tableau de bord principal
2025-03-11 22:01:16,590 - INFO - ui.dashboard - Création du tableau de bord principal
2025-03-11 22:01:21,627 - INFO - ui.dashboard - Navigation: Études
2025-03-11 22:03:11,121 - INFO - ui.dashboard - Création du tableau de bord principal
2025-03-11 22:03:20,379 - INFO - ui.dashboard - Création du tableau de bord principal
2025-03-11 22:03:24,872 - INFO - ui.dashboard - Navigation: Études
2025-03-11 22:03:45,451 - INFO - ui.dashboard - Création du tableau de bord principal
2025-03-11 22:04:01,539 - INFO - ui.dashboard - Création du tableau de bord principal
2025-03-11 22:04:07,901 - INFO - ui.dashboard - Navigation: Études
2025-03-11 22:07:01,737 - INFO - ui.dashboard - Création du tableau de bord principal
2025-03-11 22:07:04,786 - INFO - ui.dashboard - Création du tableau de bord principal
2025-03-11 22:07:09,428 - INFO - ui.dashboard - Navigation: Études
2025-03-11 22:07:20,850 - INFO - ui.dashboard - Création du tableau de bord principal
2025-03-11 22:07:30,682 - INFO - ui.dashboard - Création du tableau de bord principal
2025-03-11 22:09:36,627 - INFO - ui.dashboard - Création du tableau de bord principal
2025-03-11 22:09:39,643 - INFO - ui.dashboard - Création du tableau de bord principal
2025-03-11 22:09:44,705 - INFO - ui.dashboard - Navigation: Études
2025-03-11 22:10:57,568 - INFO - ui.dashboard - Création du tableau de bord principal
2025-03-11 22:11:03,565 - INFO - ui.dashboard - Création du tableau de bord principal
2025-03-11 22:11:32,693 - INFO - ui.dashboard - Création du tableau de bord principal
2025-03-11 22:12:35,770 - INFO - ui.dashboard - Création du tableau de bord principal
2025-03-11 22:12:57,610 - INFO - ui.dashboard - Création du tableau de bord principal
2025-03-11 22:13:12,479 - INFO - ui.dashboard - Création du tableau de bord principal
2025-03-11 22:13:15,325 - INFO - ui.dashboard - Création du tableau de bord principal
2025-03-11 22:13:21,388 - INFO - ui.dashboard - Navigation: Études
2025-03-11 22:13:33,109 - INFO - ui.dashboard - Création du tableau de bord principal
2025-03-11 22:13:40,970 - INFO - ui.dashboard - Création du tableau de bord principal
2025-03-11 22:13:45,434 - INFO - ui.dashboard - Navigation: Études
2025-03-11 22:13:55,243 - INFO - ui.dashboard - Création du tableau de bord principal
2025-03-11 22:14:00,419 - INFO - ui.dashboard - Navigation: Études
2025-03-11 22:14:19,300 - INFO - ui.dashboard - Création du tableau de bord principal
2025-03-11 22:14:38,027 - INFO - ui.dashboard - Création du tableau de bord principal
2025-03-11 22:14:42,637 - INFO - ui.dashboard - Création du tableau de bord principal
2025-03-11 22:14:50,734 - INFO - ui.dashboard - Navigation: Études
2025-03-11 22:16:25,726 - INFO - ui.dashboard - Création du tableau de bord principal
2025-03-11 22:16:45,733 - INFO - ui.dashboard - Création du tableau de bord principal
2025-03-11 22:16:50,208 - INFO - ui.dashboard - Navigation: Études
2025-03-11 22:24:16,063 - INFO - ui.dashboard - Création du tableau de bord principal
2025-03-11 22:25:11,929 - INFO - ui.dashboard - Navigation: Études
2025-03-11 22:25:46,951 - INFO - ui.dashboard - Création du tableau de bord principal
2025-03-11 22:25:52,456 - INFO - ui.dashboard - Navigation: Études
2025-03-11 22:30:13,790 - INFO - ui.dashboard - Création du tableau de bord principal
2025-03-11 22:30:18,754 - INFO - ui.dashboard - Navigation: Études
2025-03-11 22:30:56,978 - INFO - ui.dashboard - Création du tableau de bord principal
2025-03-11 22:31:06,869 - INFO - ui.dashboard - Création du tableau de bord principal
2025-03-11 22:31:11,670 - INFO - ui.dashboard - Navigation: Études
2025-03-11 22:34:09,610 - INFO - ui.dashboard - Création du tableau de bord principal
2025-03-11 22:34:16,268 - INFO - ui.dashboard - Navigation: Études
2025-03-11 22:38:51,556 - INFO - ui.dashboard - Création du tableau de bord principal
2025-03-11 22:39:02,865 - INFO - ui.dashboard - Navigation: Études
2025-03-11 22:39:12,566 - INFO - ui.dashboard - Création du tableau de bord principal
2025-03-11 22:39:17,446 - INFO - ui.dashboard - Navigation: Études
2025-03-11 22:41:50,978 - INFO - ui.dashboard - Création du tableau de bord principal
2025-03-11 22:50:58,403 - INFO - ui.dashboard - Navigation: Études
2025-03-11 22:52:13,987 - INFO - ui.dashboard - Création du tableau de bord principal
2025-03-11 22:52:39,437 - INFO - ui.dashboard - Création du tableau de bord principal
2025-03-11 22:52:45,099 - INFO - ui.dashboard - Navigation: Backtest
2025-03-11 22:52:45,749 - INFO - ui.dashboard - Navigation: Études
2025-03-11 23:02:24,370 - INFO - ui.dashboard - Création du tableau de bord principal
2025-03-11 23:02:27,348 - INFO - ui.dashboard - Création du tableau de bord principal
2025-03-11 23:02:51,010 - INFO - ui.dashboard - Navigation: Études
2025-03-11 23:03:16,317 - INFO - ui.dashboard - Navigation: Études
2025-03-11 23:03:52,321 - INFO - ui.dashboard - Navigation: Études
2025-03-11 23:07:03,116 - INFO - ui.dashboard - Création du tableau de bord principal
2025-03-11 23:07:34,221 - INFO - ui.dashboard - Navigation: Études
2025-03-11 23:08:07,068 - INFO - ui.dashboard - Création du tableau de bord principal
2025-03-11 23:11:53,891 - INFO - ui.dashboard - Navigation: Études
2025-03-11 23:13:16,354 - INFO - ui.dashboard - Navigation: Études
2025-03-11 23:16:52,542 - INFO - ui.dashboard - Navigation: Études
2025-03-11 23:28:51,130 - INFO - ui.dashboard - Création du tableau de bord principal
2025-03-11 23:37:01,026 - INFO - ui.dashboard - Création du tableau de bord principal
2025-03-11 23:37:37,078 - INFO - ui.dashboard - Création du tableau de bord principal
2025-03-11 23:37:57,000 - INFO - ui.dashboard - Création du tableau de bord principal
2025-03-11 23:40:57,433 - INFO - ui.dashboard - Création du tableau de bord principal
2025-03-11 23:41:00,462 - INFO - ui.dashboard - Création du tableau de bord principal
2025-03-11 23:41:09,544 - INFO - ui.dashboard - Navigation: Études
2025-03-11 23:42:31,269 - INFO - ui.dashboard - Navigation: Études
2025-03-12 00:00:02,277 - INFO - ui.dashboard - Navigation: Études
2025-03-12 00:00:03,358 - INFO - ui.dashboard - Navigation: Études
2025-03-12 00:00:04,025 - INFO - ui.dashboard - Navigation: Logs
2025-03-12 00:00:05,026 - INFO - ui.dashboard - Navigation: Études
2025-03-12 00:00:05,723 - INFO - ui.dashboard - Navigation: Études
2025-03-12 01:10:33,924 - INFO - ui.dashboard - Navigation: Études
2025-03-12 01:11:14,060 - INFO - ui.dashboard - Navigation: Études
2025-03-12 01:11:14,461 - INFO - ui.dashboard - Navigation: Études
2025-03-12 01:11:15,681 - INFO - ui.dashboard - Navigation: Dashboard
2025-03-12 01:11:17,012 - INFO - ui.dashboard - Navigation: Études
