2025-03-12 01:11:27,943 - INFO - ui.dashboard - Création du tableau de bord principal
2025-03-12 01:11:28,770 - INFO - ui.dashboard - Navigation: Études
2025-03-12 01:11:33,122 - INFO - ui.dashboard - Navigation: Études
2025-03-12 01:11:44,723 - INFO - ui.dashboard - Création du tableau de bord principal
2025-03-12 01:11:49,571 - INFO - ui.dashboard - Navigation: Études
2025-03-12 01:17:41,167 - INFO - ui.dashboard - Création du tableau de bord principal
2025-03-12 01:17:52,868 - INFO - ui.dashboard - Navigation: Études
2025-03-12 01:21:10,348 - INFO - ui.dashboard - Navigation: Études
2025-03-12 01:21:12,077 - INFO - ui.dashboard - Navigation: Backtest
2025-03-12 01:21:13,077 - INFO - ui.dashboard - Navigation: Études
2025-03-12 01:25:15,909 - INFO - ui.dashboard - Création du tableau de bord principal
2025-03-12 01:25:21,295 - INFO - ui.dashboard - Navigation: Backtest
2025-03-12 01:25:21,955 - INFO - ui.dashboard - Navigation: Études
2025-03-12 01:26:08,421 - INFO - ui.dashboard - Création du tableau de bord principal
2025-03-12 01:36:56,885 - INFO - ui.dashboard - Création du tableau de bord principal
2025-03-12 01:37:01,240 - INFO - ui.dashboard - Création du tableau de bord principal
2025-03-12 01:37:26,221 - INFO - ui.dashboard - Navigation: Backtest
2025-03-12 01:37:27,470 - INFO - ui.dashboard - Navigation: Études
2025-03-12 01:45:26,226 - INFO - ui.dashboard - Création du tableau de bord principal
2025-03-12 01:45:29,602 - INFO - ui.dashboard - Création du tableau de bord principal
2025-03-12 01:45:35,171 - INFO - ui.dashboard - Navigation: Études
2025-03-12 01:57:30,256 - INFO - ui.dashboard - Création du tableau de bord principal
2025-03-12 01:57:33,522 - INFO - ui.dashboard - Création du tableau de bord principal
2025-03-12 02:01:11,188 - INFO - ui.dashboard - Création du tableau de bord principal
2025-03-12 02:02:37,960 - INFO - ui.dashboard - Création du tableau de bord principal
2025-03-12 02:02:47,612 - INFO - ui.dashboard - Navigation: Études
2025-03-12 02:04:42,449 - INFO - ui.dashboard - Création du tableau de bord principal
2025-03-12 02:04:50,832 - INFO - ui.dashboard - Création du tableau de bord principal
2025-03-12 02:05:30,786 - INFO - ui.dashboard - Création du tableau de bord principal
2025-03-12 02:05:37,956 - INFO - ui.dashboard - Création du tableau de bord principal
2025-03-12 02:05:42,997 - INFO - ui.dashboard - Création du tableau de bord principal
2025-03-12 02:05:47,449 - INFO - ui.dashboard - Navigation: Études
2025-03-12 02:06:48,584 - INFO - ui.dashboard - Création du tableau de bord principal
2025-03-12 02:06:53,528 - INFO - ui.dashboard - Navigation: Études
2025-03-12 02:07:35,050 - INFO - ui.dashboard - Création du tableau de bord principal
2025-03-12 02:07:40,605 - INFO - ui.dashboard - Navigation: Études
2025-03-12 02:24:13,833 - INFO - ui.dashboard - Création du tableau de bord principal
2025-03-12 02:26:36,036 - INFO - ui.dashboard - Création du tableau de bord principal
2025-03-12 02:27:05,304 - INFO - ui.dashboard - Création du tableau de bord principal
2025-03-12 02:27:30,832 - INFO - ui.dashboard - Création du tableau de bord principal
2025-03-12 02:28:48,277 - INFO - ui.dashboard - Création du tableau de bord principal
2025-03-12 02:29:06,622 - INFO - ui.dashboard - Création du tableau de bord principal
2025-03-12 02:31:42,137 - INFO - ui.dashboard - Création du tableau de bord principal
2025-03-12 02:31:45,162 - INFO - ui.dashboard - Création du tableau de bord principal
2025-03-12 02:33:24,152 - INFO - ui.dashboard - Création du tableau de bord principal
2025-03-12 02:34:25,102 - INFO - ui.dashboard - Création du tableau de bord principal
2025-03-12 02:34:47,426 - INFO - ui.dashboard - Création du tableau de bord principal
2025-03-12 02:45:33,464 - INFO - ui.dashboard - Création du tableau de bord principal
2025-03-12 02:45:58,990 - INFO - ui.dashboard - Création du tableau de bord principal
2025-03-12 02:46:04,905 - INFO - ui.dashboard - Navigation: Études
2025-03-12 02:49:53,827 - INFO - ui.dashboard - Création du tableau de bord principal
2025-03-12 02:49:57,194 - INFO - ui.dashboard - Création du tableau de bord principal
2025-03-12 02:50:09,016 - INFO - ui.dashboard - Navigation: Études
2025-03-12 02:53:50,654 - INFO - ui.dashboard - Création du tableau de bord principal
2025-03-12 02:53:53,927 - INFO - ui.dashboard - Création du tableau de bord principal
2025-03-12 02:54:21,374 - INFO - ui.dashboard - Navigation: Études
2025-03-12 12:53:31,848 - INFO - ui.dashboard - Création du tableau de bord principal
2025-03-12 12:53:35,730 - INFO - ui.dashboard - Création du tableau de bord principal
2025-03-12 12:53:54,333 - INFO - ui.dashboard - Navigation: Études
2025-03-12 13:04:31,131 - INFO - ui.dashboard - Création du tableau de bord principal
2025-03-12 13:04:36,720 - INFO - ui.dashboard - Navigation: Études
2025-03-12 13:09:22,389 - INFO - ui.dashboard - Création du tableau de bord principal
2025-03-12 13:09:25,900 - INFO - ui.dashboard - Création du tableau de bord principal
2025-03-12 13:12:18,999 - INFO - ui.dashboard - Création du tableau de bord principal
2025-03-12 13:12:30,438 - INFO - ui.dashboard - Création du tableau de bord principal
2025-03-12 13:12:33,689 - INFO - ui.dashboard - Création du tableau de bord principal
2025-03-12 13:12:45,461 - INFO - ui.dashboard - Navigation: Études
2025-03-12 13:18:35,359 - INFO - ui.dashboard - Navigation: Logs
2025-03-12 13:18:49,910 - INFO - ui.dashboard - Navigation: Backtest
2025-03-12 13:18:50,752 - INFO - ui.dashboard - Navigation: Données
2025-03-12 13:18:56,671 - INFO - ui.dashboard - Navigation: Stratégies
2025-03-12 13:19:00,417 - INFO - ui.dashboard - Navigation: Dashboard
2025-03-12 13:19:03,750 - INFO - ui.dashboard - Navigation: Données
2025-03-12 13:19:10,099 - INFO - ui.dashboard - Navigation: Logs
2025-03-12 13:19:11,298 - INFO - ui.dashboard - Navigation: Dashboard
2025-03-12 13:19:12,683 - INFO - ui.dashboard - Navigation: Études
2025-03-12 13:19:13,938 - INFO - ui.dashboard - Navigation: Études
2025-03-12 13:22:47,412 - INFO - ui.dashboard - Navigation: Études
2025-03-12 13:22:48,578 - INFO - ui.dashboard - Navigation: Études
2025-03-12 13:22:59,657 - INFO - ui.dashboard - Navigation: Études
2025-03-12 13:25:12,661 - INFO - ui.dashboard - Création du tableau de bord principal
2025-03-12 13:26:49,913 - INFO - ui.dashboard - Création du tableau de bord principal
2025-03-12 13:27:04,088 - INFO - ui.dashboard - Navigation: Études
2025-03-12 13:29:24,678 - INFO - ui.dashboard - Création du tableau de bord principal
2025-03-12 13:30:22,371 - INFO - ui.dashboard - Navigation: Logs
2025-03-12 13:30:23,038 - INFO - ui.dashboard - Navigation: Études
2025-03-12 13:41:16,085 - INFO - ui.dashboard - Création du tableau de bord principal
2025-03-12 13:42:25,750 - INFO - ui.dashboard - Création du tableau de bord principal
2025-03-12 13:42:30,623 - INFO - ui.dashboard - Navigation: Études
2025-03-12 13:47:16,354 - INFO - ui.dashboard - Navigation: Études
2025-03-12 13:49:00,619 - INFO - ui.dashboard - Création du tableau de bord principal
2025-03-12 13:49:32,626 - INFO - ui.dashboard - Création du tableau de bord principal
2025-03-12 13:53:23,351 - INFO - ui.dashboard - Création du tableau de bord principal
2025-03-12 13:53:26,435 - INFO - ui.dashboard - Création du tableau de bord principal
2025-03-12 13:55:39,630 - INFO - ui.dashboard - Création du tableau de bord principal
2025-03-12 13:57:13,411 - INFO - ui.dashboard - Création du tableau de bord principal
2025-03-12 13:57:20,899 - INFO - ui.dashboard - Navigation: Études
2025-03-12 13:58:08,728 - INFO - ui.dashboard - Création du tableau de bord principal
2025-03-12 13:58:22,219 - INFO - ui.dashboard - Navigation: Études
2025-03-12 13:58:58,702 - INFO - ui.dashboard - Création du tableau de bord principal
2025-03-12 13:59:10,969 - INFO - ui.dashboard - Navigation: Études
2025-03-12 14:06:15,232 - INFO - ui.dashboard - Création du tableau de bord principal
2025-03-12 14:06:21,384 - INFO - ui.dashboard - Navigation: Études
2025-03-12 14:06:40,404 - INFO - ui.dashboard - Création du tableau de bord principal
2025-03-12 14:06:45,407 - INFO - ui.dashboard - Navigation: Études
2025-03-12 14:10:43,642 - INFO - ui.dashboard - Création du tableau de bord principal
2025-03-12 14:10:50,582 - INFO - ui.dashboard - Navigation: Études
2025-03-12 14:15:21,125 - INFO - ui.dashboard - Création du tableau de bord principal
2025-03-12 14:15:42,903 - INFO - ui.dashboard - Navigation: Études
2025-03-12 14:34:40,667 - INFO - ui.dashboard - Création du tableau de bord principal
2025-03-12 14:34:44,214 - INFO - ui.dashboard - Création du tableau de bord principal
2025-03-12 14:34:50,715 - INFO - ui.dashboard - Navigation: Backtest
2025-03-12 14:34:51,448 - INFO - ui.dashboard - Navigation: Études
2025-03-12 14:53:42,222 - INFO - ui.dashboard - Création du tableau de bord principal
2025-03-12 14:53:47,174 - INFO - ui.dashboard - Navigation: Études
2025-03-12 14:57:04,934 - INFO - ui.dashboard - Création du tableau de bord principal
2025-03-12 14:57:15,856 - INFO - ui.dashboard - Navigation: Études
2025-03-12 15:00:08,002 - INFO - ui.dashboard - Création du tableau de bord principal
2025-03-12 15:00:13,415 - INFO - ui.dashboard - Navigation: Études
2025-03-12 15:03:30,563 - INFO - ui.dashboard - Création du tableau de bord principal
2025-03-12 15:03:47,137 - INFO - ui.dashboard - Navigation: Études
2025-03-12 15:04:29,922 - INFO - ui.dashboard - Création du tableau de bord principal
2025-03-12 15:04:36,044 - INFO - ui.dashboard - Navigation: Études
2025-03-12 15:06:09,194 - INFO - ui.dashboard - Création du tableau de bord principal
2025-03-12 15:06:14,118 - INFO - ui.dashboard - Navigation: Études
2025-03-12 15:06:36,023 - INFO - ui.dashboard - Création du tableau de bord principal
2025-03-12 15:06:41,089 - INFO - ui.dashboard - Navigation: Études
2025-03-12 15:15:04,609 - INFO - ui.dashboard - Création du tableau de bord principal
2025-03-12 15:26:30,248 - INFO - ui.dashboard - Navigation: Études
2025-03-12 17:15:25,063 - INFO - ui.dashboard - Création du tableau de bord principal
2025-03-12 17:15:28,279 - INFO - ui.dashboard - Création du tableau de bord principal
2025-03-12 17:15:34,840 - INFO - ui.dashboard - Navigation: Études
2025-03-12 18:13:04,484 - INFO - ui.dashboard - Création du tableau de bord principal
2025-03-12 18:13:12,210 - INFO - ui.dashboard - Navigation: Études
2025-03-12 18:20:22,998 - INFO - ui.dashboard - Création du tableau de bord principal
2025-03-12 18:20:38,738 - INFO - ui.dashboard - Navigation: Études
2025-03-12 18:20:56,152 - INFO - ui.dashboard - Création du tableau de bord principal
2025-03-12 18:21:08,229 - INFO - ui.dashboard - Navigation: Études
2025-03-12 18:21:17,948 - INFO - ui.dashboard - Création du tableau de bord principal
2025-03-12 18:21:22,955 - INFO - ui.dashboard - Navigation: Études
2025-03-12 18:26:05,170 - INFO - ui.dashboard - Création du tableau de bord principal
2025-03-12 18:26:25,542 - INFO - ui.dashboard - Création du tableau de bord principal
2025-03-12 18:26:30,529 - INFO - ui.dashboard - Création du tableau de bord principal
2025-03-12 18:26:36,296 - INFO - ui.dashboard - Navigation: Études
2025-03-12 18:33:55,568 - INFO - ui.dashboard - Création du tableau de bord principal
2025-03-12 18:34:02,930 - INFO - ui.dashboard - Navigation: Études
2025-03-12 18:37:48,156 - INFO - ui.dashboard - Création du tableau de bord principal
2025-03-12 18:37:54,948 - INFO - ui.dashboard - Création du tableau de bord principal
2025-03-12 18:38:08,338 - INFO - ui.dashboard - Navigation: Backtest
2025-03-12 18:38:08,934 - INFO - ui.dashboard - Navigation: Études
2025-03-12 22:54:53,175 - INFO - ui.dashboard - Création du tableau de bord principal
2025-03-12 22:55:19,094 - INFO - ui.dashboard - Navigation: Backtest
2025-03-12 22:55:21,201 - INFO - ui.dashboard - Navigation: Études
2025-03-12 22:58:09,792 - INFO - ui.dashboard - Création du tableau de bord principal
2025-03-12 22:58:22,131 - INFO - ui.dashboard - Création du tableau de bord principal
2025-03-12 23:02:24,612 - INFO - ui.dashboard - Navigation: Études
2025-03-12 23:09:01,879 - INFO - ui.dashboard - Création du tableau de bord principal
2025-03-12 23:11:00,681 - INFO - ui.dashboard - Création du tableau de bord principal
2025-03-12 23:11:09,290 - INFO - ui.dashboard - Création du tableau de bord principal
2025-03-12 23:12:31,434 - INFO - ui.dashboard - Création du tableau de bord principal
2025-03-12 23:34:32,973 - INFO - ui.dashboard - Création du tableau de bord principal
2025-03-12 23:34:35,958 - INFO - ui.dashboard - Création du tableau de bord principal
2025-03-12 23:34:40,969 - INFO - ui.dashboard - Navigation: Études
2025-03-12 23:47:10,400 - INFO - ui.dashboard - Création du tableau de bord principal
2025-03-12 23:47:13,402 - INFO - ui.dashboard - Création du tableau de bord principal
2025-03-12 23:47:22,629 - INFO - ui.dashboard - Navigation: Études
2025-03-12 23:52:25,689 - INFO - ui.dashboard - Création du tableau de bord principal
2025-03-12 23:52:30,099 - INFO - ui.dashboard - Navigation: Études
