2025-03-13 00:01:52,485 - INFO - ui.dashboard - Création du tableau de bord principal
2025-03-13 00:02:01,088 - INFO - ui.dashboard - Navigation: Études
2025-03-13 00:06:43,333 - INFO - ui.dashboard - Création du tableau de bord principal
2025-03-13 00:07:18,499 - INFO - ui.dashboard - Création du tableau de bord principal
2025-03-13 00:16:14,852 - INFO - ui.dashboard - Création du tableau de bord principal
2025-03-13 00:16:20,304 - INFO - ui.dashboard - Navigation: Études
2025-03-13 00:21:24,967 - INFO - ui.dashboard - Création du tableau de bord principal
2025-03-13 00:21:30,943 - INFO - ui.dashboard - Navigation: Études
2025-03-13 00:24:23,407 - INFO - ui.dashboard - Création du tableau de bord principal
2025-03-13 00:24:45,395 - INFO - ui.dashboard - Navigation: Logs
2025-03-13 00:24:45,984 - INFO - ui.dashboard - Navigation: Études
2025-03-13 00:25:39,696 - INFO - ui.dashboard - Création du tableau de bord principal
2025-03-13 00:25:49,729 - INFO - ui.dashboard - Navigation: Études
2025-03-13 00:28:05,749 - INFO - ui.dashboard - Création du tableau de bord principal
2025-03-13 00:28:41,958 - INFO - ui.dashboard - Création du tableau de bord principal
2025-03-13 00:28:44,773 - INFO - ui.dashboard - Création du tableau de bord principal
2025-03-13 00:28:50,435 - INFO - ui.dashboard - Navigation: Études
2025-03-13 00:30:49,035 - INFO - ui.dashboard - Création du tableau de bord principal
2025-03-13 00:30:57,820 - INFO - ui.dashboard - Navigation: Études
2025-03-13 00:34:40,069 - INFO - ui.dashboard - Création du tableau de bord principal
2025-03-13 00:34:45,012 - INFO - ui.dashboard - Navigation: Études
2025-03-13 00:40:12,947 - INFO - ui.dashboard - Création du tableau de bord principal
2025-03-13 00:40:17,660 - INFO - ui.dashboard - Navigation: Études
2025-03-13 00:40:41,960 - INFO - ui.dashboard - Création du tableau de bord principal
2025-03-13 00:41:21,194 - INFO - ui.dashboard - Création du tableau de bord principal
2025-03-13 00:42:10,778 - INFO - ui.dashboard - Création du tableau de bord principal
2025-03-13 00:42:15,825 - INFO - ui.dashboard - Création du tableau de bord principal
2025-03-13 00:42:22,523 - INFO - ui.dashboard - Création du tableau de bord principal
2025-03-13 00:42:26,761 - INFO - ui.dashboard - Navigation: Études
2025-03-13 00:43:45,073 - INFO - ui.dashboard - Création du tableau de bord principal
2025-03-13 00:43:51,957 - INFO - ui.dashboard - Navigation: Études
2025-03-13 00:44:02,375 - INFO - ui.dashboard - Navigation: Données
2025-03-13 00:44:04,082 - INFO - ui.dashboard - Navigation: Études
2025-03-13 00:45:36,901 - INFO - ui.dashboard - Création du tableau de bord principal
2025-03-13 00:45:42,761 - INFO - ui.dashboard - Navigation: Études
2025-03-13 00:46:27,482 - INFO - ui.dashboard - Création du tableau de bord principal
2025-03-13 00:46:30,209 - INFO - ui.dashboard - Création du tableau de bord principal
2025-03-13 00:47:20,639 - INFO - ui.dashboard - Création du tableau de bord principal
2025-03-13 00:50:34,494 - INFO - ui.dashboard - Création du tableau de bord principal
2025-03-13 00:52:22,851 - INFO - ui.dashboard - Création du tableau de bord principal
2025-03-13 00:52:36,768 - INFO - ui.dashboard - Création du tableau de bord principal
2025-03-13 00:52:50,792 - INFO - ui.dashboard - Création du tableau de bord principal
2025-03-13 00:54:28,986 - INFO - ui.dashboard - Création du tableau de bord principal
2025-03-13 00:54:56,990 - INFO - ui.dashboard - Création du tableau de bord principal
2025-03-13 00:55:16,776 - INFO - ui.dashboard - Création du tableau de bord principal
2025-03-13 00:55:21,296 - INFO - ui.dashboard - Navigation: Études
2025-03-13 01:00:23,528 - INFO - ui.dashboard - Création du tableau de bord principal
2025-03-13 01:00:44,546 - INFO - ui.dashboard - Création du tableau de bord principal
2025-03-13 01:01:12,531 - INFO - ui.dashboard - Création du tableau de bord principal
2025-03-13 01:01:20,123 - INFO - ui.dashboard - Navigation: Études
2025-03-13 01:04:02,881 - INFO - ui.dashboard - Création du tableau de bord principal
2025-03-13 01:04:19,689 - INFO - ui.dashboard - Création du tableau de bord principal
2025-03-13 01:04:24,052 - INFO - ui.dashboard - Navigation: Études
2025-03-13 01:07:10,422 - INFO - ui.dashboard - Création du tableau de bord principal
2025-03-13 01:07:14,275 - INFO - ui.dashboard - Création du tableau de bord principal
2025-03-13 01:07:17,171 - INFO - ui.dashboard - Création du tableau de bord principal
2025-03-13 01:12:56,242 - INFO - ui.dashboard - Création du tableau de bord principal
2025-03-13 01:13:32,659 - INFO - ui.dashboard - Création du tableau de bord principal
2025-03-13 01:14:08,715 - INFO - ui.dashboard - Création du tableau de bord principal
2025-03-13 01:14:16,527 - INFO - ui.dashboard - Création du tableau de bord principal
2025-03-13 01:14:47,993 - INFO - ui.dashboard - Création du tableau de bord principal
2025-03-13 01:14:53,194 - INFO - ui.dashboard - Création du tableau de bord principal
2025-03-13 01:15:01,167 - INFO - ui.dashboard - Création du tableau de bord principal
2025-03-13 01:16:28,965 - INFO - ui.dashboard - Création du tableau de bord principal
2025-03-13 01:17:12,941 - INFO - ui.dashboard - Navigation: Études
2025-03-13 01:17:42,313 - INFO - ui.dashboard - Création du tableau de bord principal
2025-03-13 01:17:50,909 - INFO - ui.dashboard - Création du tableau de bord principal
2025-03-13 01:18:07,082 - INFO - ui.dashboard - Création du tableau de bord principal
2025-03-13 01:18:11,757 - INFO - ui.dashboard - Navigation: Études
2025-03-13 01:20:18,450 - INFO - ui.dashboard - Création du tableau de bord principal
2025-03-13 01:20:49,687 - INFO - ui.dashboard - Création du tableau de bord principal
2025-03-13 01:21:04,617 - INFO - ui.dashboard - Création du tableau de bord principal
2025-03-13 01:21:13,540 - INFO - ui.dashboard - Navigation: Études
2025-03-13 01:22:26,988 - INFO - ui.dashboard - Création du tableau de bord principal
2025-03-13 01:22:31,919 - INFO - ui.dashboard - Navigation: Études
2025-03-13 01:24:36,564 - INFO - ui.dashboard - Création du tableau de bord principal
2025-03-13 01:24:39,440 - INFO - ui.dashboard - Création du tableau de bord principal
2025-03-13 01:28:29,670 - INFO - ui.dashboard - Création du tableau de bord principal
2025-03-13 01:28:38,477 - INFO - ui.dashboard - Navigation: Études
2025-03-13 01:33:21,795 - INFO - ui.dashboard - Création du tableau de bord principal
2025-03-13 01:33:25,091 - INFO - ui.dashboard - Création du tableau de bord principal
2025-03-13 09:13:39,031 - INFO - ui.dashboard - Création du tableau de bord principal
2025-03-13 09:13:42,838 - INFO - ui.dashboard - Création du tableau de bord principal
2025-03-13 09:14:28,662 - INFO - ui.dashboard - Création du tableau de bord principal
2025-03-13 09:14:38,191 - INFO - ui.dashboard - Création du tableau de bord principal
2025-03-13 09:18:01,725 - INFO - ui.dashboard - Création du tableau de bord principal
2025-03-13 09:19:51,215 - INFO - ui.dashboard - Création du tableau de bord principal
2025-03-13 09:20:46,612 - INFO - ui.dashboard - Création du tableau de bord principal
2025-03-13 09:21:21,721 - INFO - ui.dashboard - Création du tableau de bord principal
2025-03-13 09:22:07,146 - INFO - ui.dashboard - Création du tableau de bord principal
2025-03-13 09:23:28,544 - INFO - ui.dashboard - Création du tableau de bord principal
2025-03-13 09:23:36,719 - INFO - ui.dashboard - Création du tableau de bord principal
2025-03-13 09:24:33,850 - INFO - ui.dashboard - Création du tableau de bord principal
2025-03-13 09:24:37,964 - INFO - ui.dashboard - Création du tableau de bord principal
2025-03-13 09:24:43,812 - INFO - ui.dashboard - Navigation: Études
2025-03-13 09:25:39,584 - INFO - ui.dashboard - Création du tableau de bord principal
2025-03-13 09:25:44,891 - INFO - ui.dashboard - Navigation: Études
2025-03-13 09:27:29,800 - INFO - ui.dashboard - Création du tableau de bord principal
2025-03-13 09:27:36,045 - INFO - ui.dashboard - Navigation: Études
2025-03-13 09:28:12,614 - INFO - ui.dashboard - Création du tableau de bord principal
2025-03-13 09:28:27,950 - INFO - ui.dashboard - Navigation: Études
2025-03-13 09:29:42,034 - INFO - ui.dashboard - Création du tableau de bord principal
2025-03-13 09:31:21,931 - INFO - ui.dashboard - Création du tableau de bord principal
2025-03-13 09:31:25,694 - INFO - ui.dashboard - Création du tableau de bord principal
2025-03-13 09:31:32,702 - INFO - ui.dashboard - Navigation: Études
2025-03-13 09:35:22,576 - INFO - ui.dashboard - Création du tableau de bord principal
2025-03-13 09:35:26,074 - INFO - ui.dashboard - Création du tableau de bord principal
2025-03-13 09:35:31,548 - INFO - ui.dashboard - Navigation: Études
2025-03-13 09:37:05,897 - INFO - ui.dashboard - Création du tableau de bord principal
2025-03-13 09:37:51,532 - INFO - ui.dashboard - Création du tableau de bord principal
2025-03-13 09:37:56,474 - INFO - ui.dashboard - Navigation: Études
2025-03-13 09:39:31,252 - INFO - ui.dashboard - Création du tableau de bord principal
2025-03-13 09:39:36,314 - INFO - ui.dashboard - Navigation: Études
2025-03-13 09:40:13,569 - INFO - ui.dashboard - Création du tableau de bord principal
2025-03-13 09:40:18,271 - INFO - ui.dashboard - Navigation: Études
2025-03-13 09:41:41,030 - INFO - ui.dashboard - Création du tableau de bord principal
2025-03-13 09:41:50,932 - INFO - ui.dashboard - Navigation: Études
2025-03-13 09:42:10,691 - INFO - ui.dashboard - Création du tableau de bord principal
2025-03-13 09:42:15,742 - INFO - ui.dashboard - Navigation: Études
2025-03-13 09:43:12,682 - INFO - ui.dashboard - Création du tableau de bord principal
2025-03-13 09:43:19,411 - INFO - ui.dashboard - Création du tableau de bord principal
2025-03-13 09:43:48,684 - INFO - ui.dashboard - Création du tableau de bord principal
2025-03-13 09:43:54,793 - INFO - ui.dashboard - Navigation: Backtest
2025-03-13 09:43:57,001 - INFO - ui.dashboard - Navigation: Études
2025-03-13 10:09:10,366 - INFO - ui.dashboard - Création du tableau de bord principal
2025-03-13 10:09:16,846 - INFO - ui.dashboard - Création du tableau de bord principal
2025-03-13 10:10:53,150 - INFO - ui.dashboard - Création du tableau de bord principal
2025-03-13 10:11:59,127 - INFO - ui.dashboard - Création du tableau de bord principal
2025-03-13 10:16:19,412 - INFO - ui.dashboard - Création du tableau de bord principal
2025-03-13 10:16:29,442 - INFO - ui.dashboard - Navigation: Études
2025-03-13 10:18:24,698 - INFO - ui.dashboard - Création du tableau de bord principal
2025-03-13 10:18:31,076 - INFO - ui.dashboard - Navigation: Backtest
2025-03-13 10:18:32,103 - INFO - ui.dashboard - Navigation: Études
2025-03-13 10:19:52,281 - INFO - ui.dashboard - Création du tableau de bord principal
2025-03-13 10:19:57,457 - INFO - ui.dashboard - Navigation: Études
2025-03-13 10:24:26,921 - INFO - ui.dashboard - Création du tableau de bord principal
2025-03-13 10:30:30,993 - INFO - ui.dashboard - Création du tableau de bord principal
2025-03-13 10:30:35,860 - INFO - ui.dashboard - Navigation: Études
2025-03-13 10:31:49,163 - INFO - ui.dashboard - Création du tableau de bord principal
2025-03-13 10:32:57,553 - INFO - ui.dashboard - Création du tableau de bord principal
2025-03-13 10:33:14,439 - INFO - ui.dashboard - Navigation: Études
2025-03-13 10:47:53,308 - INFO - ui.dashboard - Création du tableau de bord principal
2025-03-13 10:47:57,872 - INFO - ui.dashboard - Création du tableau de bord principal
2025-03-13 10:48:45,531 - INFO - ui.dashboard - Navigation: Études
2025-03-13 10:54:47,063 - INFO - ui.dashboard - Création du tableau de bord principal
2025-03-13 10:56:40,506 - INFO - ui.dashboard - Navigation: Études
2025-03-13 12:05:51,191 - INFO - ui.dashboard - Création du tableau de bord principal
2025-03-13 12:14:18,461 - INFO - ui.dashboard - Création du tableau de bord principal
2025-03-13 12:14:21,068 - INFO - ui.dashboard - Création du tableau de bord principal
2025-03-13 12:14:43,714 - INFO - ui.dashboard - Création du tableau de bord principal
2025-03-13 12:14:50,064 - INFO - ui.dashboard - Création du tableau de bord principal
2025-03-13 12:16:15,456 - INFO - ui.dashboard - Création du tableau de bord principal
2025-03-13 12:16:18,851 - INFO - ui.dashboard - Création du tableau de bord principal
2025-03-13 12:17:59,660 - INFO - ui.dashboard - Navigation: Études
2025-03-13 12:37:56,506 - INFO - ui.dashboard - Création du tableau de bord principal
2025-03-13 12:37:59,397 - INFO - ui.dashboard - Création du tableau de bord principal
2025-03-13 12:41:29,019 - INFO - ui.dashboard - Création du tableau de bord principal
2025-03-13 12:41:54,989 - INFO - ui.dashboard - Création du tableau de bord principal
2025-03-13 12:41:59,911 - INFO - ui.dashboard - Navigation: Études
2025-03-13 12:47:17,085 - INFO - ui.dashboard - Création du tableau de bord principal
2025-03-13 12:47:27,660 - INFO - ui.dashboard - Navigation: Études
2025-03-13 12:49:25,853 - INFO - ui.dashboard - Création du tableau de bord principal
2025-03-13 12:49:36,367 - INFO - ui.dashboard - Création du tableau de bord principal
2025-03-13 12:49:42,706 - INFO - ui.dashboard - Création du tableau de bord principal
2025-03-13 12:49:48,988 - INFO - ui.dashboard - Création du tableau de bord principal
2025-03-13 12:49:55,285 - INFO - ui.dashboard - Création du tableau de bord principal
2025-03-13 12:52:04,210 - INFO - ui.dashboard - Navigation: Études
2025-03-13 12:56:18,868 - INFO - ui.dashboard - Création du tableau de bord principal
2025-03-13 12:56:33,789 - INFO - ui.dashboard - Navigation: Études
2025-03-13 12:56:59,675 - INFO - ui.dashboard - Création du tableau de bord principal
2025-03-13 12:58:03,647 - INFO - ui.dashboard - Création du tableau de bord principal
2025-03-13 12:58:26,390 - INFO - ui.dashboard - Création du tableau de bord principal
2025-03-13 12:58:31,643 - INFO - ui.dashboard - Navigation: Études
2025-03-13 12:59:27,629 - INFO - ui.dashboard - Création du tableau de bord principal
2025-03-13 13:00:24,605 - INFO - ui.dashboard - Création du tableau de bord principal
2025-03-13 13:00:30,952 - INFO - ui.dashboard - Création du tableau de bord principal
2025-03-13 13:00:35,212 - INFO - ui.dashboard - Navigation: Études
2025-03-13 13:01:17,938 - INFO - ui.dashboard - Création du tableau de bord principal
2025-03-13 13:01:30,453 - INFO - ui.dashboard - Création du tableau de bord principal
2025-03-13 13:01:41,168 - INFO - ui.dashboard - Création du tableau de bord principal
2025-03-13 13:01:45,809 - INFO - ui.dashboard - Navigation: Études
2025-03-13 13:02:05,158 - INFO - ui.dashboard - Création du tableau de bord principal
2025-03-13 13:02:25,766 - INFO - ui.dashboard - Création du tableau de bord principal
2025-03-13 13:02:32,567 - INFO - ui.dashboard - Navigation: Backtest
2025-03-13 13:02:33,263 - INFO - ui.dashboard - Navigation: Études
2025-03-13 13:03:08,564 - INFO - ui.dashboard - Création du tableau de bord principal
2025-03-13 13:03:18,357 - INFO - ui.dashboard - Création du tableau de bord principal
2025-03-13 13:03:23,535 - INFO - ui.dashboard - Navigation: Études
2025-03-13 13:04:11,978 - INFO - ui.dashboard - Création du tableau de bord principal
2025-03-13 13:04:18,238 - INFO - ui.dashboard - Navigation: Études
2025-03-13 13:04:34,948 - INFO - ui.dashboard - Création du tableau de bord principal
2025-03-13 13:04:39,483 - INFO - ui.dashboard - Navigation: Études
2025-03-13 13:04:50,549 - INFO - ui.dashboard - Création du tableau de bord principal
2025-03-13 13:05:03,048 - INFO - ui.dashboard - Création du tableau de bord principal
2025-03-13 13:05:27,776 - INFO - ui.dashboard - Création du tableau de bord principal
2025-03-13 13:05:31,969 - INFO - ui.dashboard - Navigation: Études
2025-03-13 13:06:50,691 - INFO - ui.dashboard - Création du tableau de bord principal
2025-03-13 13:06:55,700 - INFO - ui.dashboard - Navigation: Études
2025-03-13 13:07:21,718 - INFO - ui.dashboard - Création du tableau de bord principal
2025-03-13 13:09:55,327 - INFO - ui.dashboard - Création du tableau de bord principal
2025-03-13 13:09:59,518 - INFO - ui.dashboard - Navigation: Études
2025-03-13 13:11:48,506 - INFO - ui.dashboard - Création du tableau de bord principal
2025-03-13 13:11:52,671 - INFO - ui.dashboard - Navigation: Études
2025-03-13 13:16:59,921 - INFO - ui.dashboard - Création du tableau de bord principal
2025-03-13 13:17:26,507 - INFO - ui.dashboard - Création du tableau de bord principal
2025-03-13 13:17:40,009 - INFO - ui.dashboard - Création du tableau de bord principal
2025-03-13 13:17:58,614 - INFO - ui.dashboard - Navigation: Études
2025-03-13 13:18:25,260 - INFO - ui.dashboard - Création du tableau de bord principal
2025-03-13 13:18:30,893 - INFO - ui.dashboard - Navigation: Études
2025-03-13 13:21:34,130 - INFO - ui.dashboard - Création du tableau de bord principal
2025-03-13 13:22:36,604 - INFO - ui.dashboard - Création du tableau de bord principal
2025-03-13 13:22:45,113 - INFO - ui.dashboard - Navigation: Études
2025-03-13 13:29:57,198 - INFO - ui.dashboard - Création du tableau de bord principal
2025-03-13 13:33:26,630 - INFO - ui.dashboard - Création du tableau de bord principal
2025-03-13 13:33:31,131 - INFO - ui.dashboard - Navigation: Études
2025-03-13 13:49:07,569 - INFO - ui.dashboard - Création du tableau de bord principal
2025-03-13 13:49:17,724 - INFO - ui.dashboard - Navigation: Études
2025-03-13 13:52:49,856 - INFO - ui.dashboard - Création du tableau de bord principal
2025-03-13 13:53:40,736 - INFO - ui.dashboard - Création du tableau de bord principal
2025-03-13 13:54:00,920 - INFO - ui.dashboard - Navigation: Backtest
2025-03-13 13:54:01,517 - INFO - ui.dashboard - Navigation: Études
2025-03-13 13:54:34,831 - INFO - ui.dashboard - Création du tableau de bord principal
2025-03-13 13:56:31,480 - INFO - ui.dashboard - Création du tableau de bord principal
2025-03-13 13:56:37,066 - INFO - ui.dashboard - Navigation: Études
2025-03-13 13:57:19,661 - INFO - ui.dashboard - Création du tableau de bord principal
2025-03-13 13:57:25,233 - INFO - ui.dashboard - Navigation: Backtest
2025-03-13 13:57:26,120 - INFO - ui.dashboard - Navigation: Études
2025-03-13 13:59:18,444 - INFO - ui.dashboard - Création du tableau de bord principal
2025-03-13 13:59:24,916 - INFO - ui.dashboard - Création du tableau de bord principal
2025-03-13 13:59:29,085 - INFO - ui.dashboard - Navigation: Études
2025-03-13 14:01:18,999 - INFO - ui.dashboard - Création du tableau de bord principal
2025-03-13 14:01:28,590 - INFO - ui.dashboard - Création du tableau de bord principal
2025-03-13 14:02:17,235 - INFO - ui.dashboard - Création du tableau de bord principal
2025-03-13 14:02:42,384 - INFO - ui.dashboard - Création du tableau de bord principal
2025-03-13 14:03:31,707 - INFO - ui.dashboard - Création du tableau de bord principal
2025-03-13 14:04:21,427 - INFO - ui.dashboard - Création du tableau de bord principal
2025-03-13 14:05:10,785 - INFO - ui.dashboard - Création du tableau de bord principal
2025-03-13 14:05:23,748 - INFO - ui.dashboard - Création du tableau de bord principal
2025-03-13 14:06:01,526 - INFO - ui.dashboard - Création du tableau de bord principal
2025-03-13 14:06:07,956 - INFO - ui.dashboard - Création du tableau de bord principal
2025-03-13 14:06:37,379 - INFO - ui.dashboard - Création du tableau de bord principal
2025-03-13 14:09:56,789 - INFO - ui.dashboard - Création du tableau de bord principal
2025-03-13 14:10:17,875 - INFO - ui.dashboard - Navigation: Études
2025-03-13 14:11:37,541 - INFO - ui.dashboard - Création du tableau de bord principal
2025-03-13 14:12:28,109 - INFO - ui.dashboard - Navigation: Études
2025-03-13 14:12:45,456 - INFO - ui.dashboard - Création du tableau de bord principal
2025-03-13 14:13:41,239 - INFO - ui.dashboard - Création du tableau de bord principal
2025-03-13 14:13:47,381 - INFO - ui.dashboard - Création du tableau de bord principal
2025-03-13 14:14:27,327 - INFO - ui.dashboard - Création du tableau de bord principal
2025-03-13 14:15:12,350 - INFO - ui.dashboard - Création du tableau de bord principal
2025-03-13 14:15:34,643 - INFO - ui.dashboard - Création du tableau de bord principal
2025-03-13 14:16:08,381 - INFO - ui.dashboard - Création du tableau de bord principal
2025-03-13 14:16:15,234 - INFO - ui.dashboard - Création du tableau de bord principal
2025-03-13 14:16:20,135 - INFO - ui.dashboard - Navigation: Études
2025-03-13 14:16:52,449 - INFO - ui.dashboard - Création du tableau de bord principal
2025-03-13 14:17:01,958 - INFO - ui.dashboard - Navigation: Études
2025-03-13 14:18:32,213 - INFO - ui.dashboard - Création du tableau de bord principal
2025-03-13 14:22:43,354 - INFO - ui.dashboard - Création du tableau de bord principal
2025-03-13 14:22:51,403 - INFO - ui.dashboard - Création du tableau de bord principal
2025-03-13 14:23:22,006 - INFO - ui.dashboard - Création du tableau de bord principal
2025-03-13 14:23:31,123 - INFO - ui.dashboard - Navigation: Études
2025-03-13 14:28:49,304 - INFO - ui.dashboard - Création du tableau de bord principal
2025-03-13 14:29:01,174 - INFO - ui.dashboard - Navigation: Études
2025-03-13 14:29:30,131 - INFO - ui.dashboard - Création du tableau de bord principal
2025-03-13 14:29:39,330 - INFO - ui.dashboard - Création du tableau de bord principal
2025-03-13 14:29:44,046 - INFO - ui.dashboard - Navigation: Études
2025-03-13 14:43:15,406 - INFO - ui.dashboard - Création du tableau de bord principal
2025-03-13 14:43:18,614 - INFO - ui.dashboard - Création du tableau de bord principal
2025-03-13 14:43:23,343 - INFO - ui.dashboard - Navigation: Études
2025-03-13 14:48:04,725 - INFO - ui.dashboard - Création du tableau de bord principal
2025-03-13 14:48:07,735 - INFO - ui.dashboard - Création du tableau de bord principal
2025-03-13 14:49:30,905 - INFO - ui.dashboard - Création du tableau de bord principal
2025-03-13 15:03:09,842 - INFO - ui.dashboard - Création du tableau de bord principal
2025-03-13 15:03:27,753 - INFO - ui.dashboard - Navigation: Études
2025-03-13 15:04:51,889 - INFO - ui.dashboard - Création du tableau de bord principal
2025-03-13 15:04:57,265 - INFO - ui.dashboard - Navigation: Études
2025-03-13 15:06:15,435 - INFO - ui.dashboard - Création du tableau de bord principal
2025-03-13 15:06:21,110 - INFO - ui.dashboard - Navigation: Études
2025-03-13 15:16:49,468 - INFO - ui.dashboard - Création du tableau de bord principal
2025-03-13 15:16:58,972 - INFO - ui.dashboard - Navigation: Backtest
2025-03-13 15:16:59,601 - INFO - ui.dashboard - Navigation: Études
2025-03-13 15:20:49,736 - INFO - ui.dashboard - Création du tableau de bord principal
2025-03-13 15:21:36,146 - INFO - ui.dashboard - Création du tableau de bord principal
2025-03-13 15:21:51,480 - INFO - ui.dashboard - Navigation: Études
2025-03-13 15:22:37,264 - INFO - ui.dashboard - Création du tableau de bord principal
2025-03-13 15:22:43,995 - INFO - ui.dashboard - Navigation: Études
2025-03-13 15:24:07,767 - INFO - ui.dashboard - Création du tableau de bord principal
2025-03-13 15:24:17,440 - INFO - ui.dashboard - Navigation: Études
2025-03-13 15:26:11,793 - INFO - ui.dashboard - Création du tableau de bord principal
2025-03-13 15:26:16,514 - INFO - ui.dashboard - Navigation: Études
2025-03-13 15:30:03,177 - INFO - ui.dashboard - Création du tableau de bord principal
2025-03-13 15:30:46,497 - INFO - ui.dashboard - Création du tableau de bord principal
2025-03-13 15:31:23,348 - INFO - ui.dashboard - Création du tableau de bord principal
2025-03-13 15:31:58,781 - INFO - ui.dashboard - Création du tableau de bord principal
2025-03-13 15:32:08,296 - INFO - ui.dashboard - Création du tableau de bord principal
2025-03-13 15:32:13,369 - INFO - ui.dashboard - Navigation: Études
2025-03-13 15:39:13,606 - INFO - ui.dashboard - Création du tableau de bord principal
2025-03-13 15:39:34,742 - INFO - ui.dashboard - Création du tableau de bord principal
2025-03-13 15:40:05,720 - INFO - ui.dashboard - Navigation: Études
2025-03-13 15:40:43,736 - INFO - ui.dashboard - Création du tableau de bord principal
2025-03-13 15:40:48,895 - INFO - ui.dashboard - Création du tableau de bord principal
2025-03-13 15:40:54,022 - INFO - ui.dashboard - Création du tableau de bord principal
2025-03-13 15:40:58,756 - INFO - ui.dashboard - Navigation: Backtest
2025-03-13 15:40:59,904 - INFO - ui.dashboard - Navigation: Données
2025-03-13 15:41:00,703 - INFO - ui.dashboard - Navigation: Études
2025-03-13 15:41:19,804 - INFO - ui.dashboard - Création du tableau de bord principal
2025-03-13 15:43:12,857 - INFO - ui.dashboard - Création du tableau de bord principal
2025-03-13 15:43:27,652 - INFO - ui.dashboard - Navigation: Études
2025-03-13 15:44:57,596 - INFO - ui.dashboard - Création du tableau de bord principal
2025-03-13 15:45:00,899 - INFO - ui.dashboard - Création du tableau de bord principal
2025-03-13 15:45:18,322 - INFO - ui.dashboard - Navigation: Études
2025-03-13 15:45:49,537 - INFO - ui.dashboard - Création du tableau de bord principal
2025-03-13 15:45:53,545 - INFO - ui.dashboard - Création du tableau de bord principal
2025-03-13 15:45:58,514 - INFO - ui.dashboard - Navigation: Études
2025-03-13 15:46:18,801 - INFO - ui.dashboard - Création du tableau de bord principal
2025-03-13 15:47:12,589 - INFO - ui.dashboard - Création du tableau de bord principal
2025-03-13 15:47:22,431 - INFO - ui.dashboard - Navigation: Backtest
2025-03-13 15:47:23,614 - INFO - ui.dashboard - Navigation: Études
2025-03-13 15:47:57,731 - INFO - ui.dashboard - Création du tableau de bord principal
2025-03-13 15:48:17,915 - INFO - ui.dashboard - Création du tableau de bord principal
2025-03-13 15:48:31,647 - INFO - ui.dashboard - Création du tableau de bord principal
2025-03-13 15:49:06,816 - INFO - ui.dashboard - Création du tableau de bord principal
2025-03-13 15:49:12,165 - INFO - ui.dashboard - Navigation: Études
2025-03-13 15:53:20,416 - INFO - ui.dashboard - Création du tableau de bord principal
2025-03-13 15:53:34,665 - INFO - ui.dashboard - Navigation: Études
2025-03-13 15:57:52,503 - INFO - ui.dashboard - Création du tableau de bord principal
2025-03-13 15:58:08,768 - INFO - ui.dashboard - Création du tableau de bord principal
2025-03-13 15:58:14,683 - INFO - ui.dashboard - Navigation: Études
2025-03-13 15:58:35,938 - INFO - ui.dashboard - Création du tableau de bord principal
2025-03-13 17:40:15,278 - INFO - ui.dashboard - Création du tableau de bord principal
2025-03-13 17:42:55,298 - INFO - ui.dashboard - Création du tableau de bord principal
2025-03-13 17:43:41,846 - INFO - ui.dashboard - Création du tableau de bord principal
2025-03-13 17:51:17,356 - INFO - ui.dashboard - Création du tableau de bord principal
2025-03-13 17:51:22,211 - INFO - ui.dashboard - Création du tableau de bord principal
2025-03-13 17:51:28,446 - INFO - ui.dashboard - Navigation: Études
2025-03-13 18:02:24,808 - INFO - ui.dashboard - Création du tableau de bord principal
2025-03-13 18:02:29,456 - INFO - ui.dashboard - Création du tableau de bord principal
2025-03-13 18:16:53,119 - INFO - ui.dashboard - Navigation: Backtest
2025-03-13 18:16:53,959 - INFO - ui.dashboard - Navigation: Études
2025-03-13 18:25:55,098 - INFO - ui.dashboard - Création du tableau de bord principal
2025-03-13 18:26:58,822 - INFO - ui.dashboard - Création du tableau de bord principal
2025-03-13 18:27:12,710 - INFO - ui.dashboard - Création du tableau de bord principal
2025-03-13 18:53:01,360 - INFO - ui.dashboard - Création du tableau de bord principal
2025-03-13 18:53:32,290 - INFO - ui.dashboard - Création du tableau de bord principal
2025-03-13 18:54:10,157 - INFO - ui.dashboard - Création du tableau de bord principal
2025-03-13 18:59:32,075 - INFO - ui.dashboard - Création du tableau de bord principal
2025-03-13 18:59:36,676 - INFO - ui.dashboard - Navigation: Études
2025-03-13 19:01:45,913 - INFO - ui.dashboard - Création du tableau de bord principal
2025-03-13 19:01:51,097 - INFO - ui.dashboard - Navigation: Études
2025-03-13 19:04:15,843 - INFO - ui.dashboard - Création du tableau de bord principal
2025-03-13 19:05:55,797 - INFO - ui.dashboard - Création du tableau de bord principal
2025-03-13 19:05:58,983 - INFO - ui.dashboard - Création du tableau de bord principal
2025-03-13 19:06:03,879 - INFO - ui.dashboard - Navigation: Backtest
2025-03-13 19:06:07,207 - INFO - ui.dashboard - Navigation: Études
2025-03-13 19:06:42,337 - INFO - ui.dashboard - Création du tableau de bord principal
2025-03-13 19:06:47,054 - INFO - ui.dashboard - Création du tableau de bord principal
2025-03-13 19:06:52,166 - INFO - ui.dashboard - Navigation: Études
2025-03-13 19:07:46,467 - INFO - ui.dashboard - Création du tableau de bord principal
2025-03-13 19:07:49,474 - INFO - ui.dashboard - Création du tableau de bord principal
2025-03-13 19:08:00,785 - INFO - ui.dashboard - Navigation: Études
2025-03-13 19:08:26,106 - INFO - ui.dashboard - Création du tableau de bord principal
2025-03-13 19:08:28,717 - INFO - ui.dashboard - Création du tableau de bord principal
2025-03-13 19:16:49,248 - INFO - ui.dashboard - Navigation: Études
2025-03-13 19:24:26,745 - INFO - ui.dashboard - Création du tableau de bord principal
2025-03-13 19:26:31,220 - INFO - ui.dashboard - Création du tableau de bord principal
2025-03-13 19:26:42,464 - INFO - ui.dashboard - Création du tableau de bord principal
2025-03-13 19:32:24,680 - INFO - ui.dashboard - Création du tableau de bord principal
2025-03-13 19:40:10,133 - INFO - ui.dashboard - Création du tableau de bord principal
2025-03-13 19:40:35,920 - INFO - ui.dashboard - Création du tableau de bord principal
2025-03-13 19:40:41,249 - INFO - ui.dashboard - Navigation: Études
2025-03-13 20:01:56,579 - INFO - ui.dashboard - Création du tableau de bord principal
2025-03-13 20:02:55,668 - INFO - ui.dashboard - Création du tableau de bord principal
2025-03-13 20:03:42,849 - INFO - ui.dashboard - Création du tableau de bord principal
2025-03-13 20:04:03,664 - INFO - ui.dashboard - Création du tableau de bord principal
2025-03-13 20:04:20,068 - INFO - ui.dashboard - Création du tableau de bord principal
2025-03-13 20:04:22,688 - INFO - ui.dashboard - Création du tableau de bord principal
2025-03-13 20:04:34,922 - INFO - ui.dashboard - Navigation: Études
