2025-03-10 12:20:51,236 - INFO - ui.data_actions - Enregistrement des callbacks pour actions sur les données
2025-03-10 12:21:00,887 - ERROR - ui.data_actions - Erreur lors de la suppression: Unterminated string starting at: line 1 column 13 (char 12)
2025-03-10 12:21:23,062 - INFO - ui.data_actions - Enregistrement des callbacks pour actions sur les données
2025-03-10 12:21:30,583 - ERROR - ui.data_actions - Erreur lors de la suppression: Unterminated string starting at: line 1 column 13 (char 12)
2025-03-10 12:22:48,503 - INFO - ui.data_actions - Enregistrement des callbacks pour actions sur les données
2025-03-10 12:23:53,424 - INFO - ui.data_actions - Enregistrement des callbacks pour actions sur les données
2025-03-10 12:23:59,827 - ERROR - ui.data_actions - Erreur lors de la suppression: Unterminated string starting at: line 1 column 13 (char 12)
2025-03-10 12:24:08,728 - ERROR - ui.data_actions - Erreur lors de la suppression: Unterminated string starting at: line 1 column 13 (char 12)
2025-03-10 12:24:54,915 - INFO - ui.data_actions - Enregistrement des callbacks pour actions sur les données
2025-03-10 12:25:11,518 - INFO - ui.data_actions - Enregistrement des callbacks pour actions sur les données
2025-03-10 12:25:20,857 - ERROR - ui.data_actions - Erreur lors de la suppression: Unterminated string starting at: line 1 column 13 (char 12)
2025-03-10 12:25:59,306 - INFO - ui.data_actions - Enregistrement des callbacks pour actions sur les données
2025-03-10 12:26:25,360 - ERROR - ui.data_actions - Erreur lors de la suppression: Unterminated string starting at: line 1 column 13 (char 12)
2025-03-10 12:26:40,056 - INFO - ui.data_actions - Enregistrement des callbacks pour actions sur les données
2025-03-10 12:26:40,159 - ERROR - ui.data_actions - Erreur lors de la suppression: Extra data: line 1 column 83 (char 82)
2025-03-10 12:26:48,128 - ERROR - ui.data_actions - Erreur lors de la suppression: Extra data: line 1 column 83 (char 82)
2025-03-10 12:26:58,747 - INFO - ui.data_actions - Enregistrement des callbacks pour actions sur les données
2025-03-10 12:27:39,889 - INFO - ui.data_actions - Enregistrement des callbacks pour actions sur les données
2025-03-10 12:27:47,695 - INFO - ui.data_actions - Enregistrement des callbacks pour actions sur les données
2025-03-10 12:27:53,664 - INFO - ui.data_actions - Enregistrement des callbacks pour actions sur les données
2025-03-10 12:28:02,626 - INFO - ui.data_actions - Tentative de suppression du fichier: BTC_USDT_15m_bitget_20250208.csv
2025-03-10 12:28:02,629 - INFO - ui.data_actions - Fichier supprimé avec succès: BTC_USDT_15m_bitget_20250208.csv
2025-03-10 12:28:04,436 - INFO - ui.data_actions - Tentative de suppression du fichier: BTC_USDT_1m_bitget_20250208.csv
2025-03-10 12:28:04,438 - INFO - ui.data_actions - Fichier supprimé avec succès: BTC_USDT_1m_bitget_20250208.csv
2025-03-10 12:29:17,566 - INFO - ui.data_actions - Enregistrement des callbacks pour actions sur les données
2025-03-10 12:32:18,978 - INFO - ui.data_actions - Enregistrement des callbacks pour actions sur les données
2025-03-10 12:32:21,964 - INFO - ui.data_actions - Enregistrement des callbacks pour actions sur les données
2025-03-10 12:34:28,063 - INFO - ui.data_actions - Enregistrement des callbacks pour actions sur les données
2025-03-10 12:35:50,577 - INFO - ui.data_actions - Enregistrement des callbacks pour actions sur les données
2025-03-10 12:35:52,829 - INFO - ui.data_actions - Enregistrement des callbacks pour actions sur les données
2025-03-10 12:36:37,675 - INFO - ui.data_actions - Enregistrement des callbacks pour actions sur les données
2025-03-10 12:39:05,542 - INFO - ui.data_actions - Enregistrement des callbacks pour actions sur les données
2025-03-10 12:39:08,391 - INFO - ui.data_actions - Enregistrement des callbacks pour actions sur les données
2025-03-10 12:39:37,504 - INFO - ui.data_actions - Enregistrement des callbacks pour actions sur les données
2025-03-10 12:40:31,545 - INFO - ui.data_actions - Enregistrement des callbacks pour actions sur les données
2025-03-10 12:41:31,596 - INFO - ui.data_actions - Enregistrement des callbacks pour actions sur les données
2025-03-10 12:45:47,295 - INFO - ui.data_actions - Enregistrement des callbacks pour actions sur les données
2025-03-10 12:46:51,645 - INFO - ui.data_actions - Enregistrement des callbacks pour actions sur les données
2025-03-10 12:48:14,702 - INFO - ui.data_actions - Enregistrement des callbacks pour actions sur les données
2025-03-10 12:48:17,153 - INFO - ui.data_actions - Enregistrement des callbacks pour actions sur les données
2025-03-10 12:49:01,721 - INFO - ui.data_actions - Enregistrement des callbacks pour actions sur les données
2025-03-10 12:49:45,933 - INFO - ui.data_actions - Enregistrement des callbacks pour actions sur les données
2025-03-10 12:50:01,979 - INFO - ui.data_actions - Enregistrement des callbacks pour actions sur les données
2025-03-10 16:32:22,806 - INFO - ui.data_actions - Enregistrement des callbacks pour actions sur les données
2025-03-10 16:32:27,271 - INFO - ui.data_actions - Enregistrement des callbacks pour actions sur les données
2025-03-10 16:49:56,621 - INFO - ui.data_actions - Enregistrement des callbacks pour actions sur les données
2025-03-10 16:50:00,281 - INFO - ui.data_actions - Enregistrement des callbacks pour actions sur les données
2025-03-10 16:50:33,333 - INFO - ui.data_actions - Enregistrement des callbacks pour actions sur les données
2025-03-10 16:51:17,922 - INFO - ui.data_actions - Enregistrement des callbacks pour actions sur les données
2025-03-10 16:51:21,675 - INFO - ui.data_actions - Enregistrement des callbacks pour actions sur les données
2025-03-10 16:51:36,391 - INFO - ui.data_actions - Enregistrement des callbacks pour actions sur les données
2025-03-10 16:53:03,572 - INFO - ui.data_actions - Enregistrement des callbacks pour actions sur les données
2025-03-10 16:53:07,382 - INFO - ui.data_actions - Enregistrement des callbacks pour actions sur les données
2025-03-10 16:56:18,463 - INFO - ui.data_actions - Enregistrement des callbacks pour actions sur les données
2025-03-10 16:58:24,056 - INFO - ui.data_actions - Enregistrement des callbacks pour actions sur les données
2025-03-10 16:59:49,508 - INFO - ui.data_actions - Enregistrement des callbacks pour actions sur les données
2025-03-10 17:00:51,092 - INFO - ui.data_actions - Enregistrement des callbacks pour actions sur les données
2025-03-10 17:04:00,656 - INFO - ui.data_actions - Enregistrement des callbacks pour actions sur les données
2025-03-10 17:04:20,602 - INFO - ui.data_actions - Enregistrement des callbacks pour actions sur les données
2025-03-10 17:05:27,606 - INFO - ui.data_actions - Enregistrement des callbacks pour actions sur les données
2025-03-10 17:07:02,736 - INFO - ui.data_actions - Enregistrement des callbacks pour actions sur les données
2025-03-10 17:07:22,672 - INFO - ui.data_actions - Enregistrement des callbacks pour actions sur les données
2025-03-10 17:08:53,678 - INFO - ui.data_actions - Enregistrement des callbacks pour actions sur les données
2025-03-10 17:09:45,663 - INFO - ui.data_actions - Enregistrement des callbacks pour actions sur les données
2025-03-10 17:23:13,657 - INFO - ui.data_actions - Enregistrement des callbacks pour actions sur les données
2025-03-10 17:24:33,301 - INFO - ui.data_actions - Enregistrement des callbacks pour actions sur les données
2025-03-10 17:24:37,460 - INFO - ui.data_actions - Enregistrement des callbacks pour actions sur les données
2025-03-10 17:26:52,662 - INFO - ui.data_actions - Enregistrement des callbacks pour actions sur les données
2025-03-10 17:27:09,491 - INFO - ui.data_actions - Enregistrement des callbacks pour actions sur les données
2025-03-10 17:27:33,931 - INFO - ui.data_actions - Enregistrement des callbacks pour actions sur les données
2025-03-10 17:27:36,438 - INFO - ui.data_actions - Enregistrement des callbacks pour actions sur les données
2025-03-10 17:30:22,826 - INFO - ui.data_actions - Enregistrement des callbacks pour actions sur les données
2025-03-10 17:30:56,902 - INFO - ui.data_actions - Enregistrement des callbacks pour actions sur les données
2025-03-10 17:33:53,424 - INFO - ui.data_actions - Enregistrement des callbacks pour actions sur les données
2025-03-10 17:35:56,178 - INFO - ui.data_actions - Enregistrement des callbacks pour actions sur les données
2025-03-10 17:36:08,341 - INFO - ui.data_actions - Enregistrement des callbacks pour actions sur les données
2025-03-10 17:36:43,931 - INFO - ui.data_actions - Enregistrement des callbacks pour actions sur les données
2025-03-10 17:38:47,183 - INFO - ui.data_actions - Enregistrement des callbacks pour actions sur les données
2025-03-10 17:39:50,696 - INFO - ui.data_actions - Enregistrement des callbacks pour actions sur les données
2025-03-10 17:40:12,819 - INFO - ui.data_actions - Enregistrement des callbacks pour actions sur les données
2025-03-10 17:42:18,785 - INFO - ui.data_actions - Enregistrement des callbacks pour actions sur les données
2025-03-10 17:42:57,360 - INFO - ui.data_actions - Enregistrement des callbacks pour actions sur les données
2025-03-10 17:42:59,642 - INFO - ui.data_actions - Enregistrement des callbacks pour actions sur les données
2025-03-10 17:45:48,730 - INFO - ui.data_actions - Enregistrement des callbacks pour actions sur les données
2025-03-10 17:48:06,148 - INFO - ui.data_actions - Tentative de suppression du fichier: BTC_USDT_15m_bitget_20250208.csv
2025-03-10 17:48:06,150 - INFO - ui.data_actions - Fichier supprimé avec succès: BTC_USDT_15m_bitget_20250208.csv
2025-03-10 18:10:53,697 - INFO - ui.data_actions - Enregistrement des callbacks pour actions sur les données
2025-03-10 18:11:05,940 - INFO - ui.data_actions - Enregistrement des callbacks pour actions sur les données
2025-03-10 18:16:23,657 - INFO - ui.data_actions - Enregistrement des callbacks pour actions sur les données
2025-03-10 18:16:26,384 - INFO - ui.data_actions - Enregistrement des callbacks pour actions sur les données
2025-03-10 18:18:02,203 - INFO - ui.data_actions - Enregistrement des callbacks pour actions sur les données
2025-03-10 18:27:14,055 - INFO - ui.data_actions - Enregistrement des callbacks pour actions sur les données
2025-03-10 19:02:35,480 - INFO - ui.data_actions - Enregistrement des callbacks pour actions sur les données
2025-03-10 19:02:38,899 - INFO - ui.data_actions - Enregistrement des callbacks pour actions sur les données
2025-03-10 19:06:07,793 - INFO - ui.data_actions - Enregistrement des callbacks pour actions sur les données
2025-03-10 19:09:44,309 - INFO - ui.data_actions - Enregistrement des callbacks pour actions sur les données
