2025-03-13 00:01:53,167 - INFO - ui.data_actions - Enregistrement des callbacks pour actions sur les données
2025-03-13 00:06:44,090 - INFO - ui.data_actions - Enregistrement des callbacks pour actions sur les données
2025-03-13 00:07:19,445 - INFO - ui.data_actions - Enregistrement des callbacks pour actions sur les données
2025-03-13 00:16:15,536 - INFO - ui.data_actions - Enregistrement des callbacks pour actions sur les données
2025-03-13 00:21:25,804 - INFO - ui.data_actions - Enregistrement des callbacks pour actions sur les données
2025-03-13 00:24:24,038 - INFO - ui.data_actions - Enregistrement des callbacks pour actions sur les données
2025-03-13 00:25:40,313 - INFO - ui.data_actions - Enregistrement des callbacks pour actions sur les données
2025-03-13 00:28:06,536 - INFO - ui.data_actions - Enregistrement des callbacks pour actions sur les données
2025-03-13 00:28:42,544 - INFO - ui.data_actions - Enregistrement des callbacks pour actions sur les données
2025-03-13 00:28:45,330 - INFO - ui.data_actions - Enregistrement des callbacks pour actions sur les données
2025-03-13 00:30:49,841 - INFO - ui.data_actions - Enregistrement des callbacks pour actions sur les données
2025-03-13 00:34:40,935 - INFO - ui.data_actions - Enregistrement des callbacks pour actions sur les données
2025-03-13 00:40:13,630 - INFO - ui.data_actions - Enregistrement des callbacks pour actions sur les données
2025-03-13 00:40:42,664 - INFO - ui.data_actions - Enregistrement des callbacks pour actions sur les données
2025-03-13 00:41:21,885 - INFO - ui.data_actions - Enregistrement des callbacks pour actions sur les données
2025-03-13 00:42:11,690 - INFO - ui.data_actions - Enregistrement des callbacks pour actions sur les données
2025-03-13 00:42:16,425 - INFO - ui.data_actions - Enregistrement des callbacks pour actions sur les données
2025-03-13 00:42:23,213 - INFO - ui.data_actions - Enregistrement des callbacks pour actions sur les données
2025-03-13 00:43:45,736 - INFO - ui.data_actions - Enregistrement des callbacks pour actions sur les données
2025-03-13 00:45:37,569 - INFO - ui.data_actions - Enregistrement des callbacks pour actions sur les données
2025-03-13 00:46:28,090 - INFO - ui.data_actions - Enregistrement des callbacks pour actions sur les données
2025-03-13 00:46:30,763 - INFO - ui.data_actions - Enregistrement des callbacks pour actions sur les données
2025-03-13 00:47:21,404 - INFO - ui.data_actions - Enregistrement des callbacks pour actions sur les données
2025-03-13 00:50:35,269 - INFO - ui.data_actions - Enregistrement des callbacks pour actions sur les données
2025-03-13 00:52:23,516 - INFO - ui.data_actions - Enregistrement des callbacks pour actions sur les données
2025-03-13 00:52:37,369 - INFO - ui.data_actions - Enregistrement des callbacks pour actions sur les données
2025-03-13 00:52:51,430 - INFO - ui.data_actions - Enregistrement des callbacks pour actions sur les données
2025-03-13 00:54:29,607 - INFO - ui.data_actions - Enregistrement des callbacks pour actions sur les données
2025-03-13 00:54:57,630 - INFO - ui.data_actions - Enregistrement des callbacks pour actions sur les données
2025-03-13 00:55:17,419 - INFO - ui.data_actions - Enregistrement des callbacks pour actions sur les données
2025-03-13 01:00:24,217 - INFO - ui.data_actions - Enregistrement des callbacks pour actions sur les données
2025-03-13 01:00:45,136 - INFO - ui.data_actions - Enregistrement des callbacks pour actions sur les données
2025-03-13 01:01:13,183 - INFO - ui.data_actions - Enregistrement des callbacks pour actions sur les données
2025-03-13 01:04:03,513 - INFO - ui.data_actions - Enregistrement des callbacks pour actions sur les données
2025-03-13 01:04:20,333 - INFO - ui.data_actions - Enregistrement des callbacks pour actions sur les données
2025-03-13 01:07:10,993 - INFO - ui.data_actions - Enregistrement des callbacks pour actions sur les données
2025-03-13 01:07:14,896 - INFO - ui.data_actions - Enregistrement des callbacks pour actions sur les données
2025-03-13 01:07:17,717 - INFO - ui.data_actions - Enregistrement des callbacks pour actions sur les données
2025-03-13 01:12:56,990 - INFO - ui.data_actions - Enregistrement des callbacks pour actions sur les données
2025-03-13 01:13:33,297 - INFO - ui.data_actions - Enregistrement des callbacks pour actions sur les données
2025-03-13 01:14:09,296 - INFO - ui.data_actions - Enregistrement des callbacks pour actions sur les données
2025-03-13 01:14:17,138 - INFO - ui.data_actions - Enregistrement des callbacks pour actions sur les données
2025-03-13 01:14:48,755 - INFO - ui.data_actions - Enregistrement des callbacks pour actions sur les données
2025-03-13 01:14:53,860 - INFO - ui.data_actions - Enregistrement des callbacks pour actions sur les données
2025-03-13 01:15:01,841 - INFO - ui.data_actions - Enregistrement des callbacks pour actions sur les données
2025-03-13 01:16:29,666 - INFO - ui.data_actions - Enregistrement des callbacks pour actions sur les données
2025-03-13 01:17:43,172 - INFO - ui.data_actions - Enregistrement des callbacks pour actions sur les données
2025-03-13 01:17:51,648 - INFO - ui.data_actions - Enregistrement des callbacks pour actions sur les données
2025-03-13 01:18:07,748 - INFO - ui.data_actions - Enregistrement des callbacks pour actions sur les données
2025-03-13 01:20:19,092 - INFO - ui.data_actions - Enregistrement des callbacks pour actions sur les données
2025-03-13 01:20:50,317 - INFO - ui.data_actions - Enregistrement des callbacks pour actions sur les données
2025-03-13 01:21:05,282 - INFO - ui.data_actions - Enregistrement des callbacks pour actions sur les données
2025-03-13 01:22:27,737 - INFO - ui.data_actions - Enregistrement des callbacks pour actions sur les données
2025-03-13 01:24:37,208 - INFO - ui.data_actions - Enregistrement des callbacks pour actions sur les données
2025-03-13 01:24:39,995 - INFO - ui.data_actions - Enregistrement des callbacks pour actions sur les données
2025-03-13 01:28:30,261 - INFO - ui.data_actions - Enregistrement des callbacks pour actions sur les données
2025-03-13 01:33:22,302 - INFO - ui.data_actions - Enregistrement des callbacks pour actions sur les données
2025-03-13 01:33:25,803 - INFO - ui.data_actions - Enregistrement des callbacks pour actions sur les données
2025-03-13 09:13:40,097 - INFO - ui.data_actions - Enregistrement des callbacks pour actions sur les données
2025-03-13 09:13:43,618 - INFO - ui.data_actions - Enregistrement des callbacks pour actions sur les données
2025-03-13 09:14:29,572 - INFO - ui.data_actions - Enregistrement des callbacks pour actions sur les données
2025-03-13 09:14:39,011 - INFO - ui.data_actions - Enregistrement des callbacks pour actions sur les données
2025-03-13 09:18:02,610 - INFO - ui.data_actions - Enregistrement des callbacks pour actions sur les données
2025-03-13 09:19:52,268 - INFO - ui.data_actions - Enregistrement des callbacks pour actions sur les données
2025-03-13 09:20:47,447 - INFO - ui.data_actions - Enregistrement des callbacks pour actions sur les données
2025-03-13 09:21:22,712 - INFO - ui.data_actions - Enregistrement des callbacks pour actions sur les données
2025-03-13 09:22:08,005 - INFO - ui.data_actions - Enregistrement des callbacks pour actions sur les données
2025-03-13 09:23:29,453 - INFO - ui.data_actions - Enregistrement des callbacks pour actions sur les données
2025-03-13 09:23:37,424 - INFO - ui.data_actions - Enregistrement des callbacks pour actions sur les données
2025-03-13 09:24:34,746 - INFO - ui.data_actions - Enregistrement des callbacks pour actions sur les données
2025-03-13 09:24:38,844 - INFO - ui.data_actions - Enregistrement des callbacks pour actions sur les données
2025-03-13 09:25:40,658 - INFO - ui.data_actions - Enregistrement des callbacks pour actions sur les données
2025-03-13 09:27:31,113 - INFO - ui.data_actions - Enregistrement des callbacks pour actions sur les données
2025-03-13 09:28:13,639 - INFO - ui.data_actions - Enregistrement des callbacks pour actions sur les données
2025-03-13 09:29:43,110 - INFO - ui.data_actions - Enregistrement des callbacks pour actions sur les données
2025-03-13 09:31:22,626 - INFO - ui.data_actions - Enregistrement des callbacks pour actions sur les données
2025-03-13 09:31:26,735 - INFO - ui.data_actions - Enregistrement des callbacks pour actions sur les données
2025-03-13 09:35:23,148 - INFO - ui.data_actions - Enregistrement des callbacks pour actions sur les données
2025-03-13 09:35:26,999 - INFO - ui.data_actions - Enregistrement des callbacks pour actions sur les données
2025-03-13 09:37:06,992 - INFO - ui.data_actions - Enregistrement des callbacks pour actions sur les données
2025-03-13 09:37:52,559 - INFO - ui.data_actions - Enregistrement des callbacks pour actions sur les données
2025-03-13 09:39:32,022 - INFO - ui.data_actions - Enregistrement des callbacks pour actions sur les données
2025-03-13 09:40:14,360 - INFO - ui.data_actions - Enregistrement des callbacks pour actions sur les données
2025-03-13 09:41:41,739 - INFO - ui.data_actions - Enregistrement des callbacks pour actions sur les données
2025-03-13 09:42:11,630 - INFO - ui.data_actions - Enregistrement des callbacks pour actions sur les données
2025-03-13 09:43:13,638 - INFO - ui.data_actions - Enregistrement des callbacks pour actions sur les données
2025-03-13 09:43:20,363 - INFO - ui.data_actions - Enregistrement des callbacks pour actions sur les données
2025-03-13 09:43:49,801 - INFO - ui.data_actions - Enregistrement des callbacks pour actions sur les données
2025-03-13 10:09:11,367 - INFO - ui.data_actions - Enregistrement des callbacks pour actions sur les données
2025-03-13 10:09:17,807 - INFO - ui.data_actions - Enregistrement des callbacks pour actions sur les données
2025-03-13 10:10:54,031 - INFO - ui.data_actions - Enregistrement des callbacks pour actions sur les données
2025-03-13 10:12:00,165 - INFO - ui.data_actions - Enregistrement des callbacks pour actions sur les données
2025-03-13 10:16:20,336 - INFO - ui.data_actions - Enregistrement des callbacks pour actions sur les données
2025-03-13 10:18:25,746 - INFO - ui.data_actions - Enregistrement des callbacks pour actions sur les données
2025-03-13 10:19:53,305 - INFO - ui.data_actions - Enregistrement des callbacks pour actions sur les données
2025-03-13 10:24:27,901 - INFO - ui.data_actions - Enregistrement des callbacks pour actions sur les données
2025-03-13 10:30:31,874 - INFO - ui.data_actions - Enregistrement des callbacks pour actions sur les données
2025-03-13 10:31:50,136 - INFO - ui.data_actions - Enregistrement des callbacks pour actions sur les données
2025-03-13 10:32:58,421 - INFO - ui.data_actions - Enregistrement des callbacks pour actions sur les données
2025-03-13 10:47:54,191 - INFO - ui.data_actions - Enregistrement des callbacks pour actions sur les données
2025-03-13 10:47:58,734 - INFO - ui.data_actions - Enregistrement des callbacks pour actions sur les données
2025-03-13 10:54:47,663 - INFO - ui.data_actions - Enregistrement des callbacks pour actions sur les données
2025-03-13 12:05:51,863 - INFO - ui.data_actions - Enregistrement des callbacks pour actions sur les données
2025-03-13 12:14:18,999 - INFO - ui.data_actions - Enregistrement des callbacks pour actions sur les données
2025-03-13 12:14:21,569 - INFO - ui.data_actions - Enregistrement des callbacks pour actions sur les données
2025-03-13 12:14:44,340 - INFO - ui.data_actions - Enregistrement des callbacks pour actions sur les données
2025-03-13 12:14:50,556 - INFO - ui.data_actions - Enregistrement des callbacks pour actions sur les données
2025-03-13 12:16:16,176 - INFO - ui.data_actions - Enregistrement des callbacks pour actions sur les données
2025-03-13 12:16:19,504 - INFO - ui.data_actions - Enregistrement des callbacks pour actions sur les données
2025-03-13 12:37:57,055 - INFO - ui.data_actions - Enregistrement des callbacks pour actions sur les données
2025-03-13 12:38:00,038 - INFO - ui.data_actions - Enregistrement des callbacks pour actions sur les données
2025-03-13 12:41:29,697 - INFO - ui.data_actions - Enregistrement des callbacks pour actions sur les données
2025-03-13 12:41:55,504 - INFO - ui.data_actions - Enregistrement des callbacks pour actions sur les données
2025-03-13 12:47:17,764 - INFO - ui.data_actions - Enregistrement des callbacks pour actions sur les données
2025-03-13 12:49:26,587 - INFO - ui.data_actions - Enregistrement des callbacks pour actions sur les données
2025-03-13 12:49:36,991 - INFO - ui.data_actions - Enregistrement des callbacks pour actions sur les données
2025-03-13 12:49:43,330 - INFO - ui.data_actions - Enregistrement des callbacks pour actions sur les données
2025-03-13 12:49:49,601 - INFO - ui.data_actions - Enregistrement des callbacks pour actions sur les données
2025-03-13 12:49:55,967 - INFO - ui.data_actions - Enregistrement des callbacks pour actions sur les données
2025-03-13 12:56:19,443 - INFO - ui.data_actions - Enregistrement des callbacks pour actions sur les données
2025-03-13 12:57:00,192 - INFO - ui.data_actions - Enregistrement des callbacks pour actions sur les données
2025-03-13 12:58:04,161 - INFO - ui.data_actions - Enregistrement des callbacks pour actions sur les données
2025-03-13 12:58:26,990 - INFO - ui.data_actions - Enregistrement des callbacks pour actions sur les données
2025-03-13 12:59:28,170 - INFO - ui.data_actions - Enregistrement des callbacks pour actions sur les données
2025-03-13 13:00:25,214 - INFO - ui.data_actions - Enregistrement des callbacks pour actions sur les données
2025-03-13 13:00:31,526 - INFO - ui.data_actions - Enregistrement des callbacks pour actions sur les données
2025-03-13 13:01:18,477 - INFO - ui.data_actions - Enregistrement des callbacks pour actions sur les données
2025-03-13 13:01:31,034 - INFO - ui.data_actions - Enregistrement des callbacks pour actions sur les données
2025-03-13 13:01:41,801 - INFO - ui.data_actions - Enregistrement des callbacks pour actions sur les données
2025-03-13 13:02:05,685 - INFO - ui.data_actions - Enregistrement des callbacks pour actions sur les données
2025-03-13 13:02:26,306 - INFO - ui.data_actions - Enregistrement des callbacks pour actions sur les données
2025-03-13 13:03:09,157 - INFO - ui.data_actions - Enregistrement des callbacks pour actions sur les données
2025-03-13 13:03:18,938 - INFO - ui.data_actions - Enregistrement des callbacks pour actions sur les données
2025-03-13 13:04:12,657 - INFO - ui.data_actions - Enregistrement des callbacks pour actions sur les données
2025-03-13 13:04:35,649 - INFO - ui.data_actions - Enregistrement des callbacks pour actions sur les données
2025-03-13 13:04:51,060 - INFO - ui.data_actions - Enregistrement des callbacks pour actions sur les données
2025-03-13 13:05:03,620 - INFO - ui.data_actions - Enregistrement des callbacks pour actions sur les données
2025-03-13 13:05:28,333 - INFO - ui.data_actions - Enregistrement des callbacks pour actions sur les données
2025-03-13 13:06:51,312 - INFO - ui.data_actions - Enregistrement des callbacks pour actions sur les données
2025-03-13 13:07:22,333 - INFO - ui.data_actions - Enregistrement des callbacks pour actions sur les données
2025-03-13 13:09:55,930 - INFO - ui.data_actions - Enregistrement des callbacks pour actions sur les données
2025-03-13 13:11:48,996 - INFO - ui.data_actions - Enregistrement des callbacks pour actions sur les données
2025-03-13 13:17:00,448 - INFO - ui.data_actions - Enregistrement des callbacks pour actions sur les données
2025-03-13 13:17:27,034 - INFO - ui.data_actions - Enregistrement des callbacks pour actions sur les données
2025-03-13 13:17:40,600 - INFO - ui.data_actions - Enregistrement des callbacks pour actions sur les données
2025-03-13 13:18:26,050 - INFO - ui.data_actions - Enregistrement des callbacks pour actions sur les données
2025-03-13 13:21:34,819 - INFO - ui.data_actions - Enregistrement des callbacks pour actions sur les données
2025-03-13 13:22:37,213 - INFO - ui.data_actions - Enregistrement des callbacks pour actions sur les données
2025-03-13 13:29:58,112 - INFO - ui.data_actions - Enregistrement des callbacks pour actions sur les données
2025-03-13 13:33:27,222 - INFO - ui.data_actions - Enregistrement des callbacks pour actions sur les données
2025-03-13 13:49:08,246 - INFO - ui.data_actions - Enregistrement des callbacks pour actions sur les données
2025-03-13 13:52:50,455 - INFO - ui.data_actions - Enregistrement des callbacks pour actions sur les données
2025-03-13 13:53:41,244 - INFO - ui.data_actions - Enregistrement des callbacks pour actions sur les données
2025-03-13 13:54:35,484 - INFO - ui.data_actions - Enregistrement des callbacks pour actions sur les données
2025-03-13 13:56:32,035 - INFO - ui.data_actions - Enregistrement des callbacks pour actions sur les données
2025-03-13 13:57:20,204 - INFO - ui.data_actions - Enregistrement des callbacks pour actions sur les données
2025-03-13 13:59:19,032 - INFO - ui.data_actions - Enregistrement des callbacks pour actions sur les données
2025-03-13 13:59:25,497 - INFO - ui.data_actions - Enregistrement des callbacks pour actions sur les données
2025-03-13 14:01:19,805 - INFO - ui.data_actions - Enregistrement des callbacks pour actions sur les données
2025-03-13 14:01:29,347 - INFO - ui.data_actions - Enregistrement des callbacks pour actions sur les données
2025-03-13 14:02:17,846 - INFO - ui.data_actions - Enregistrement des callbacks pour actions sur les données
2025-03-13 14:02:43,129 - INFO - ui.data_actions - Enregistrement des callbacks pour actions sur les données
2025-03-13 14:03:32,440 - INFO - ui.data_actions - Enregistrement des callbacks pour actions sur les données
2025-03-13 14:04:22,159 - INFO - ui.data_actions - Enregistrement des callbacks pour actions sur les données
2025-03-13 14:05:11,508 - INFO - ui.data_actions - Enregistrement des callbacks pour actions sur les données
2025-03-13 14:05:24,582 - INFO - ui.data_actions - Enregistrement des callbacks pour actions sur les données
2025-03-13 14:06:02,348 - INFO - ui.data_actions - Enregistrement des callbacks pour actions sur les données
2025-03-13 14:06:08,655 - INFO - ui.data_actions - Enregistrement des callbacks pour actions sur les données
2025-03-13 14:06:38,265 - INFO - ui.data_actions - Enregistrement des callbacks pour actions sur les données
2025-03-13 14:09:57,553 - INFO - ui.data_actions - Enregistrement des callbacks pour actions sur les données
2025-03-13 14:11:38,301 - INFO - ui.data_actions - Enregistrement des callbacks pour actions sur les données
2025-03-13 14:12:46,102 - INFO - ui.data_actions - Enregistrement des callbacks pour actions sur les données
2025-03-13 14:13:42,246 - INFO - ui.data_actions - Enregistrement des callbacks pour actions sur les données
2025-03-13 14:13:48,259 - INFO - ui.data_actions - Enregistrement des callbacks pour actions sur les données
2025-03-13 14:14:28,013 - INFO - ui.data_actions - Enregistrement des callbacks pour actions sur les données
2025-03-13 14:15:13,188 - INFO - ui.data_actions - Enregistrement des callbacks pour actions sur les données
2025-03-13 14:15:35,269 - INFO - ui.data_actions - Enregistrement des callbacks pour actions sur les données
2025-03-13 14:16:09,192 - INFO - ui.data_actions - Enregistrement des callbacks pour actions sur les données
2025-03-13 14:16:16,009 - INFO - ui.data_actions - Enregistrement des callbacks pour actions sur les données
2025-03-13 14:16:53,105 - INFO - ui.data_actions - Enregistrement des callbacks pour actions sur les données
2025-03-13 14:18:33,164 - INFO - ui.data_actions - Enregistrement des callbacks pour actions sur les données
2025-03-13 14:22:44,208 - INFO - ui.data_actions - Enregistrement des callbacks pour actions sur les données
2025-03-13 14:22:52,352 - INFO - ui.data_actions - Enregistrement des callbacks pour actions sur les données
2025-03-13 14:23:22,773 - INFO - ui.data_actions - Enregistrement des callbacks pour actions sur les données
2025-03-13 14:28:50,205 - INFO - ui.data_actions - Enregistrement des callbacks pour actions sur les données
2025-03-13 14:29:30,894 - INFO - ui.data_actions - Enregistrement des callbacks pour actions sur les données
2025-03-13 14:29:40,007 - INFO - ui.data_actions - Enregistrement des callbacks pour actions sur les données
2025-03-13 14:43:16,160 - INFO - ui.data_actions - Enregistrement des callbacks pour actions sur les données
2025-03-13 14:43:19,194 - INFO - ui.data_actions - Enregistrement des callbacks pour actions sur les données
2025-03-13 14:48:05,444 - INFO - ui.data_actions - Enregistrement des callbacks pour actions sur les données
2025-03-13 14:48:08,274 - INFO - ui.data_actions - Enregistrement des callbacks pour actions sur les données
2025-03-13 14:49:31,847 - INFO - ui.data_actions - Enregistrement des callbacks pour actions sur les données
2025-03-13 15:03:10,558 - INFO - ui.data_actions - Enregistrement des callbacks pour actions sur les données
2025-03-13 15:04:52,805 - INFO - ui.data_actions - Enregistrement des callbacks pour actions sur les données
2025-03-13 15:06:16,331 - INFO - ui.data_actions - Enregistrement des callbacks pour actions sur les données
2025-03-13 15:16:50,323 - INFO - ui.data_actions - Enregistrement des callbacks pour actions sur les données
2025-03-13 15:20:50,765 - INFO - ui.data_actions - Enregistrement des callbacks pour actions sur les données
2025-03-13 15:21:37,011 - INFO - ui.data_actions - Enregistrement des callbacks pour actions sur les données
2025-03-13 15:22:38,076 - INFO - ui.data_actions - Enregistrement des callbacks pour actions sur les données
2025-03-13 15:24:08,633 - INFO - ui.data_actions - Enregistrement des callbacks pour actions sur les données
2025-03-13 15:26:12,886 - INFO - ui.data_actions - Enregistrement des callbacks pour actions sur les données
2025-03-13 15:30:03,876 - INFO - ui.data_actions - Enregistrement des callbacks pour actions sur les données
2025-03-13 15:30:47,266 - INFO - ui.data_actions - Enregistrement des callbacks pour actions sur les données
2025-03-13 15:31:24,104 - INFO - ui.data_actions - Enregistrement des callbacks pour actions sur les données
2025-03-13 15:31:59,711 - INFO - ui.data_actions - Enregistrement des callbacks pour actions sur les données
2025-03-13 15:32:09,250 - INFO - ui.data_actions - Enregistrement des callbacks pour actions sur les données
2025-03-13 15:39:14,530 - INFO - ui.data_actions - Enregistrement des callbacks pour actions sur les données
2025-03-13 15:39:35,734 - INFO - ui.data_actions - Enregistrement des callbacks pour actions sur les données
2025-03-13 15:40:44,399 - INFO - ui.data_actions - Enregistrement des callbacks pour actions sur les données
2025-03-13 15:40:49,639 - INFO - ui.data_actions - Enregistrement des callbacks pour actions sur les données
2025-03-13 15:40:54,764 - INFO - ui.data_actions - Enregistrement des callbacks pour actions sur les données
2025-03-13 15:41:20,607 - INFO - ui.data_actions - Enregistrement des callbacks pour actions sur les données
2025-03-13 15:43:13,667 - INFO - ui.data_actions - Enregistrement des callbacks pour actions sur les données
2025-03-13 15:44:58,390 - INFO - ui.data_actions - Enregistrement des callbacks pour actions sur les données
2025-03-13 15:45:01,427 - INFO - ui.data_actions - Enregistrement des callbacks pour actions sur les données
2025-03-13 15:45:50,317 - INFO - ui.data_actions - Enregistrement des callbacks pour actions sur les données
2025-03-13 15:45:54,390 - INFO - ui.data_actions - Enregistrement des callbacks pour actions sur les données
2025-03-13 15:46:19,862 - INFO - ui.data_actions - Enregistrement des callbacks pour actions sur les données
2025-03-13 15:47:13,404 - INFO - ui.data_actions - Enregistrement des callbacks pour actions sur les données
2025-03-13 15:47:58,625 - INFO - ui.data_actions - Enregistrement des callbacks pour actions sur les données
2025-03-13 15:48:18,596 - INFO - ui.data_actions - Enregistrement des callbacks pour actions sur les données
2025-03-13 15:48:32,565 - INFO - ui.data_actions - Enregistrement des callbacks pour actions sur les données
2025-03-13 15:49:07,722 - INFO - ui.data_actions - Enregistrement des callbacks pour actions sur les données
2025-03-13 15:53:21,205 - INFO - ui.data_actions - Enregistrement des callbacks pour actions sur les données
2025-03-13 15:57:53,445 - INFO - ui.data_actions - Enregistrement des callbacks pour actions sur les données
2025-03-13 15:58:09,746 - INFO - ui.data_actions - Enregistrement des callbacks pour actions sur les données
2025-03-13 15:58:36,912 - INFO - ui.data_actions - Enregistrement des callbacks pour actions sur les données
2025-03-13 17:40:52,862 - INFO - ui.data_actions - Enregistrement des callbacks pour actions sur les données
2025-03-13 17:42:56,898 - INFO - ui.data_actions - Enregistrement des callbacks pour actions sur les données
2025-03-13 17:43:43,172 - INFO - ui.data_actions - Enregistrement des callbacks pour actions sur les données
2025-03-13 17:51:18,337 - INFO - ui.data_actions - Enregistrement des callbacks pour actions sur les données
2025-03-13 17:51:23,249 - INFO - ui.data_actions - Enregistrement des callbacks pour actions sur les données
2025-03-13 18:02:25,788 - INFO - ui.data_actions - Enregistrement des callbacks pour actions sur les données
2025-03-13 18:02:30,374 - INFO - ui.data_actions - Enregistrement des callbacks pour actions sur les données
2025-03-13 18:25:56,050 - INFO - ui.data_actions - Enregistrement des callbacks pour actions sur les données
2025-03-13 18:26:59,801 - INFO - ui.data_actions - Enregistrement des callbacks pour actions sur les données
2025-03-13 18:27:13,655 - INFO - ui.data_actions - Enregistrement des callbacks pour actions sur les données
2025-03-13 18:53:02,133 - INFO - ui.data_actions - Enregistrement des callbacks pour actions sur les données
2025-03-13 18:53:32,789 - INFO - ui.data_actions - Enregistrement des callbacks pour actions sur les données
2025-03-13 18:54:10,758 - INFO - ui.data_actions - Enregistrement des callbacks pour actions sur les données
2025-03-13 18:59:32,732 - INFO - ui.data_actions - Enregistrement des callbacks pour actions sur les données
2025-03-13 19:01:46,596 - INFO - ui.data_actions - Enregistrement des callbacks pour actions sur les données
2025-03-13 19:04:16,435 - INFO - ui.data_actions - Enregistrement des callbacks pour actions sur les données
2025-03-13 19:05:56,400 - INFO - ui.data_actions - Enregistrement des callbacks pour actions sur les données
2025-03-13 19:05:59,644 - INFO - ui.data_actions - Enregistrement des callbacks pour actions sur les données
2025-03-13 19:06:42,908 - INFO - ui.data_actions - Enregistrement des callbacks pour actions sur les données
2025-03-13 19:06:47,723 - INFO - ui.data_actions - Enregistrement des callbacks pour actions sur les données
2025-03-13 19:07:47,110 - INFO - ui.data_actions - Enregistrement des callbacks pour actions sur les données
2025-03-13 19:07:50,004 - INFO - ui.data_actions - Enregistrement des callbacks pour actions sur les données
2025-03-13 19:08:26,675 - INFO - ui.data_actions - Enregistrement des callbacks pour actions sur les données
2025-03-13 19:08:29,251 - INFO - ui.data_actions - Enregistrement des callbacks pour actions sur les données
2025-03-13 19:24:27,282 - INFO - ui.data_actions - Enregistrement des callbacks pour actions sur les données
2025-03-13 19:26:31,879 - INFO - ui.data_actions - Enregistrement des callbacks pour actions sur les données
2025-03-13 19:26:42,965 - INFO - ui.data_actions - Enregistrement des callbacks pour actions sur les données
2025-03-13 19:32:25,231 - INFO - ui.data_actions - Enregistrement des callbacks pour actions sur les données
2025-03-13 19:40:10,735 - INFO - ui.data_actions - Enregistrement des callbacks pour actions sur les données
2025-03-13 19:40:36,442 - INFO - ui.data_actions - Enregistrement des callbacks pour actions sur les données
2025-03-13 20:01:57,149 - INFO - ui.data_actions - Enregistrement des callbacks pour actions sur les données
2025-03-13 20:02:56,209 - INFO - ui.data_actions - Enregistrement des callbacks pour actions sur les données
2025-03-13 20:03:43,511 - INFO - ui.data_actions - Enregistrement des callbacks pour actions sur les données
2025-03-13 20:04:04,321 - INFO - ui.data_actions - Enregistrement des callbacks pour actions sur les données
2025-03-13 20:04:20,701 - INFO - ui.data_actions - Enregistrement des callbacks pour actions sur les données
2025-03-13 20:04:23,177 - INFO - ui.data_actions - Enregistrement des callbacks pour actions sur les données
2025-03-13 20:09:02,553 - INFO - ui.data_actions - Enregistrement des callbacks pour actions sur les données
2025-03-13 20:09:04,935 - INFO - ui.data_actions - Enregistrement des callbacks pour actions sur les données
2025-03-13 20:45:46,215 - INFO - ui.data_actions - Enregistrement des callbacks pour actions sur les données
2025-03-13 20:45:49,047 - INFO - ui.data_actions - Enregistrement des callbacks pour actions sur les données
2025-03-13 20:52:46,621 - INFO - ui.data_actions - Enregistrement des callbacks pour actions sur les données
2025-03-13 20:53:11,273 - INFO - ui.data_actions - Enregistrement des callbacks pour actions sur les données
2025-03-13 20:53:40,001 - INFO - ui.data_actions - Enregistrement des callbacks pour actions sur les données
2025-03-13 20:54:23,939 - INFO - ui.data_actions - Enregistrement des callbacks pour actions sur les données
2025-03-13 20:54:45,619 - INFO - ui.data_actions - Enregistrement des callbacks pour actions sur les données
2025-03-13 20:56:00,167 - INFO - ui.data_actions - Enregistrement des callbacks pour actions sur les données
2025-03-13 20:56:04,219 - INFO - ui.data_actions - Enregistrement des callbacks pour actions sur les données
2025-03-13 21:07:39,034 - INFO - ui.data_actions - Enregistrement des callbacks pour actions sur les données
2025-03-13 21:08:35,858 - INFO - ui.data_actions - Enregistrement des callbacks pour actions sur les données
2025-03-13 21:08:38,288 - INFO - ui.data_actions - Enregistrement des callbacks pour actions sur les données
2025-03-13 21:09:50,842 - INFO - ui.data_actions - Enregistrement des callbacks pour actions sur les données
2025-03-13 21:10:13,399 - INFO - ui.data_actions - Enregistrement des callbacks pour actions sur les données
2025-03-13 21:10:41,246 - INFO - ui.data_actions - Enregistrement des callbacks pour actions sur les données
2025-03-13 21:11:45,790 - INFO - ui.data_actions - Enregistrement des callbacks pour actions sur les données
2025-03-13 21:12:58,561 - INFO - ui.data_actions - Enregistrement des callbacks pour actions sur les données
2025-03-13 21:16:09,263 - INFO - ui.data_actions - Enregistrement des callbacks pour actions sur les données
2025-03-13 21:17:07,426 - INFO - ui.data_actions - Enregistrement des callbacks pour actions sur les données
2025-03-13 21:32:19,110 - INFO - ui.data_actions - Enregistrement des callbacks pour actions sur les données
2025-03-13 21:35:52,378 - INFO - ui.data_actions - Enregistrement des callbacks pour actions sur les données
2025-03-13 21:47:10,882 - INFO - ui.data_actions - Enregistrement des callbacks pour actions sur les données
2025-03-13 21:50:49,931 - INFO - ui.data_actions - Enregistrement des callbacks pour actions sur les données
2025-03-13 22:04:56,725 - INFO - ui.data_actions - Enregistrement des callbacks pour actions sur les données
2025-03-13 22:09:12,437 - INFO - ui.data_actions - Enregistrement des callbacks pour actions sur les données
2025-03-13 22:09:21,128 - INFO - ui.data_actions - Enregistrement des callbacks pour actions sur les données
2025-03-13 22:09:42,948 - INFO - ui.data_actions - Enregistrement des callbacks pour actions sur les données
2025-03-13 22:12:12,346 - INFO - ui.data_actions - Enregistrement des callbacks pour actions sur les données
2025-03-13 22:13:32,363 - INFO - ui.data_actions - Enregistrement des callbacks pour actions sur les données
2025-03-13 22:13:53,984 - INFO - ui.data_actions - Tentative de suppression du fichier: BTC_USDT_1h_binance_129600.csv
2025-03-13 22:13:53,986 - INFO - ui.data_actions - Fichier supprimé avec succès: BTC_USDT_1h_binance_129600.csv
2025-03-13 22:13:55,199 - INFO - ui.data_actions - Tentative de suppression du fichier: BTC_USDT_1h_binance_43200.csv
2025-03-13 22:13:55,203 - INFO - ui.data_actions - Fichier supprimé avec succès: BTC_USDT_1h_binance_43200.csv
2025-03-13 22:13:55,845 - INFO - ui.data_actions - Tentative de suppression du fichier: BTC_USDT_1h_binance_43200.csv
2025-03-13 22:13:55,853 - WARNING - ui.data_actions - Fichier introuvable: BTC_USDT_1h_binance_43200.csv
2025-03-13 22:13:56,316 - INFO - ui.data_actions - Tentative de suppression du fichier: BTC_USDT_1m_binance_525600.csv
2025-03-13 22:13:56,320 - ERROR - ui.data_actions - Erreur lors de la suppression: [WinError 32] Le processus ne peut pas accéder au fichier car ce fichier est utilisé par un autre processus: 'C:\\Users\\nolan\\Desktop\\bot_trading\\data\\historical\\BTC_USDT_1m_binance_525600.csv'
2025-03-13 22:13:56,841 - INFO - ui.data_actions - Tentative de suppression du fichier: BTC_USDT_1m_binance_525600.csv
2025-03-13 22:13:56,844 - ERROR - ui.data_actions - Erreur lors de la suppression: [WinError 32] Le processus ne peut pas accéder au fichier car ce fichier est utilisé par un autre processus: 'C:\\Users\\nolan\\Desktop\\bot_trading\\data\\historical\\BTC_USDT_1m_binance_525600.csv'
2025-03-13 22:14:01,072 - INFO - ui.data_actions - Tentative de suppression du fichier: BTC_USDT_1h_binance_2628000.csv
2025-03-13 22:14:01,076 - INFO - ui.data_actions - Fichier supprimé avec succès: BTC_USDT_1h_binance_2628000.csv
2025-03-13 22:14:02,415 - INFO - ui.data_actions - Tentative de suppression du fichier: BTC_USDT_1h_binance_20250213.csv
2025-03-13 22:14:02,417 - INFO - ui.data_actions - Fichier supprimé avec succès: BTC_USDT_1h_binance_20250213.csv
2025-03-13 22:14:03,715 - INFO - ui.data_actions - Tentative de suppression du fichier: BTC_USDT_1h_binance_525600.csv
2025-03-13 22:14:03,717 - INFO - ui.data_actions - Fichier supprimé avec succès: BTC_USDT_1h_binance_525600.csv
2025-03-13 22:14:05,237 - INFO - ui.data_actions - Tentative de suppression du fichier: BTC_USDT_15m_bitget_20250210.csv
2025-03-13 22:14:05,239 - INFO - ui.data_actions - Fichier supprimé avec succès: BTC_USDT_15m_bitget_20250210.csv
2025-03-13 22:18:07,818 - INFO - ui.data_actions - Tentative de suppression du fichier: BTC_USDT_1h_binance_525600.csv
2025-03-13 22:18:07,821 - INFO - ui.data_actions - Fichier supprimé avec succès: BTC_USDT_1h_binance_525600.csv
2025-03-13 22:18:09,571 - INFO - ui.data_actions - Tentative de suppression du fichier: BTC_USDT_1h_binance_43200.csv
2025-03-13 22:18:09,575 - INFO - ui.data_actions - Fichier supprimé avec succès: BTC_USDT_1h_binance_43200.csv
2025-03-13 22:20:12,240 - INFO - ui.data_actions - Tentative de suppression du fichier: BTC_USDT_1h_binance_43200.csv
2025-03-13 22:20:12,245 - INFO - ui.data_actions - Fichier supprimé avec succès: BTC_USDT_1h_binance_43200.csv
2025-03-13 22:21:59,786 - INFO - ui.data_actions - Enregistrement des callbacks pour actions sur les données
2025-03-13 22:25:15,639 - INFO - ui.data_actions - Enregistrement des callbacks pour actions sur les données
2025-03-13 22:25:18,630 - INFO - ui.data_actions - Enregistrement des callbacks pour actions sur les données
2025-03-13 23:16:47,430 - INFO - ui.data_actions - Enregistrement des callbacks pour actions sur les données
2025-03-13 23:17:14,197 - INFO - ui.data_actions - Enregistrement des callbacks pour actions sur les données
2025-03-13 23:17:53,820 - INFO - ui.data_actions - Enregistrement des callbacks pour actions sur les données
2025-03-13 23:18:15,773 - INFO - ui.data_actions - Enregistrement des callbacks pour actions sur les données
2025-03-13 23:20:27,544 - INFO - ui.data_actions - Enregistrement des callbacks pour actions sur les données
2025-03-13 23:20:36,575 - INFO - ui.data_actions - Enregistrement des callbacks pour actions sur les données
2025-03-13 23:25:35,084 - INFO - ui.data_actions - Enregistrement des callbacks pour actions sur les données
2025-03-13 23:26:03,989 - INFO - ui.data_actions - Enregistrement des callbacks pour actions sur les données
2025-03-13 23:28:29,777 - INFO - ui.data_actions - Enregistrement des callbacks pour actions sur les données
2025-03-13 23:30:38,190 - INFO - ui.data_actions - Enregistrement des callbacks pour actions sur les données
2025-03-13 23:32:13,952 - INFO - ui.data_actions - Enregistrement des callbacks pour actions sur les données
2025-03-13 23:33:04,284 - INFO - ui.data_actions - Enregistrement des callbacks pour actions sur les données
2025-03-13 23:33:11,368 - INFO - ui.data_actions - Enregistrement des callbacks pour actions sur les données
2025-03-13 23:33:49,938 - INFO - ui.data_actions - Enregistrement des callbacks pour actions sur les données
2025-03-13 23:34:31,484 - INFO - ui.data_actions - Enregistrement des callbacks pour actions sur les données
2025-03-13 23:49:30,304 - INFO - ui.data_actions - Enregistrement des callbacks pour actions sur les données
2025-03-13 23:56:02,672 - INFO - ui.data_actions - Enregistrement des callbacks pour actions sur les données
2025-03-13 23:56:47,382 - INFO - ui.data_actions - Enregistrement des callbacks pour actions sur les données
