2025-03-13 00:02:01,164 - INFO - ui.retro_study_list - Chargement de la liste des études améliorée
2025-03-13 00:16:20,381 - INFO - ui.retro_study_list - Chargement de la liste des études améliorée
2025-03-13 00:21:31,033 - INFO - ui.retro_study_list - Chargement de la liste des études améliorée
2025-03-13 00:24:46,058 - INFO - ui.retro_study_list - Chargement de la liste des études améliorée
2025-03-13 00:25:49,807 - INFO - ui.retro_study_list - Chargement de la liste des études améliorée
2025-03-13 00:28:50,516 - INFO - ui.retro_study_list - Chargement de la liste des études améliorée
2025-03-13 00:30:57,910 - INFO - ui.retro_study_list - Chargement de la liste des études améliorée
2025-03-13 00:34:45,085 - INFO - ui.retro_study_list - Chargement de la liste des études améliorée
2025-03-13 00:40:17,734 - INFO - ui.retro_study_list - Chargement de la liste des études améliorée
2025-03-13 00:42:26,830 - INFO - ui.retro_study_list - Chargement de la liste des études améliorée
2025-03-13 00:43:52,059 - INFO - ui.retro_study_list - Chargement de la liste des études améliorée
2025-03-13 00:43:59,562 - INFO - ui.retro_study_list - Chargement de la liste des études améliorée
2025-03-13 00:44:04,150 - INFO - ui.retro_study_list - Chargement de la liste des études améliorée
2025-03-13 00:45:42,871 - INFO - ui.retro_study_list - Chargement de la liste des études améliorée
2025-03-13 00:55:21,380 - INFO - ui.retro_study_list - Chargement de la liste des études améliorée
2025-03-13 00:55:31,349 - INFO - ui.retro_study_list - Chargement de la liste des études améliorée
2025-03-13 00:55:37,574 - INFO - ui.retro_study_list - Chargement de la liste des études améliorée
2025-03-13 00:55:41,349 - INFO - ui.retro_study_list - Chargement de la liste des études améliorée
2025-03-13 00:55:51,348 - INFO - ui.retro_study_list - Chargement de la liste des études améliorée
2025-03-13 00:56:02,250 - INFO - ui.retro_study_list - Chargement de la liste des études améliorée
2025-03-13 00:56:12,236 - INFO - ui.retro_study_list - Chargement de la liste des études améliorée
2025-03-13 00:56:21,344 - INFO - ui.retro_study_list - Chargement de la liste des études améliorée
2025-03-13 00:56:33,229 - INFO - ui.retro_study_list - Chargement de la liste des études améliorée
2025-03-13 00:56:43,216 - INFO - ui.retro_study_list - Chargement de la liste des études améliorée
2025-03-13 00:56:53,227 - INFO - ui.retro_study_list - Chargement de la liste des études améliorée
2025-03-13 00:57:03,220 - INFO - ui.retro_study_list - Chargement de la liste des études améliorée
2025-03-13 00:57:13,220 - INFO - ui.retro_study_list - Chargement de la liste des études améliorée
2025-03-13 00:57:23,215 - INFO - ui.retro_study_list - Chargement de la liste des études améliorée
2025-03-13 00:57:33,224 - INFO - ui.retro_study_list - Chargement de la liste des études améliorée
2025-03-13 00:58:22,228 - INFO - ui.retro_study_list - Chargement de la liste des études améliorée
2025-03-13 00:58:32,239 - INFO - ui.retro_study_list - Chargement de la liste des études améliorée
2025-03-13 00:58:42,254 - INFO - ui.retro_study_list - Chargement de la liste des études améliorée
2025-03-13 00:58:52,234 - INFO - ui.retro_study_list - Chargement de la liste des études améliorée
2025-03-13 00:59:02,245 - INFO - ui.retro_study_list - Chargement de la liste des études améliorée
2025-03-13 00:59:12,247 - INFO - ui.retro_study_list - Chargement de la liste des études améliorée
2025-03-13 00:59:22,248 - INFO - ui.retro_study_list - Chargement de la liste des études améliorée
2025-03-13 00:59:32,238 - INFO - ui.retro_study_list - Chargement de la liste des études améliorée
2025-03-13 00:59:42,253 - INFO - ui.retro_study_list - Chargement de la liste des études améliorée
2025-03-13 00:59:52,231 - INFO - ui.retro_study_list - Chargement de la liste des études améliorée
2025-03-13 01:00:02,234 - INFO - ui.retro_study_list - Chargement de la liste des études améliorée
2025-03-13 01:00:12,245 - INFO - ui.retro_study_list - Chargement de la liste des études améliorée
2025-03-13 01:00:24,290 - INFO - ui.retro_study_list - Chargement de la liste des études améliorée
2025-03-13 01:01:20,195 - INFO - ui.retro_study_list - Chargement de la liste des études améliorée
2025-03-13 01:01:30,171 - INFO - ui.retro_study_list - Chargement de la liste des études améliorée
2025-03-13 01:01:38,042 - INFO - ui.retro_study_list - Chargement de la liste des études améliorée
2025-03-13 01:01:40,174 - INFO - ui.retro_study_list - Chargement de la liste des études améliorée
2025-03-13 01:01:50,252 - INFO - ui.retro_study_list - Chargement de la liste des études améliorée
2025-03-13 01:02:00,249 - INFO - ui.retro_study_list - Chargement de la liste des études améliorée
2025-03-13 01:02:10,249 - INFO - ui.retro_study_list - Chargement de la liste des études améliorée
2025-03-13 01:02:21,233 - INFO - ui.retro_study_list - Chargement de la liste des études améliorée
2025-03-13 01:02:31,230 - INFO - ui.retro_study_list - Chargement de la liste des études améliorée
2025-03-13 01:02:41,229 - INFO - ui.retro_study_list - Chargement de la liste des études améliorée
2025-03-13 01:02:51,223 - INFO - ui.retro_study_list - Chargement de la liste des études améliorée
2025-03-13 01:03:01,227 - INFO - ui.retro_study_list - Chargement de la liste des études améliorée
2025-03-13 01:03:11,226 - INFO - ui.retro_study_list - Chargement de la liste des études améliorée
2025-03-13 01:03:21,258 - INFO - ui.retro_study_list - Chargement de la liste des études améliorée
2025-03-13 01:03:31,219 - INFO - ui.retro_study_list - Chargement de la liste des études améliorée
2025-03-13 01:03:41,222 - INFO - ui.retro_study_list - Chargement de la liste des études améliorée
2025-03-13 01:03:51,221 - INFO - ui.retro_study_list - Chargement de la liste des études améliorée
2025-03-13 01:04:03,577 - INFO - ui.retro_study_list - Chargement de la liste des études améliorée
2025-03-13 01:04:24,122 - INFO - ui.retro_study_list - Chargement de la liste des études améliorée
2025-03-13 01:04:28,749 - INFO - ui.retro_study_list - Chargement de la liste des études améliorée
2025-03-13 01:04:33,748 - INFO - ui.retro_study_list - Chargement de la liste des études améliorée
2025-03-13 01:04:34,101 - INFO - ui.retro_study_list - Chargement de la liste des études améliorée
2025-03-13 01:17:13,033 - INFO - ui.retro_study_list - Chargement de la liste des études améliorée
2025-03-13 01:18:11,850 - INFO - ui.retro_study_list - Chargement de la liste des études améliorée
2025-03-13 01:21:13,631 - INFO - ui.retro_study_list - Chargement de la liste des études améliorée
2025-03-13 01:22:32,003 - INFO - ui.retro_study_list - Chargement de la liste des études améliorée
2025-03-13 01:28:38,548 - INFO - ui.retro_study_list - Chargement de la liste des études améliorée
2025-03-13 09:25:45,026 - INFO - ui.retro_study_list - Chargement de la liste des études améliorée
2025-03-13 09:25:45,036 - ERROR - ui.retro_study_list - Erreur lors de la récupération des études: No module named 'simulator.metadata'
2025-03-13 09:25:54,979 - INFO - ui.retro_study_list - Chargement de la liste des études améliorée
2025-03-13 09:25:54,983 - ERROR - ui.retro_study_list - Erreur lors de la récupération des études: No module named 'simulator.metadata'
2025-03-13 09:26:04,973 - INFO - ui.retro_study_list - Chargement de la liste des études améliorée
2025-03-13 09:26:04,977 - ERROR - ui.retro_study_list - Erreur lors de la récupération des études: No module named 'simulator.metadata'
2025-03-13 09:26:11,893 - INFO - ui.retro_study_list - Chargement de la liste des études améliorée
2025-03-13 09:26:11,899 - ERROR - ui.retro_study_list - Erreur lors de la récupération des études: No module named 'simulator.metadata'
2025-03-13 09:26:14,977 - INFO - ui.retro_study_list - Chargement de la liste des études améliorée
2025-03-13 09:26:14,980 - ERROR - ui.retro_study_list - Erreur lors de la récupération des études: No module named 'simulator.metadata'
2025-03-13 09:26:26,698 - INFO - ui.retro_study_list - Chargement de la liste des études améliorée
2025-03-13 09:26:26,701 - ERROR - ui.retro_study_list - Erreur lors de la récupération des études: No module named 'simulator.metadata'
2025-03-13 09:26:36,690 - INFO - ui.retro_study_list - Chargement de la liste des études améliorée
2025-03-13 09:26:36,696 - ERROR - ui.retro_study_list - Erreur lors de la récupération des études: No module named 'simulator.metadata'
2025-03-13 09:26:46,696 - INFO - ui.retro_study_list - Chargement de la liste des études améliorée
2025-03-13 09:26:46,700 - ERROR - ui.retro_study_list - Erreur lors de la récupération des études: No module named 'simulator.metadata'
2025-03-13 09:26:56,692 - INFO - ui.retro_study_list - Chargement de la liste des études améliorée
2025-03-13 09:26:56,695 - ERROR - ui.retro_study_list - Erreur lors de la récupération des études: No module named 'simulator.metadata'
2025-03-13 09:27:06,703 - INFO - ui.retro_study_list - Chargement de la liste des études améliorée
2025-03-13 09:27:06,707 - ERROR - ui.retro_study_list - Erreur lors de la récupération des études: No module named 'simulator.metadata'
2025-03-13 09:27:19,705 - INFO - ui.retro_study_list - Chargement de la liste des études améliorée
2025-03-13 09:27:19,714 - ERROR - ui.retro_study_list - Erreur lors de la récupération des études: No module named 'simulator.metadata'
2025-03-13 09:27:31,195 - INFO - ui.retro_study_list - Chargement de la liste des études améliorée
2025-03-13 09:27:31,250 - ERROR - ui.retro_study_list - Erreur lors de la récupération des études: 'IntegratedStudyManager' object has no attribute 'list_studies'
2025-03-13 09:27:36,157 - INFO - ui.retro_study_list - Chargement de la liste des études améliorée
2025-03-13 09:27:36,179 - ERROR - ui.retro_study_list - Erreur lors de la récupération des études: 'IntegratedStudyManager' object has no attribute 'list_studies'
2025-03-13 09:27:41,289 - INFO - ui.retro_study_list - Chargement de la liste des études améliorée
2025-03-13 09:27:41,298 - ERROR - ui.retro_study_list - Erreur lors de la récupération des études: 'IntegratedStudyManager' object has no attribute 'list_studies'
2025-03-13 09:27:46,121 - INFO - ui.retro_study_list - Chargement de la liste des études améliorée
2025-03-13 09:27:46,127 - ERROR - ui.retro_study_list - Erreur lors de la récupération des études: 'IntegratedStudyManager' object has no attribute 'list_studies'
2025-03-13 09:27:46,307 - INFO - ui.retro_study_list - Chargement de la liste des études améliorée
2025-03-13 09:27:46,311 - ERROR - ui.retro_study_list - Erreur lors de la récupération des études: 'IntegratedStudyManager' object has no attribute 'list_studies'
2025-03-13 09:27:56,713 - INFO - ui.retro_study_list - Chargement de la liste des études améliorée
2025-03-13 09:27:56,715 - ERROR - ui.retro_study_list - Erreur lors de la récupération des études: 'IntegratedStudyManager' object has no attribute 'list_studies'
2025-03-13 09:28:06,710 - INFO - ui.retro_study_list - Chargement de la liste des études améliorée
2025-03-13 09:28:06,716 - ERROR - ui.retro_study_list - Erreur lors de la récupération des études: 'IntegratedStudyManager' object has no attribute 'list_studies'
2025-03-13 09:28:28,038 - INFO - ui.retro_study_list - Chargement de la liste des études améliorée
2025-03-13 09:28:28,055 - ERROR - ui.retro_study_list - Erreur lors de la récupération des études: 'IntegratedStudyManager' object has no attribute 'list_studies'
2025-03-13 09:28:33,136 - INFO - ui.retro_study_list - Chargement de la liste des études améliorée
2025-03-13 09:28:33,163 - ERROR - ui.retro_study_list - Erreur lors de la récupération des études: 'IntegratedStudyManager' object has no attribute 'list_studies'
2025-03-13 09:28:38,575 - INFO - ui.retro_study_list - Chargement de la liste des études améliorée
2025-03-13 09:28:38,585 - ERROR - ui.retro_study_list - Erreur lors de la récupération des études: 'IntegratedStudyManager' object has no attribute 'list_studies'
2025-03-13 09:28:48,713 - INFO - ui.retro_study_list - Chargement de la liste des études améliorée
2025-03-13 09:28:48,717 - ERROR - ui.retro_study_list - Erreur lors de la récupération des études: 'IntegratedStudyManager' object has no attribute 'list_studies'
2025-03-13 09:28:58,730 - INFO - ui.retro_study_list - Chargement de la liste des études améliorée
2025-03-13 09:28:58,733 - ERROR - ui.retro_study_list - Erreur lors de la récupération des études: 'IntegratedStudyManager' object has no attribute 'list_studies'
2025-03-13 09:29:08,732 - INFO - ui.retro_study_list - Chargement de la liste des études améliorée
2025-03-13 09:29:08,735 - ERROR - ui.retro_study_list - Erreur lors de la récupération des études: 'IntegratedStudyManager' object has no attribute 'list_studies'
2025-03-13 09:29:18,740 - INFO - ui.retro_study_list - Chargement de la liste des études améliorée
2025-03-13 09:29:18,745 - ERROR - ui.retro_study_list - Erreur lors de la récupération des études: 'IntegratedStudyManager' object has no attribute 'list_studies'
2025-03-13 09:29:28,740 - INFO - ui.retro_study_list - Chargement de la liste des études améliorée
2025-03-13 09:29:28,744 - ERROR - ui.retro_study_list - Erreur lors de la récupération des études: 'IntegratedStudyManager' object has no attribute 'list_studies'
2025-03-13 09:29:43,207 - INFO - ui.retro_study_list - Chargement de la liste des études améliorée
2025-03-13 09:29:43,219 - ERROR - ui.retro_study_list - Erreur lors de la récupération des études: 'IntegratedStudyManager' object has no attribute 'list_studies'
2025-03-13 09:31:32,776 - INFO - ui.retro_study_list - Chargement de la liste des études améliorée
2025-03-13 09:31:32,785 - INFO - ui.retro_study_list - Récupération de 4 études depuis le gestionnaire
2025-03-13 09:31:43,735 - INFO - ui.retro_study_list - Chargement de la liste des études améliorée
2025-03-13 09:31:43,742 - INFO - ui.retro_study_list - Récupération de 4 études depuis le gestionnaire
2025-03-13 09:31:53,751 - INFO - ui.retro_study_list - Chargement de la liste des études améliorée
2025-03-13 09:31:53,762 - INFO - ui.retro_study_list - Récupération de 4 études depuis le gestionnaire
2025-03-13 09:32:03,736 - INFO - ui.retro_study_list - Chargement de la liste des études améliorée
2025-03-13 09:32:03,747 - INFO - ui.retro_study_list - Récupération de 4 études depuis le gestionnaire
2025-03-13 09:32:13,738 - INFO - ui.retro_study_list - Chargement de la liste des études améliorée
2025-03-13 09:32:13,746 - INFO - ui.retro_study_list - Récupération de 4 études depuis le gestionnaire
2025-03-13 09:32:23,729 - INFO - ui.retro_study_list - Chargement de la liste des études améliorée
2025-03-13 09:32:23,736 - INFO - ui.retro_study_list - Récupération de 4 études depuis le gestionnaire
2025-03-13 09:32:33,729 - INFO - ui.retro_study_list - Chargement de la liste des études améliorée
2025-03-13 09:32:33,739 - INFO - ui.retro_study_list - Récupération de 4 études depuis le gestionnaire
2025-03-13 09:33:18,753 - INFO - ui.retro_study_list - Chargement de la liste des études améliorée
2025-03-13 09:33:18,763 - INFO - ui.retro_study_list - Récupération de 4 études depuis le gestionnaire
2025-03-13 09:33:24,694 - INFO - ui.retro_study_list - Chargement de la liste des études améliorée
2025-03-13 09:33:24,708 - INFO - ui.retro_study_list - Récupération de 4 études depuis le gestionnaire
2025-03-13 09:33:34,694 - INFO - ui.retro_study_list - Chargement de la liste des études améliorée
2025-03-13 09:33:34,706 - INFO - ui.retro_study_list - Récupération de 4 études depuis le gestionnaire
2025-03-13 09:33:44,708 - INFO - ui.retro_study_list - Chargement de la liste des études améliorée
2025-03-13 09:33:44,719 - INFO - ui.retro_study_list - Récupération de 4 études depuis le gestionnaire
2025-03-13 09:33:54,699 - INFO - ui.retro_study_list - Chargement de la liste des études améliorée
2025-03-13 09:33:54,709 - INFO - ui.retro_study_list - Récupération de 4 études depuis le gestionnaire
2025-03-13 09:34:04,694 - INFO - ui.retro_study_list - Chargement de la liste des études améliorée
2025-03-13 09:34:04,706 - INFO - ui.retro_study_list - Récupération de 4 études depuis le gestionnaire
2025-03-13 09:34:14,708 - INFO - ui.retro_study_list - Chargement de la liste des études améliorée
2025-03-13 09:34:14,719 - INFO - ui.retro_study_list - Récupération de 4 études depuis le gestionnaire
2025-03-13 09:34:24,705 - INFO - ui.retro_study_list - Chargement de la liste des études améliorée
2025-03-13 09:34:24,712 - INFO - ui.retro_study_list - Récupération de 4 études depuis le gestionnaire
2025-03-13 09:34:34,704 - INFO - ui.retro_study_list - Chargement de la liste des études améliorée
2025-03-13 09:34:34,713 - INFO - ui.retro_study_list - Récupération de 4 études depuis le gestionnaire
2025-03-13 09:34:44,704 - INFO - ui.retro_study_list - Chargement de la liste des études améliorée
2025-03-13 09:34:44,711 - INFO - ui.retro_study_list - Récupération de 4 études depuis le gestionnaire
2025-03-13 09:35:27,096 - INFO - ui.retro_study_list - Chargement de la liste des études améliorée
2025-03-13 09:35:27,108 - ERROR - ui.retro_study_list - Erreur lors de la récupération des études: 'IntegratedStudyManager' object has no attribute 'list_studies'
2025-03-13 09:35:31,632 - INFO - ui.retro_study_list - Chargement de la liste des études améliorée
2025-03-13 09:35:31,648 - ERROR - ui.retro_study_list - Erreur lors de la récupération des études: 'IntegratedStudyManager' object has no attribute 'list_studies'
2025-03-13 09:35:41,743 - INFO - ui.retro_study_list - Chargement de la liste des études améliorée
2025-03-13 09:35:41,751 - ERROR - ui.retro_study_list - Erreur lors de la récupération des études: 'IntegratedStudyManager' object has no attribute 'list_studies'
2025-03-13 09:35:51,715 - INFO - ui.retro_study_list - Chargement de la liste des études améliorée
2025-03-13 09:35:51,720 - ERROR - ui.retro_study_list - Erreur lors de la récupération des études: 'IntegratedStudyManager' object has no attribute 'list_studies'
2025-03-13 09:36:01,728 - INFO - ui.retro_study_list - Chargement de la liste des études améliorée
2025-03-13 09:36:01,735 - ERROR - ui.retro_study_list - Erreur lors de la récupération des études: 'IntegratedStudyManager' object has no attribute 'list_studies'
2025-03-13 09:36:11,729 - INFO - ui.retro_study_list - Chargement de la liste des études améliorée
2025-03-13 09:36:11,735 - ERROR - ui.retro_study_list - Erreur lors de la récupération des études: 'IntegratedStudyManager' object has no attribute 'list_studies'
2025-03-13 09:36:21,742 - INFO - ui.retro_study_list - Chargement de la liste des études améliorée
2025-03-13 09:36:21,752 - ERROR - ui.retro_study_list - Erreur lors de la récupération des études: 'IntegratedStudyManager' object has no attribute 'list_studies'
2025-03-13 09:36:31,744 - INFO - ui.retro_study_list - Chargement de la liste des études améliorée
2025-03-13 09:36:31,748 - ERROR - ui.retro_study_list - Erreur lors de la récupération des études: 'IntegratedStudyManager' object has no attribute 'list_studies'
2025-03-13 09:37:07,094 - INFO - ui.retro_study_list - Chargement de la liste des études améliorée
2025-03-13 09:37:07,112 - ERROR - ui.retro_study_list - Erreur lors de la récupération des études: 'IntegratedStudyManager' object has no attribute 'list_studies'
2025-03-13 09:37:56,584 - INFO - ui.retro_study_list - Chargement de la liste des études améliorée
2025-03-13 09:37:56,614 - ERROR - ui.retro_study_list - Erreur lors de la récupération des études: 'IntegratedStudyManager' object has no attribute 'list_studies'
2025-03-13 09:38:06,558 - INFO - ui.retro_study_list - Chargement de la liste des études améliorée
2025-03-13 09:38:06,563 - ERROR - ui.retro_study_list - Erreur lors de la récupération des études: 'IntegratedStudyManager' object has no attribute 'list_studies'
2025-03-13 09:38:16,716 - INFO - ui.retro_study_list - Chargement de la liste des études améliorée
2025-03-13 09:38:16,721 - ERROR - ui.retro_study_list - Erreur lors de la récupération des études: 'IntegratedStudyManager' object has no attribute 'list_studies'
2025-03-13 09:38:26,718 - INFO - ui.retro_study_list - Chargement de la liste des études améliorée
2025-03-13 09:38:26,720 - ERROR - ui.retro_study_list - Erreur lors de la récupération des études: 'IntegratedStudyManager' object has no attribute 'list_studies'
2025-03-13 09:38:36,719 - INFO - ui.retro_study_list - Chargement de la liste des études améliorée
2025-03-13 09:38:36,722 - ERROR - ui.retro_study_list - Erreur lors de la récupération des études: 'IntegratedStudyManager' object has no attribute 'list_studies'
2025-03-13 09:38:46,736 - INFO - ui.retro_study_list - Chargement de la liste des études améliorée
2025-03-13 09:38:46,742 - ERROR - ui.retro_study_list - Erreur lors de la récupération des études: 'IntegratedStudyManager' object has no attribute 'list_studies'
2025-03-13 09:38:56,729 - INFO - ui.retro_study_list - Chargement de la liste des études améliorée
2025-03-13 09:38:56,737 - ERROR - ui.retro_study_list - Erreur lors de la récupération des études: 'IntegratedStudyManager' object has no attribute 'list_studies'
2025-03-13 09:39:06,741 - INFO - ui.retro_study_list - Chargement de la liste des études améliorée
2025-03-13 09:39:06,750 - ERROR - ui.retro_study_list - Erreur lors de la récupération des études: 'IntegratedStudyManager' object has no attribute 'list_studies'
2025-03-13 09:39:18,769 - INFO - ui.retro_study_list - Chargement de la liste des études améliorée
2025-03-13 09:39:18,776 - ERROR - ui.retro_study_list - Erreur lors de la récupération des études: 'IntegratedStudyManager' object has no attribute 'list_studies'
2025-03-13 09:39:32,115 - INFO - ui.retro_study_list - Chargement de la liste des études améliorée
2025-03-13 09:39:32,127 - ERROR - ui.retro_study_list - Erreur lors de la récupération des études: 'IntegratedStudyManager' object has no attribute 'list_studies'
2025-03-13 09:39:36,392 - INFO - ui.retro_study_list - Chargement de la liste des études améliorée
2025-03-13 09:39:36,404 - ERROR - ui.retro_study_list - Erreur lors de la récupération des études: 'IntegratedStudyManager' object has no attribute 'list_studies'
2025-03-13 09:39:46,369 - INFO - ui.retro_study_list - Chargement de la liste des études améliorée
2025-03-13 09:39:46,372 - ERROR - ui.retro_study_list - Erreur lors de la récupération des études: 'IntegratedStudyManager' object has no attribute 'list_studies'
2025-03-13 09:39:56,370 - INFO - ui.retro_study_list - Chargement de la liste des études améliorée
2025-03-13 09:39:56,376 - ERROR - ui.retro_study_list - Erreur lors de la récupération des études: 'IntegratedStudyManager' object has no attribute 'list_studies'
2025-03-13 09:40:06,721 - INFO - ui.retro_study_list - Chargement de la liste des études améliorée
2025-03-13 09:40:06,724 - ERROR - ui.retro_study_list - Erreur lors de la récupération des études: 'IntegratedStudyManager' object has no attribute 'list_studies'
2025-03-13 09:40:18,341 - INFO - ui.retro_study_list - Chargement de la liste des études améliorée
2025-03-13 09:40:18,352 - ERROR - ui.retro_study_list - Erreur lors de la récupération des études: 'IntegratedStudyManager' object has no attribute 'list_studies'
2025-03-13 09:40:28,703 - INFO - ui.retro_study_list - Chargement de la liste des études améliorée
2025-03-13 09:40:28,709 - ERROR - ui.retro_study_list - Erreur lors de la récupération des études: 'IntegratedStudyManager' object has no attribute 'list_studies'
2025-03-13 09:40:38,707 - INFO - ui.retro_study_list - Chargement de la liste des études améliorée
2025-03-13 09:40:38,713 - ERROR - ui.retro_study_list - Erreur lors de la récupération des études: 'IntegratedStudyManager' object has no attribute 'list_studies'
2025-03-13 09:40:48,754 - INFO - ui.retro_study_list - Chargement de la liste des études améliorée
2025-03-13 09:40:48,758 - ERROR - ui.retro_study_list - Erreur lors de la récupération des études: 'IntegratedStudyManager' object has no attribute 'list_studies'
2025-03-13 09:40:58,732 - INFO - ui.retro_study_list - Chargement de la liste des études améliorée
2025-03-13 09:40:58,737 - ERROR - ui.retro_study_list - Erreur lors de la récupération des études: 'IntegratedStudyManager' object has no attribute 'list_studies'
2025-03-13 09:41:08,328 - INFO - ui.retro_study_list - Chargement de la liste des études améliorée
2025-03-13 09:41:08,331 - ERROR - ui.retro_study_list - Erreur lors de la récupération des études: 'IntegratedStudyManager' object has no attribute 'list_studies'
2025-03-13 09:41:18,729 - INFO - ui.retro_study_list - Chargement de la liste des études améliorée
2025-03-13 09:41:18,735 - ERROR - ui.retro_study_list - Erreur lors de la récupération des études: 'IntegratedStudyManager' object has no attribute 'list_studies'
2025-03-13 09:41:28,728 - INFO - ui.retro_study_list - Chargement de la liste des études améliorée
2025-03-13 09:41:28,733 - ERROR - ui.retro_study_list - Erreur lors de la récupération des études: 'IntegratedStudyManager' object has no attribute 'list_studies'
2025-03-13 09:41:41,837 - INFO - ui.retro_study_list - Chargement de la liste des études améliorée
2025-03-13 09:41:41,857 - ERROR - ui.retro_study_list - Erreur lors de la récupération des études: 'IntegratedStudyManager' object has no attribute 'list_studies'
2025-03-13 09:41:51,032 - INFO - ui.retro_study_list - Chargement de la liste des études améliorée
2025-03-13 09:41:51,043 - ERROR - ui.retro_study_list - Erreur lors de la récupération des études: 'IntegratedStudyManager' object has no attribute 'list_studies'
2025-03-13 09:42:01,001 - INFO - ui.retro_study_list - Chargement de la liste des études améliorée
2025-03-13 09:42:01,003 - ERROR - ui.retro_study_list - Erreur lors de la récupération des études: 'IntegratedStudyManager' object has no attribute 'list_studies'
2025-03-13 09:42:11,793 - INFO - ui.retro_study_list - Chargement de la liste des études améliorée
2025-03-13 09:42:11,803 - ERROR - ui.retro_study_list - Erreur lors de la récupération des études: 'IntegratedStudyManager' object has no attribute 'list_studies'
2025-03-13 09:42:15,935 - INFO - ui.retro_study_list - Chargement de la liste des études améliorée
2025-03-13 09:42:15,971 - ERROR - ui.retro_study_list - Erreur lors de la récupération des études: 'IntegratedStudyManager' object has no attribute 'list_studies'
2025-03-13 09:42:25,918 - INFO - ui.retro_study_list - Chargement de la liste des études améliorée
2025-03-13 09:42:25,933 - ERROR - ui.retro_study_list - Erreur lors de la récupération des études: 'IntegratedStudyManager' object has no attribute 'list_studies'
2025-03-13 09:42:35,904 - INFO - ui.retro_study_list - Chargement de la liste des études améliorée
2025-03-13 09:42:35,930 - ERROR - ui.retro_study_list - Erreur lors de la récupération des études: 'IntegratedStudyManager' object has no attribute 'list_studies'
2025-03-13 09:42:46,769 - INFO - ui.retro_study_list - Chargement de la liste des études améliorée
2025-03-13 09:42:46,774 - ERROR - ui.retro_study_list - Erreur lors de la récupération des études: 'IntegratedStudyManager' object has no attribute 'list_studies'
2025-03-13 09:42:56,788 - INFO - ui.retro_study_list - Chargement de la liste des études améliorée
2025-03-13 09:42:56,795 - ERROR - ui.retro_study_list - Erreur lors de la récupération des études: 'IntegratedStudyManager' object has no attribute 'list_studies'
2025-03-13 09:43:06,856 - INFO - ui.retro_study_list - Chargement de la liste des études améliorée
2025-03-13 09:43:06,862 - ERROR - ui.retro_study_list - Erreur lors de la récupération des études: 'IntegratedStudyManager' object has no attribute 'list_studies'
2025-03-13 09:43:57,179 - INFO - ui.retro_study_list - Chargement de la liste des études améliorée
2025-03-13 09:43:57,218 - ERROR - ui.retro_study_list - Erreur lors de la récupération des études: 'IntegratedStudyManager' object has no attribute 'list_studies'
2025-03-13 09:44:07,149 - INFO - ui.retro_study_list - Chargement de la liste des études améliorée
2025-03-13 09:44:07,160 - ERROR - ui.retro_study_list - Erreur lors de la récupération des études: 'IntegratedStudyManager' object has no attribute 'list_studies'
2025-03-13 09:44:17,142 - INFO - ui.retro_study_list - Chargement de la liste des études améliorée
2025-03-13 09:44:17,150 - ERROR - ui.retro_study_list - Erreur lors de la récupération des études: 'IntegratedStudyManager' object has no attribute 'list_studies'
2025-03-13 09:44:27,146 - INFO - ui.retro_study_list - Chargement de la liste des études améliorée
2025-03-13 09:44:27,156 - ERROR - ui.retro_study_list - Erreur lors de la récupération des études: 'IntegratedStudyManager' object has no attribute 'list_studies'
2025-03-13 09:44:37,143 - INFO - ui.retro_study_list - Chargement de la liste des études améliorée
2025-03-13 09:44:37,150 - ERROR - ui.retro_study_list - Erreur lors de la récupération des études: 'IntegratedStudyManager' object has no attribute 'list_studies'
2025-03-13 09:44:47,769 - INFO - ui.retro_study_list - Chargement de la liste des études améliorée
2025-03-13 09:44:47,775 - ERROR - ui.retro_study_list - Erreur lors de la récupération des études: 'IntegratedStudyManager' object has no attribute 'list_studies'
2025-03-13 09:45:00,704 - INFO - ui.retro_study_list - Chargement de la liste des études améliorée
2025-03-13 09:45:00,709 - ERROR - ui.retro_study_list - Erreur lors de la récupération des études: 'IntegratedStudyManager' object has no attribute 'list_studies'
2025-03-13 09:45:14,980 - INFO - ui.retro_study_list - Chargement de la liste des études améliorée
2025-03-13 09:45:14,984 - ERROR - ui.retro_study_list - Erreur lors de la récupération des études: 'IntegratedStudyManager' object has no attribute 'list_studies'
2025-03-13 09:45:25,876 - INFO - ui.retro_study_list - Chargement de la liste des études améliorée
2025-03-13 09:45:25,880 - ERROR - ui.retro_study_list - Erreur lors de la récupération des études: 'IntegratedStudyManager' object has no attribute 'list_studies'
2025-03-13 09:45:37,485 - INFO - ui.retro_study_list - Chargement de la liste des études améliorée
2025-03-13 09:45:37,487 - ERROR - ui.retro_study_list - Erreur lors de la récupération des études: 'IntegratedStudyManager' object has no attribute 'list_studies'
2025-03-13 09:45:44,827 - INFO - ui.retro_study_list - Chargement de la liste des études améliorée
2025-03-13 09:45:44,834 - ERROR - ui.retro_study_list - Erreur lors de la récupération des études: 'IntegratedStudyManager' object has no attribute 'list_studies'
2025-03-13 09:46:18,824 - INFO - ui.retro_study_list - Chargement de la liste des études améliorée
2025-03-13 09:46:18,831 - ERROR - ui.retro_study_list - Erreur lors de la récupération des études: 'IntegratedStudyManager' object has no attribute 'list_studies'
2025-03-13 09:46:28,702 - INFO - ui.retro_study_list - Chargement de la liste des études améliorée
2025-03-13 09:46:28,706 - ERROR - ui.retro_study_list - Erreur lors de la récupération des études: 'IntegratedStudyManager' object has no attribute 'list_studies'
2025-03-13 09:46:38,700 - INFO - ui.retro_study_list - Chargement de la liste des études améliorée
2025-03-13 09:46:38,704 - ERROR - ui.retro_study_list - Erreur lors de la récupération des études: 'IntegratedStudyManager' object has no attribute 'list_studies'
2025-03-13 09:46:49,701 - INFO - ui.retro_study_list - Chargement de la liste des études améliorée
2025-03-13 09:46:49,708 - ERROR - ui.retro_study_list - Erreur lors de la récupération des études: 'IntegratedStudyManager' object has no attribute 'list_studies'
2025-03-13 09:47:03,754 - INFO - ui.retro_study_list - Chargement de la liste des études améliorée
2025-03-13 09:47:03,758 - ERROR - ui.retro_study_list - Erreur lors de la récupération des études: 'IntegratedStudyManager' object has no attribute 'list_studies'
2025-03-13 09:47:15,704 - INFO - ui.retro_study_list - Chargement de la liste des études améliorée
2025-03-13 09:47:15,708 - ERROR - ui.retro_study_list - Erreur lors de la récupération des études: 'IntegratedStudyManager' object has no attribute 'list_studies'
2025-03-13 09:47:24,693 - INFO - ui.retro_study_list - Chargement de la liste des études améliorée
2025-03-13 09:47:24,700 - ERROR - ui.retro_study_list - Erreur lors de la récupération des études: 'IntegratedStudyManager' object has no attribute 'list_studies'
2025-03-13 09:47:32,699 - INFO - ui.retro_study_list - Chargement de la liste des études améliorée
2025-03-13 09:47:32,703 - ERROR - ui.retro_study_list - Erreur lors de la récupération des études: 'IntegratedStudyManager' object has no attribute 'list_studies'
2025-03-13 09:47:42,705 - INFO - ui.retro_study_list - Chargement de la liste des études améliorée
2025-03-13 09:47:42,710 - ERROR - ui.retro_study_list - Erreur lors de la récupération des études: 'IntegratedStudyManager' object has no attribute 'list_studies'
2025-03-13 09:47:53,796 - INFO - ui.retro_study_list - Chargement de la liste des études améliorée
2025-03-13 09:47:53,800 - ERROR - ui.retro_study_list - Erreur lors de la récupération des études: 'IntegratedStudyManager' object has no attribute 'list_studies'
2025-03-13 09:48:02,549 - INFO - ui.retro_study_list - Chargement de la liste des études améliorée
2025-03-13 09:48:02,555 - ERROR - ui.retro_study_list - Erreur lors de la récupération des études: 'IntegratedStudyManager' object has no attribute 'list_studies'
2025-03-13 09:48:15,297 - INFO - ui.retro_study_list - Chargement de la liste des études améliorée
2025-03-13 09:48:15,301 - ERROR - ui.retro_study_list - Erreur lors de la récupération des études: 'IntegratedStudyManager' object has no attribute 'list_studies'
2025-03-13 09:48:24,872 - INFO - ui.retro_study_list - Chargement de la liste des études améliorée
2025-03-13 09:48:24,879 - ERROR - ui.retro_study_list - Erreur lors de la récupération des études: 'IntegratedStudyManager' object has no attribute 'list_studies'
2025-03-13 10:04:10,329 - INFO - ui.retro_study_list - Chargement de la liste des études améliorée
2025-03-13 10:04:10,334 - ERROR - ui.retro_study_list - Erreur lors de la récupération des études: 'IntegratedStudyManager' object has no attribute 'list_studies'
2025-03-13 10:04:18,708 - INFO - ui.retro_study_list - Chargement de la liste des études améliorée
2025-03-13 10:04:18,713 - ERROR - ui.retro_study_list - Erreur lors de la récupération des études: 'IntegratedStudyManager' object has no attribute 'list_studies'
2025-03-13 10:04:28,698 - INFO - ui.retro_study_list - Chargement de la liste des études améliorée
2025-03-13 10:04:28,706 - ERROR - ui.retro_study_list - Erreur lors de la récupération des études: 'IntegratedStudyManager' object has no attribute 'list_studies'
2025-03-13 10:04:38,709 - INFO - ui.retro_study_list - Chargement de la liste des études améliorée
2025-03-13 10:04:38,714 - ERROR - ui.retro_study_list - Erreur lors de la récupération des études: 'IntegratedStudyManager' object has no attribute 'list_studies'
2025-03-13 10:04:48,696 - INFO - ui.retro_study_list - Chargement de la liste des études améliorée
2025-03-13 10:04:48,700 - ERROR - ui.retro_study_list - Erreur lors de la récupération des études: 'IntegratedStudyManager' object has no attribute 'list_studies'
2025-03-13 10:04:58,706 - INFO - ui.retro_study_list - Chargement de la liste des études améliorée
2025-03-13 10:04:58,713 - ERROR - ui.retro_study_list - Erreur lors de la récupération des études: 'IntegratedStudyManager' object has no attribute 'list_studies'
2025-03-13 10:05:08,708 - INFO - ui.retro_study_list - Chargement de la liste des études améliorée
2025-03-13 10:05:08,714 - ERROR - ui.retro_study_list - Erreur lors de la récupération des études: 'IntegratedStudyManager' object has no attribute 'list_studies'
2025-03-13 10:05:18,705 - INFO - ui.retro_study_list - Chargement de la liste des études améliorée
2025-03-13 10:05:18,710 - ERROR - ui.retro_study_list - Erreur lors de la récupération des études: 'IntegratedStudyManager' object has no attribute 'list_studies'
2025-03-13 10:05:28,707 - INFO - ui.retro_study_list - Chargement de la liste des études améliorée
2025-03-13 10:05:28,712 - ERROR - ui.retro_study_list - Erreur lors de la récupération des études: 'IntegratedStudyManager' object has no attribute 'list_studies'
2025-03-13 10:05:38,695 - INFO - ui.retro_study_list - Chargement de la liste des études améliorée
2025-03-13 10:05:38,705 - ERROR - ui.retro_study_list - Erreur lors de la récupération des études: 'IntegratedStudyManager' object has no attribute 'list_studies'
2025-03-13 10:05:48,708 - INFO - ui.retro_study_list - Chargement de la liste des études améliorée
2025-03-13 10:05:48,713 - ERROR - ui.retro_study_list - Erreur lors de la récupération des études: 'IntegratedStudyManager' object has no attribute 'list_studies'
2025-03-13 10:05:58,710 - INFO - ui.retro_study_list - Chargement de la liste des études améliorée
2025-03-13 10:05:58,718 - ERROR - ui.retro_study_list - Erreur lors de la récupération des études: 'IntegratedStudyManager' object has no attribute 'list_studies'
2025-03-13 10:06:08,704 - INFO - ui.retro_study_list - Chargement de la liste des études améliorée
2025-03-13 10:06:08,708 - ERROR - ui.retro_study_list - Erreur lors de la récupération des études: 'IntegratedStudyManager' object has no attribute 'list_studies'
2025-03-13 10:06:18,698 - INFO - ui.retro_study_list - Chargement de la liste des études améliorée
2025-03-13 10:06:18,705 - ERROR - ui.retro_study_list - Erreur lors de la récupération des études: 'IntegratedStudyManager' object has no attribute 'list_studies'
2025-03-13 10:06:28,693 - INFO - ui.retro_study_list - Chargement de la liste des études améliorée
2025-03-13 10:06:28,700 - ERROR - ui.retro_study_list - Erreur lors de la récupération des études: 'IntegratedStudyManager' object has no attribute 'list_studies'
2025-03-13 10:06:38,699 - INFO - ui.retro_study_list - Chargement de la liste des études améliorée
2025-03-13 10:06:38,704 - ERROR - ui.retro_study_list - Erreur lors de la récupération des études: 'IntegratedStudyManager' object has no attribute 'list_studies'
2025-03-13 10:06:48,704 - INFO - ui.retro_study_list - Chargement de la liste des études améliorée
2025-03-13 10:06:48,711 - ERROR - ui.retro_study_list - Erreur lors de la récupération des études: 'IntegratedStudyManager' object has no attribute 'list_studies'
2025-03-13 10:06:58,696 - INFO - ui.retro_study_list - Chargement de la liste des études améliorée
2025-03-13 10:06:58,701 - ERROR - ui.retro_study_list - Erreur lors de la récupération des études: 'IntegratedStudyManager' object has no attribute 'list_studies'
2025-03-13 10:07:08,699 - INFO - ui.retro_study_list - Chargement de la liste des études améliorée
2025-03-13 10:07:08,707 - ERROR - ui.retro_study_list - Erreur lors de la récupération des études: 'IntegratedStudyManager' object has no attribute 'list_studies'
2025-03-13 10:07:18,700 - INFO - ui.retro_study_list - Chargement de la liste des études améliorée
2025-03-13 10:07:18,706 - ERROR - ui.retro_study_list - Erreur lors de la récupération des études: 'IntegratedStudyManager' object has no attribute 'list_studies'
2025-03-13 10:07:27,145 - INFO - ui.retro_study_list - Chargement de la liste des études améliorée
2025-03-13 10:07:27,152 - ERROR - ui.retro_study_list - Erreur lors de la récupération des études: 'IntegratedStudyManager' object has no attribute 'list_studies'
2025-03-13 10:07:37,150 - INFO - ui.retro_study_list - Chargement de la liste des études améliorée
2025-03-13 10:07:37,160 - ERROR - ui.retro_study_list - Erreur lors de la récupération des études: 'IntegratedStudyManager' object has no attribute 'list_studies'
2025-03-13 10:07:38,645 - INFO - ui.retro_study_list - Chargement de la liste des études améliorée
2025-03-13 10:07:38,681 - ERROR - ui.retro_study_list - Erreur lors de la récupération des études: 'IntegratedStudyManager' object has no attribute 'list_studies'
2025-03-13 10:07:48,705 - INFO - ui.retro_study_list - Chargement de la liste des études améliorée
2025-03-13 10:07:48,710 - ERROR - ui.retro_study_list - Erreur lors de la récupération des études: 'IntegratedStudyManager' object has no attribute 'list_studies'
2025-03-13 10:07:58,856 - INFO - ui.retro_study_list - Chargement de la liste des études améliorée
2025-03-13 10:07:58,864 - ERROR - ui.retro_study_list - Erreur lors de la récupération des études: 'IntegratedStudyManager' object has no attribute 'list_studies'
2025-03-13 10:08:16,850 - INFO - ui.retro_study_list - Chargement de la liste des études améliorée
2025-03-13 10:08:16,856 - ERROR - ui.retro_study_list - Erreur lors de la récupération des études: 'IntegratedStudyManager' object has no attribute 'list_studies'
2025-03-13 10:08:26,579 - INFO - ui.retro_study_list - Chargement de la liste des études améliorée
2025-03-13 10:08:26,583 - ERROR - ui.retro_study_list - Erreur lors de la récupération des études: 'IntegratedStudyManager' object has no attribute 'list_studies'
2025-03-13 10:08:37,783 - INFO - ui.retro_study_list - Chargement de la liste des études améliorée
2025-03-13 10:08:37,789 - ERROR - ui.retro_study_list - Erreur lors de la récupération des études: 'IntegratedStudyManager' object has no attribute 'list_studies'
