2025-03-09 22:05:16,221 - INFO - ui.splash_screen - Animation: INITIALIZING TRADING SYSTEM...
2025-03-09 22:05:16,363 - INFO - ui.splash_screen - Animation: LOADING CORE MODULES...
2025-03-09 22:05:16,518 - INFO - ui.splash_screen - Animation: [ OK ] Data module loaded
2025-03-09 22:05:16,673 - INFO - ui.splash_screen - Animation: [ OK ] Optimization engine loaded
2025-03-09 22:05:16,821 - INFO - ui.splash_screen - Animation: [ OK ] Strategy framework loaded
2025-03-09 22:05:16,986 - INFO - ui.splash_screen - Animation: [ OK ] Backtest engine loaded
2025-03-09 22:05:17,117 - INFO - ui.splash_screen - Animation: CHECKING MARKET CONNECTIONS...
2025-03-09 22:05:17,286 - INFO - ui.splash_screen - Animation: [ OK ] Binance API connected
2025-03-09 22:05:17,421 - INFO - ui.splash_screen - Animation: [ OK ] Bitget API connected
2025-03-09 22:05:17,574 - INFO - ui.splash_screen - Animation: [ OK ] Database connection established
2025-03-09 22:05:17,729 - INFO - ui.splash_screen - Animation: INITIALIZING TRADING ALGORITHMS...
2025-03-09 22:05:17,868 - INFO - ui.splash_screen - Animation: [ OK ] All systems operational
2025-03-09 22:05:18,151 - INFO - ui.splash_screen - Animation: TRADING NEXUS v1.0.0 Alpha READY
2025-03-09 22:05:18,152 - INFO - ui.splash_screen - Animation terminée, affichage du message d'appui sur une touche
2025-03-09 22:05:35,750 - INFO - ui.splash_screen - Animation: INITIALIZING TRADING SYSTEM...
2025-03-09 22:06:02,005 - INFO - ui.splash_screen - Animation: INITIALIZING TRADING SYSTEM...
2025-03-09 22:06:02,470 - INFO - ui.splash_screen - Animation: LOADING CORE MODULES...
2025-03-09 22:06:02,616 - INFO - ui.splash_screen - Animation: [ OK ] Data module loaded
2025-03-09 22:06:02,754 - INFO - ui.splash_screen - Animation: [ OK ] Optimization engine loaded
2025-03-09 22:06:02,901 - INFO - ui.splash_screen - Animation: [ OK ] Strategy framework loaded
2025-03-09 22:06:03,053 - INFO - ui.splash_screen - Animation: [ OK ] Backtest engine loaded
2025-03-09 22:06:03,196 - INFO - ui.splash_screen - Animation: CHECKING MARKET CONNECTIONS...
2025-03-09 22:06:03,351 - INFO - ui.splash_screen - Animation: [ OK ] Binance API connected
2025-03-09 22:06:03,496 - INFO - ui.splash_screen - Animation: [ OK ] Bitget API connected
2025-03-09 22:06:03,653 - INFO - ui.splash_screen - Animation: [ OK ] Database connection established
2025-03-09 22:06:03,803 - INFO - ui.splash_screen - Animation: INITIALIZING TRADING ALGORITHMS...
2025-03-09 22:06:03,955 - INFO - ui.splash_screen - Animation: [ OK ] All systems operational
2025-03-09 22:06:04,102 - INFO - ui.splash_screen - Animation: TRADING NEXUS v1.0.0 Alpha READY
2025-03-09 22:06:04,103 - INFO - ui.splash_screen - Animation terminée, affichage du message d'appui sur une touche
2025-03-09 22:06:06,251 - INFO - ui.splash_screen - Transition vers le tableau de bord
2025-03-09 22:06:09,561 - INFO - ui.splash_screen - Animation: INITIALIZING TRADING SYSTEM...
2025-03-09 22:06:10,459 - INFO - ui.splash_screen - Animation: INITIALIZING TRADING SYSTEM...
2025-03-09 22:06:11,935 - INFO - ui.splash_screen - Animation: INITIALIZING TRADING SYSTEM...
2025-03-09 22:06:12,419 - INFO - ui.splash_screen - Animation: LOADING CORE MODULES...
2025-03-09 22:06:12,537 - INFO - ui.splash_screen - Animation: [ OK ] Data module loaded
2025-03-09 22:06:14,962 - INFO - ui.splash_screen - Animation: INITIALIZING TRADING SYSTEM...
2025-03-09 22:06:15,450 - INFO - ui.splash_screen - Animation: LOADING CORE MODULES...
2025-03-09 22:06:15,565 - INFO - ui.splash_screen - Animation: [ OK ] Data module loaded
2025-03-09 22:06:15,710 - INFO - ui.splash_screen - Animation: [ OK ] Optimization engine loaded
2025-03-09 22:06:15,868 - INFO - ui.splash_screen - Animation: [ OK ] Strategy framework loaded
2025-03-09 22:06:16,012 - INFO - ui.splash_screen - Animation: [ OK ] Backtest engine loaded
2025-03-09 22:06:16,169 - INFO - ui.splash_screen - Animation: CHECKING MARKET CONNECTIONS...
2025-03-09 22:06:16,310 - INFO - ui.splash_screen - Animation: [ OK ] Binance API connected
2025-03-09 22:06:16,468 - INFO - ui.splash_screen - Animation: [ OK ] Bitget API connected
2025-03-09 22:06:16,617 - INFO - ui.splash_screen - Animation: [ OK ] Database connection established
2025-03-09 22:06:16,774 - INFO - ui.splash_screen - Animation: INITIALIZING TRADING ALGORITHMS...
2025-03-09 22:06:16,916 - INFO - ui.splash_screen - Animation: [ OK ] All systems operational
2025-03-09 22:06:17,063 - INFO - ui.splash_screen - Animation: TRADING NEXUS v1.0.0 Alpha READY
2025-03-09 22:06:17,064 - INFO - ui.splash_screen - Animation terminée, affichage du message d'appui sur une touche
2025-03-09 22:06:18,387 - INFO - ui.splash_screen - Transition vers le tableau de bord
2025-03-09 22:19:00,311 - INFO - ui.splash_screen - Animation: INITIALIZING TRADING SYSTEM...
2025-03-09 22:19:00,319 - INFO - ui.splash_screen - Animation: INITIALIZING TRADING SYSTEM...
2025-03-09 22:19:00,323 - INFO - ui.splash_screen - Animation: INITIALIZING TRADING SYSTEM...
2025-03-09 22:19:00,324 - INFO - ui.splash_screen - Animation: INITIALIZING TRADING SYSTEM...
2025-03-09 22:19:00,343 - INFO - ui.splash_screen - Animation: INITIALIZING TRADING SYSTEM...
2025-03-09 22:19:00,344 - INFO - ui.splash_screen - Animation: INITIALIZING TRADING SYSTEM...
2025-03-09 22:19:00,348 - INFO - ui.splash_screen - Animation: INITIALIZING TRADING SYSTEM...
2025-03-09 22:19:00,354 - INFO - ui.splash_screen - Animation: INITIALIZING TRADING SYSTEM...
2025-03-09 22:19:00,356 - INFO - ui.splash_screen - Animation: INITIALIZING TRADING SYSTEM...
2025-03-09 22:19:00,372 - INFO - ui.splash_screen - Animation: INITIALIZING TRADING SYSTEM...
2025-03-09 22:19:00,380 - INFO - ui.splash_screen - Animation: INITIALIZING TRADING SYSTEM...
2025-03-09 22:19:00,384 - INFO - ui.splash_screen - Animation: INITIALIZING TRADING SYSTEM...
2025-03-09 22:19:00,386 - INFO - ui.splash_screen - Animation: INITIALIZING TRADING SYSTEM...
2025-03-09 22:19:00,389 - INFO - ui.splash_screen - Animation: INITIALIZING TRADING SYSTEM...
2025-03-09 22:19:00,394 - INFO - ui.splash_screen - Animation: INITIALIZING TRADING SYSTEM...
2025-03-09 22:19:00,396 - INFO - ui.splash_screen - Animation: INITIALIZING TRADING SYSTEM...
2025-03-09 22:19:00,415 - INFO - ui.splash_screen - Animation: INITIALIZING TRADING SYSTEM...
2025-03-09 22:19:00,417 - INFO - ui.splash_screen - Animation: INITIALIZING TRADING SYSTEM...
2025-03-09 22:19:00,422 - INFO - ui.splash_screen - Animation: INITIALIZING TRADING SYSTEM...
2025-03-09 22:19:00,429 - INFO - ui.splash_screen - Animation: INITIALIZING TRADING SYSTEM...
2025-03-09 22:19:00,430 - INFO - ui.splash_screen - Animation: INITIALIZING TRADING SYSTEM...
2025-03-09 22:19:00,437 - INFO - ui.splash_screen - Animation: INITIALIZING TRADING SYSTEM...
2025-03-09 22:19:00,447 - INFO - ui.splash_screen - Animation: INITIALIZING TRADING SYSTEM...
2025-03-09 22:19:00,450 - INFO - ui.splash_screen - Animation: INITIALIZING TRADING SYSTEM...
2025-03-09 22:19:00,452 - INFO - ui.splash_screen - Animation: INITIALIZING TRADING SYSTEM...
2025-03-09 22:19:00,456 - INFO - ui.splash_screen - Animation: INITIALIZING TRADING SYSTEM...
2025-03-09 22:19:00,458 - INFO - ui.splash_screen - Animation: INITIALIZING TRADING SYSTEM...
2025-03-09 22:19:00,463 - INFO - ui.splash_screen - Animation: INITIALIZING TRADING SYSTEM...
2025-03-09 22:19:00,892 - INFO - ui.splash_screen - Animation: INITIALIZING TRADING SYSTEM...
2025-03-09 22:19:01,350 - INFO - ui.splash_screen - Animation: LOADING CORE MODULES...
2025-03-09 22:19:01,498 - INFO - ui.splash_screen - Animation: [ OK ] Data module loaded
2025-03-09 22:19:01,639 - INFO - ui.splash_screen - Animation: [ OK ] Optimization engine loaded
2025-03-09 22:19:01,800 - INFO - ui.splash_screen - Animation: [ OK ] Strategy framework loaded
2025-03-09 22:19:01,949 - INFO - ui.splash_screen - Animation: [ OK ] Backtest engine loaded
2025-03-09 22:19:02,091 - INFO - ui.splash_screen - Animation: CHECKING MARKET CONNECTIONS...
2025-03-09 22:19:02,250 - INFO - ui.splash_screen - Animation: [ OK ] Binance API connected
2025-03-09 22:19:02,401 - INFO - ui.splash_screen - Animation: [ OK ] Bitget API connected
2025-03-09 22:19:02,547 - INFO - ui.splash_screen - Animation: [ OK ] Database connection established
2025-03-09 22:19:02,698 - INFO - ui.splash_screen - Animation: INITIALIZING TRADING ALGORITHMS...
2025-03-09 22:19:02,850 - INFO - ui.splash_screen - Animation: [ OK ] All systems operational
2025-03-09 22:19:02,995 - INFO - ui.splash_screen - Animation: TRADING NEXUS v1.0.0 Alpha READY
2025-03-09 22:19:02,997 - INFO - ui.splash_screen - Animation terminée, affichage du message d'appui sur une touche
2025-03-09 22:19:04,521 - INFO - ui.splash_screen - Transition vers le tableau de bord
2025-03-09 22:19:16,399 - INFO - ui.splash_screen - Animation: INITIALIZING TRADING SYSTEM...
2025-03-09 22:19:16,583 - INFO - ui.splash_screen - Animation: LOADING CORE MODULES...
2025-03-09 22:19:16,702 - INFO - ui.splash_screen - Animation: [ OK ] Data module loaded
2025-03-09 22:19:16,858 - INFO - ui.splash_screen - Animation: [ OK ] Optimization engine loaded
2025-03-09 22:19:16,999 - INFO - ui.splash_screen - Animation: [ OK ] Strategy framework loaded
2025-03-09 22:19:17,149 - INFO - ui.splash_screen - Animation: [ OK ] Backtest engine loaded
2025-03-09 22:19:17,312 - INFO - ui.splash_screen - Animation: CHECKING MARKET CONNECTIONS...
2025-03-09 22:19:17,466 - INFO - ui.splash_screen - Animation: [ OK ] Binance API connected
2025-03-09 22:19:17,609 - INFO - ui.splash_screen - Animation: [ OK ] Bitget API connected
2025-03-09 22:19:17,765 - INFO - ui.splash_screen - Animation: [ OK ] Database connection established
2025-03-09 22:19:17,905 - INFO - ui.splash_screen - Animation: INITIALIZING TRADING ALGORITHMS...
2025-03-09 22:19:18,050 - INFO - ui.splash_screen - Animation: [ OK ] All systems operational
2025-03-09 22:19:18,200 - INFO - ui.splash_screen - Animation: TRADING NEXUS v1.0.0 Alpha READY
2025-03-09 22:19:18,201 - INFO - ui.splash_screen - Animation terminée, affichage du message d'appui sur une touche
2025-03-09 22:19:26,592 - INFO - ui.splash_screen - Transition vers le tableau de bord
2025-03-09 22:25:19,817 - INFO - ui.splash_screen - Animation: INITIALIZING TRADING SYSTEM...
2025-03-09 22:25:19,950 - INFO - ui.splash_screen - Animation: LOADING CORE MODULES...
2025-03-09 22:25:20,071 - INFO - ui.splash_screen - Animation: [ OK ] Data module loaded
2025-03-09 22:25:20,224 - INFO - ui.splash_screen - Animation: [ OK ] Optimization engine loaded
2025-03-09 22:25:20,369 - INFO - ui.splash_screen - Animation: [ OK ] Strategy framework loaded
2025-03-09 22:25:20,535 - INFO - ui.splash_screen - Animation: [ OK ] Backtest engine loaded
2025-03-09 22:25:20,672 - INFO - ui.splash_screen - Animation: CHECKING MARKET CONNECTIONS...
2025-03-09 22:25:20,832 - INFO - ui.splash_screen - Animation: [ OK ] Binance API connected
2025-03-09 22:25:20,974 - INFO - ui.splash_screen - Animation: [ OK ] Bitget API connected
2025-03-09 22:25:21,117 - INFO - ui.splash_screen - Animation: [ OK ] Database connection established
2025-03-09 22:25:21,288 - INFO - ui.splash_screen - Animation: INITIALIZING TRADING ALGORITHMS...
2025-03-09 22:25:21,426 - INFO - ui.splash_screen - Animation: [ OK ] All systems operational
2025-03-09 22:25:21,570 - INFO - ui.splash_screen - Animation: TRADING NEXUS v1.0.0 Alpha READY
2025-03-09 22:25:21,572 - INFO - ui.splash_screen - Animation terminée, affichage du message d'appui sur une touche
2025-03-09 22:25:25,513 - INFO - ui.splash_screen - Transition vers le tableau de bord
2025-03-09 22:25:25,765 - INFO - ui.splash_screen - Transition vers le tableau de bord
2025-03-09 23:03:12,491 - INFO - ui.splash_screen - Animation: INITIALIZING TRADING SYSTEM...
2025-03-09 23:03:12,661 - INFO - ui.splash_screen - Animation: LOADING CORE MODULES...
2025-03-09 23:03:13,128 - INFO - ui.splash_screen - Animation: LOADING CORE MODULES...
2025-03-09 23:03:13,242 - INFO - ui.splash_screen - Animation: [ OK ] Data module loaded
2025-03-09 23:03:13,392 - INFO - ui.splash_screen - Animation: [ OK ] Optimization engine loaded
2025-03-09 23:03:13,544 - INFO - ui.splash_screen - Animation: [ OK ] Strategy framework loaded
2025-03-09 23:03:13,695 - INFO - ui.splash_screen - Animation: [ OK ] Backtest engine loaded
2025-03-09 23:03:13,841 - INFO - ui.splash_screen - Animation: CHECKING MARKET CONNECTIONS...
2025-03-09 23:03:13,988 - INFO - ui.splash_screen - Animation: [ OK ] Binance API connected
2025-03-09 23:03:14,142 - INFO - ui.splash_screen - Animation: [ OK ] Bitget API connected
2025-03-09 23:03:14,294 - INFO - ui.splash_screen - Animation: [ OK ] Database connection established
2025-03-09 23:03:14,439 - INFO - ui.splash_screen - Animation: INITIALIZING TRADING ALGORITHMS...
2025-03-09 23:03:14,590 - INFO - ui.splash_screen - Animation: [ OK ] All systems operational
2025-03-09 23:03:14,740 - INFO - ui.splash_screen - Animation: TRADING NEXUS v1.0.0 Alpha READY
2025-03-09 23:03:14,742 - INFO - ui.splash_screen - Animation terminée, affichage du message d'appui sur une touche
2025-03-09 23:03:16,011 - INFO - ui.splash_screen - Transition vers le tableau de bord
2025-03-09 23:06:06,050 - INFO - ui.splash_screen - Animation: INITIALIZING TRADING SYSTEM...
2025-03-09 23:06:06,649 - INFO - ui.splash_screen - Animation: LOADING CORE MODULES...
2025-03-09 23:06:06,666 - INFO - ui.splash_screen - Animation: LOADING CORE MODULES...
2025-03-09 23:06:06,795 - INFO - ui.splash_screen - Animation: [ OK ] Data module loaded
2025-03-09 23:06:06,945 - INFO - ui.splash_screen - Animation: [ OK ] Optimization engine loaded
2025-03-09 23:06:07,096 - INFO - ui.splash_screen - Animation: [ OK ] Strategy framework loaded
2025-03-09 23:06:07,255 - INFO - ui.splash_screen - Animation: [ OK ] Backtest engine loaded
2025-03-09 23:06:07,398 - INFO - ui.splash_screen - Animation: CHECKING MARKET CONNECTIONS...
2025-03-09 23:06:07,557 - INFO - ui.splash_screen - Animation: [ OK ] Binance API connected
2025-03-09 23:06:07,694 - INFO - ui.splash_screen - Animation: [ OK ] Bitget API connected
2025-03-09 23:06:07,843 - INFO - ui.splash_screen - Animation: [ OK ] Database connection established
2025-03-09 23:06:07,991 - INFO - ui.splash_screen - Animation: INITIALIZING TRADING ALGORITHMS...
2025-03-09 23:06:08,159 - INFO - ui.splash_screen - Animation: [ OK ] All systems operational
2025-03-09 23:06:08,297 - INFO - ui.splash_screen - Animation: TRADING NEXUS v1.0.0 Alpha READY
2025-03-09 23:06:08,297 - INFO - ui.splash_screen - Animation terminée, affichage du message d'appui sur une touche
2025-03-09 23:06:14,923 - INFO - ui.splash_screen - Transition vers le tableau de bord
2025-03-09 23:06:15,030 - INFO - ui.splash_screen - Transition vers le tableau de bord
2025-03-09 23:06:37,311 - INFO - ui.splash_screen - Animation: INITIALIZING TRADING SYSTEM...
2025-03-09 23:06:37,561 - INFO - ui.splash_screen - Animation: LOADING CORE MODULES...
2025-03-09 23:06:37,620 - INFO - ui.splash_screen - Animation: [ OK ] Data module loaded
2025-03-09 23:06:37,760 - INFO - ui.splash_screen - Animation: [ OK ] Optimization engine loaded
2025-03-09 23:06:37,916 - INFO - ui.splash_screen - Animation: [ OK ] Strategy framework loaded
2025-03-09 23:06:38,084 - INFO - ui.splash_screen - Animation: [ OK ] Backtest engine loaded
2025-03-09 23:06:38,218 - INFO - ui.splash_screen - Animation: CHECKING MARKET CONNECTIONS...
2025-03-09 23:06:38,385 - INFO - ui.splash_screen - Animation: [ OK ] Binance API connected
2025-03-09 23:06:38,519 - INFO - ui.splash_screen - Animation: [ OK ] Bitget API connected
2025-03-09 23:06:38,664 - INFO - ui.splash_screen - Animation: [ OK ] Database connection established
2025-03-09 23:06:38,830 - INFO - ui.splash_screen - Animation: INITIALIZING TRADING ALGORITHMS...
2025-03-09 23:06:38,966 - INFO - ui.splash_screen - Animation: [ OK ] All systems operational
2025-03-09 23:06:39,130 - INFO - ui.splash_screen - Animation: TRADING NEXUS v1.0.0 Alpha READY
2025-03-09 23:06:39,133 - INFO - ui.splash_screen - Animation terminée, affichage du message d'appui sur une touche
2025-03-09 23:07:58,710 - INFO - ui.splash_screen - Animation: INITIALIZING TRADING SYSTEM...
2025-03-09 23:07:58,874 - INFO - ui.splash_screen - Animation: LOADING CORE MODULES...
2025-03-09 23:07:58,974 - INFO - ui.splash_screen - Animation: [ OK ] Data module loaded
2025-03-09 23:07:59,118 - INFO - ui.splash_screen - Animation: [ OK ] Optimization engine loaded
2025-03-09 23:07:59,268 - INFO - ui.splash_screen - Animation: [ OK ] Strategy framework loaded
2025-03-09 23:07:59,417 - INFO - ui.splash_screen - Animation: [ OK ] Backtest engine loaded
2025-03-09 23:07:59,582 - INFO - ui.splash_screen - Animation: CHECKING MARKET CONNECTIONS...
2025-03-09 23:07:59,734 - INFO - ui.splash_screen - Animation: [ OK ] Binance API connected
2025-03-09 23:07:59,871 - INFO - ui.splash_screen - Animation: [ OK ] Bitget API connected
2025-03-09 23:08:00,019 - INFO - ui.splash_screen - Animation: [ OK ] Database connection established
2025-03-09 23:08:00,175 - INFO - ui.splash_screen - Animation: INITIALIZING TRADING ALGORITHMS...
2025-03-09 23:08:00,316 - INFO - ui.splash_screen - Animation: [ OK ] All systems operational
2025-03-09 23:08:00,475 - INFO - ui.splash_screen - Animation: TRADING NEXUS v1.0.0 Alpha READY
2025-03-09 23:08:00,478 - INFO - ui.splash_screen - Animation terminée, affichage du message d'appui sur une touche
2025-03-09 23:08:01,104 - INFO - ui.splash_screen - Transition vers le tableau de bord
2025-03-09 23:08:37,272 - INFO - ui.splash_screen - Animation: INITIALIZING TRADING SYSTEM...
2025-03-09 23:08:37,805 - INFO - ui.splash_screen - Animation: LOADING CORE MODULES...
2025-03-09 23:08:37,878 - INFO - ui.splash_screen - Animation: [ OK ] Data module loaded
2025-03-09 23:08:38,024 - INFO - ui.splash_screen - Animation: [ OK ] Optimization engine loaded
2025-03-09 23:08:38,178 - INFO - ui.splash_screen - Animation: [ OK ] Strategy framework loaded
2025-03-09 23:08:38,327 - INFO - ui.splash_screen - Animation: [ OK ] Backtest engine loaded
2025-03-09 23:08:38,491 - INFO - ui.splash_screen - Animation: CHECKING MARKET CONNECTIONS...
2025-03-09 23:08:38,627 - INFO - ui.splash_screen - Animation: [ OK ] Binance API connected
2025-03-09 23:08:38,784 - INFO - ui.splash_screen - Animation: [ OK ] Bitget API connected
2025-03-09 23:08:38,930 - INFO - ui.splash_screen - Animation: [ OK ] Database connection established
2025-03-09 23:08:39,075 - INFO - ui.splash_screen - Animation: INITIALIZING TRADING ALGORITHMS...
2025-03-09 23:08:39,228 - INFO - ui.splash_screen - Animation: [ OK ] All systems operational
2025-03-09 23:08:39,373 - INFO - ui.splash_screen - Animation: TRADING NEXUS v1.0.0 Alpha READY
2025-03-09 23:08:39,375 - INFO - ui.splash_screen - Animation terminée, affichage du message d'appui sur une touche
2025-03-09 23:08:42,839 - INFO - ui.splash_screen - Transition vers le tableau de bord
2025-03-09 23:08:42,860 - INFO - ui.splash_screen - Transition vers le tableau de bord
2025-03-09 23:18:43,401 - INFO - ui.splash_screen - Animation: INITIALIZING TRADING SYSTEM...
2025-03-09 23:18:43,923 - INFO - ui.splash_screen - Animation: LOADING CORE MODULES...
2025-03-09 23:18:44,016 - INFO - ui.splash_screen - Animation: LOADING CORE MODULES...
2025-03-09 23:18:44,149 - INFO - ui.splash_screen - Animation: [ OK ] Data module loaded
2025-03-09 23:18:44,300 - INFO - ui.splash_screen - Animation: [ OK ] Optimization engine loaded
2025-03-09 23:18:44,447 - INFO - ui.splash_screen - Animation: [ OK ] Strategy framework loaded
2025-03-09 23:18:44,597 - INFO - ui.splash_screen - Animation: [ OK ] Backtest engine loaded
2025-03-09 23:18:44,748 - INFO - ui.splash_screen - Animation: CHECKING MARKET CONNECTIONS...
2025-03-09 23:18:44,898 - INFO - ui.splash_screen - Animation: [ OK ] Binance API connected
2025-03-09 23:18:45,047 - INFO - ui.splash_screen - Animation: [ OK ] Bitget API connected
2025-03-09 23:18:45,201 - INFO - ui.splash_screen - Animation: [ OK ] Database connection established
2025-03-09 23:18:45,344 - INFO - ui.splash_screen - Animation: INITIALIZING TRADING ALGORITHMS...
2025-03-09 23:18:45,498 - INFO - ui.splash_screen - Animation: [ OK ] All systems operational
2025-03-09 23:18:45,647 - INFO - ui.splash_screen - Animation: TRADING NEXUS v1.0.0 Alpha READY
2025-03-09 23:18:45,649 - INFO - ui.splash_screen - Animation terminée, affichage du message d'appui sur une touche
2025-03-09 23:18:45,879 - INFO - ui.splash_screen - Transition vers le tableau de bord
2025-03-09 23:19:46,521 - INFO - ui.splash_screen - Animation: INITIALIZING TRADING SYSTEM...
2025-03-09 23:19:46,702 - INFO - ui.splash_screen - Animation: LOADING CORE MODULES...
2025-03-09 23:19:47,247 - INFO - ui.splash_screen - Animation: LOADING CORE MODULES...
2025-03-09 23:19:47,266 - INFO - ui.splash_screen - Animation: LOADING CORE MODULES...
2025-03-09 23:19:47,412 - INFO - ui.splash_screen - Animation: [ OK ] Data module loaded
2025-03-09 23:19:47,550 - INFO - ui.splash_screen - Animation: [ OK ] Optimization engine loaded
2025-03-09 23:19:47,701 - INFO - ui.splash_screen - Animation: [ OK ] Strategy framework loaded
2025-03-09 23:19:47,849 - INFO - ui.splash_screen - Animation: [ OK ] Backtest engine loaded
2025-03-09 23:19:48,004 - INFO - ui.splash_screen - Animation: CHECKING MARKET CONNECTIONS...
2025-03-09 23:19:48,155 - INFO - ui.splash_screen - Animation: [ OK ] Binance API connected
2025-03-09 23:19:48,299 - INFO - ui.splash_screen - Animation: [ OK ] Bitget API connected
2025-03-09 23:19:48,451 - INFO - ui.splash_screen - Animation: [ OK ] Database connection established
2025-03-09 23:19:48,600 - INFO - ui.splash_screen - Animation: INITIALIZING TRADING ALGORITHMS...
2025-03-09 23:19:48,753 - INFO - ui.splash_screen - Animation: [ OK ] All systems operational
2025-03-09 23:19:48,898 - INFO - ui.splash_screen - Animation: TRADING NEXUS v1.0.0 Alpha READY
2025-03-09 23:19:48,900 - INFO - ui.splash_screen - Animation terminée, affichage du message d'appui sur une touche
2025-03-09 23:19:49,492 - INFO - ui.splash_screen - Transition vers le tableau de bord
2025-03-09 23:20:18,026 - INFO - ui.splash_screen - Animation: INITIALIZING TRADING SYSTEM...
2025-03-09 23:20:18,280 - INFO - ui.splash_screen - Animation: LOADING CORE MODULES...
2025-03-09 23:20:18,939 - INFO - ui.splash_screen - Animation: LOADING CORE MODULES...
2025-03-09 23:20:19,089 - INFO - ui.splash_screen - Animation: [ OK ] Data module loaded
2025-03-09 23:20:19,241 - INFO - ui.splash_screen - Animation: [ OK ] Optimization engine loaded
2025-03-09 23:20:22,172 - INFO - ui.splash_screen - Animation: [ OK ] Strategy framework loaded
2025-03-09 23:20:22,174 - INFO - ui.splash_screen - Animation: [ OK ] Strategy framework loaded
2025-03-09 23:20:22,175 - INFO - ui.splash_screen - Animation: [ OK ] Strategy framework loaded
2025-03-09 23:20:22,177 - INFO - ui.splash_screen - Animation: [ OK ] Strategy framework loaded
2025-03-09 23:20:22,180 - INFO - ui.splash_screen - Animation: [ OK ] Strategy framework loaded
2025-03-09 23:20:22,199 - INFO - ui.splash_screen - Animation: [ OK ] Strategy framework loaded
2025-03-09 23:20:22,206 - INFO - ui.splash_screen - Animation: [ OK ] Strategy framework loaded
2025-03-09 23:20:22,208 - INFO - ui.splash_screen - Animation: [ OK ] Strategy framework loaded
2025-03-09 23:20:22,214 - INFO - ui.splash_screen - Animation: [ OK ] Strategy framework loaded
2025-03-09 23:20:22,222 - INFO - ui.splash_screen - Animation: [ OK ] Strategy framework loaded
2025-03-09 23:20:22,227 - INFO - ui.splash_screen - Animation: [ OK ] Strategy framework loaded
2025-03-09 23:20:22,240 - INFO - ui.splash_screen - Animation: [ OK ] Strategy framework loaded
2025-03-09 23:20:22,245 - INFO - ui.splash_screen - Animation: [ OK ] Strategy framework loaded
2025-03-09 23:20:23,041 - INFO - ui.splash_screen - Animation: INITIALIZING TRADING SYSTEM...
2025-03-09 23:20:23,588 - INFO - ui.splash_screen - Animation: LOADING CORE MODULES...
2025-03-09 23:20:23,709 - INFO - ui.splash_screen - Animation: LOADING CORE MODULES...
2025-03-09 23:20:23,780 - INFO - ui.splash_screen - Animation: [ OK ] Data module loaded
2025-03-09 23:20:23,937 - INFO - ui.splash_screen - Animation: [ OK ] Optimization engine loaded
2025-03-09 23:20:24,088 - INFO - ui.splash_screen - Animation: [ OK ] Strategy framework loaded
2025-03-09 23:20:24,239 - INFO - ui.splash_screen - Animation: [ OK ] Backtest engine loaded
2025-03-09 23:20:24,392 - INFO - ui.splash_screen - Animation: CHECKING MARKET CONNECTIONS...
2025-03-09 23:20:24,537 - INFO - ui.splash_screen - Animation: [ OK ] Binance API connected
2025-03-09 23:20:24,689 - INFO - ui.splash_screen - Animation: [ OK ] Bitget API connected
2025-03-09 23:20:24,841 - INFO - ui.splash_screen - Animation: [ OK ] Database connection established
2025-03-09 23:20:24,986 - INFO - ui.splash_screen - Animation: INITIALIZING TRADING ALGORITHMS...
2025-03-09 23:20:25,139 - INFO - ui.splash_screen - Animation: [ OK ] All systems operational
2025-03-09 23:20:25,284 - INFO - ui.splash_screen - Animation: TRADING NEXUS v1.0.0 Alpha READY
2025-03-09 23:20:25,285 - INFO - ui.splash_screen - Animation terminée, affichage du message d'appui sur une touche
2025-03-09 23:20:25,873 - INFO - ui.splash_screen - Transition vers le tableau de bord
2025-03-09 23:21:37,775 - INFO - ui.splash_screen - Animation: INITIALIZING TRADING SYSTEM...
2025-03-09 23:21:38,055 - INFO - ui.splash_screen - Animation: INITIALIZING TRADING SYSTEM...
2025-03-09 23:21:38,175 - INFO - ui.splash_screen - Animation: INITIALIZING TRADING SYSTEM...
2025-03-09 23:21:38,253 - INFO - ui.splash_screen - Animation: INITIALIZING TRADING SYSTEM...
2025-03-09 23:21:38,371 - INFO - ui.splash_screen - Animation: LOADING CORE MODULES...
2025-03-09 23:21:38,522 - INFO - ui.splash_screen - Animation: [ OK ] Data module loaded
2025-03-09 23:21:38,672 - INFO - ui.splash_screen - Animation: [ OK ] Optimization engine loaded
2025-03-09 23:21:38,820 - INFO - ui.splash_screen - Animation: [ OK ] Strategy framework loaded
2025-03-09 23:21:38,982 - INFO - ui.splash_screen - Animation: [ OK ] Backtest engine loaded
2025-03-09 23:21:39,123 - INFO - ui.splash_screen - Animation: CHECKING MARKET CONNECTIONS...
2025-03-09 23:21:39,269 - INFO - ui.splash_screen - Animation: [ OK ] Binance API connected
2025-03-09 23:21:39,418 - INFO - ui.splash_screen - Animation: [ OK ] Bitget API connected
2025-03-09 23:21:39,572 - INFO - ui.splash_screen - Animation: [ OK ] Database connection established
2025-03-09 23:21:39,720 - INFO - ui.splash_screen - Animation: INITIALIZING TRADING ALGORITHMS...
2025-03-09 23:21:39,869 - INFO - ui.splash_screen - Animation: [ OK ] All systems operational
2025-03-09 23:21:40,018 - INFO - ui.splash_screen - Animation: TRADING NEXUS v1.0.0 Alpha READY
2025-03-09 23:21:40,019 - INFO - ui.splash_screen - Animation terminée, affichage du message d'appui sur une touche
2025-03-09 23:21:40,636 - INFO - ui.splash_screen - Transition vers le tableau de bord
