2025-03-11 20:22:33,478 - INFO - ui.study_creator - Création du composant de création d'étude
2025-03-11 20:22:33,480 - INFO - ui.study_creator - Création du composant de création d'étude
2025-03-11 20:22:33,482 - INFO - ui.study_creator - Création du composant de création d'étude
2025-03-11 20:23:28,809 - INFO - ui.study_creator - Création du composant de création d'étude
2025-03-11 20:26:56,668 - INFO - ui.study_creator - Création du composant de création d'étude
2025-03-11 20:27:04,002 - INFO - ui.study_creator - Tentative de création d'une nouvelle étude: j
2025-03-11 20:27:04,006 - INFO - ui.study_creator - Étude 'j' créée avec succès
2025-03-11 20:27:13,736 - INFO - ui.study_creator - Réinitialisation du formulaire de création d'étude
2025-03-11 20:57:22,614 - INFO - ui.study_creator - Initialisation du composant de création d'étude
2025-03-11 21:03:37,184 - INFO - ui.study_creator - Initialisation du composant de création d'étude
2025-03-11 21:14:25,151 - INFO - ui.study_creator - Initialisation du composant de création d'étude
2025-03-11 21:18:04,703 - INFO - ui.study_creator - Initialisation du composant de création d'étude
2025-03-11 21:18:36,765 - INFO - ui.study_creator - Initialisation du composant de création d'étude
2025-03-11 21:21:58,839 - INFO - ui.study_creator - Initialisation du composant de création d'étude
2025-03-11 21:23:20,532 - INFO - ui.study_creator - Initialisation du composant de création d'étude
2025-03-11 21:23:47,415 - INFO - ui.study_creator - Initialisation du composant de création d'étude
2025-03-11 21:27:09,012 - INFO - ui.study_creator - Initialisation du composant de création d'étude
2025-03-11 21:29:07,947 - INFO - ui.study_creator - Initialisation du composant de création d'étude
2025-03-11 21:31:04,109 - INFO - ui.study_creator - Initialisation du composant de création d'étude
2025-03-11 21:34:57,981 - INFO - ui.study_creator - Initialisation du composant de création d'étude
2025-03-11 21:36:19,954 - INFO - ui.study_creator - Initialisation du composant de création d'étude
2025-03-11 21:49:20,492 - INFO - ui.study_creator - Initialisation du composant de création d'étude
2025-03-11 21:50:30,562 - INFO - ui.study_creator - Initialisation du composant de création d'étude
2025-03-11 22:31:11,674 - INFO - ui.study_creator - Initialisation du composant de création d'étude avancée
2025-03-11 23:41:09,548 - INFO - ui.study_creator - Initialisation du modal de création d'étude
2025-03-11 23:42:31,271 - INFO - ui.study_creator - Initialisation du modal de création d'étude
2025-03-12 00:00:02,280 - INFO - ui.study_creator - Initialisation du modal de création d'étude
2025-03-12 00:00:03,359 - INFO - ui.study_creator - Initialisation du modal de création d'étude
2025-03-12 00:00:05,029 - INFO - ui.study_creator - Initialisation du modal de création d'étude
2025-03-12 00:00:05,725 - INFO - ui.study_creator - Initialisation du modal de création d'étude
2025-03-12 01:10:33,926 - INFO - ui.study_creator - Initialisation du modal de création d'étude
2025-03-12 01:11:14,062 - INFO - ui.study_creator - Initialisation du modal de création d'étude
2025-03-12 01:11:14,463 - INFO - ui.study_creator - Initialisation du modal de création d'étude
2025-03-12 01:11:17,014 - INFO - ui.study_creator - Initialisation du modal de création d'étude
