2025-03-11 20:22:30,412 - INFO - ui.study_list - Création du composant de liste des études
2025-03-11 20:22:31,521 - INFO - ui.study_list - Création du composant de liste des études
2025-03-11 20:22:32,331 - INFO - ui.study_list - Création du composant de liste des études
2025-03-11 20:22:33,719 - WARNING - ui.study_list - Tentative de suppression de l'étude: j
2025-03-11 20:22:33,739 - INFO - ui.study_list - Étude 'j' supprimée avec succès
2025-03-11 20:23:00,995 - INFO - ui.study_list - Navigation vers l'onglet de création d'étude
2025-03-11 20:23:28,804 - INFO - ui.study_list - Création du composant de liste des études
2025-03-11 20:26:55,504 - INFO - ui.study_list - Création du composant de liste des études
2025-03-11 20:27:07,897 - WARNING - ui.study_list - Tentative de suppression de l'étude: j
2025-03-11 20:27:07,900 - INFO - ui.study_list - Étude 'j' supprimée avec succès
2025-03-11 21:03:37,271 - INFO - ui.study_list - Chargement de la liste des études
2025-03-11 21:03:47,215 - INFO - ui.study_list - Chargement de la liste des études
2025-03-11 21:03:57,222 - INFO - ui.study_list - Chargement de la liste des études
2025-03-11 21:04:07,212 - INFO - ui.study_list - Chargement de la liste des études
2025-03-11 21:04:17,212 - INFO - ui.study_list - Chargement de la liste des études
2025-03-11 21:04:27,244 - INFO - ui.study_list - Chargement de la liste des études
2025-03-11 21:04:37,231 - INFO - ui.study_list - Chargement de la liste des études
2025-03-11 21:04:47,216 - INFO - ui.study_list - Chargement de la liste des études
2025-03-11 21:04:57,213 - INFO - ui.study_list - Chargement de la liste des études
2025-03-11 21:05:07,227 - INFO - ui.study_list - Chargement de la liste des études
2025-03-11 21:05:17,210 - INFO - ui.study_list - Chargement de la liste des études
2025-03-11 21:05:27,211 - INFO - ui.study_list - Chargement de la liste des études
2025-03-11 21:05:37,216 - INFO - ui.study_list - Chargement de la liste des études
2025-03-11 21:05:47,266 - INFO - ui.study_list - Chargement de la liste des études
2025-03-11 21:05:57,220 - INFO - ui.study_list - Chargement de la liste des études
2025-03-11 21:06:07,215 - INFO - ui.study_list - Chargement de la liste des études
2025-03-11 21:06:17,214 - INFO - ui.study_list - Chargement de la liste des études
2025-03-11 21:06:27,211 - INFO - ui.study_list - Chargement de la liste des études
2025-03-11 21:06:37,211 - INFO - ui.study_list - Chargement de la liste des études
2025-03-11 21:06:47,258 - INFO - ui.study_list - Chargement de la liste des études
2025-03-11 21:06:57,216 - INFO - ui.study_list - Chargement de la liste des études
2025-03-11 21:07:07,214 - INFO - ui.study_list - Chargement de la liste des études
2025-03-11 21:07:17,225 - INFO - ui.study_list - Chargement de la liste des études
2025-03-11 21:07:27,223 - INFO - ui.study_list - Chargement de la liste des études
2025-03-11 21:07:37,244 - INFO - ui.study_list - Chargement de la liste des études
2025-03-11 21:07:47,211 - INFO - ui.study_list - Chargement de la liste des études
2025-03-11 21:07:57,256 - INFO - ui.study_list - Chargement de la liste des études
2025-03-11 21:08:07,218 - INFO - ui.study_list - Chargement de la liste des études
2025-03-11 21:08:17,215 - INFO - ui.study_list - Chargement de la liste des études
2025-03-11 21:08:27,228 - INFO - ui.study_list - Chargement de la liste des études
2025-03-11 21:08:37,212 - INFO - ui.study_list - Chargement de la liste des études
2025-03-11 21:08:47,210 - INFO - ui.study_list - Chargement de la liste des études
2025-03-11 21:08:57,213 - INFO - ui.study_list - Chargement de la liste des études
2025-03-11 21:09:07,221 - INFO - ui.study_list - Chargement de la liste des études
2025-03-11 21:09:17,223 - INFO - ui.study_list - Chargement de la liste des études
2025-03-11 21:09:27,235 - INFO - ui.study_list - Chargement de la liste des études
2025-03-11 21:09:37,216 - INFO - ui.study_list - Chargement de la liste des études
2025-03-11 21:14:25,257 - INFO - ui.study_list - Chargement de la liste des études
2025-03-11 21:14:29,252 - INFO - ui.study_list - Chargement de la liste des études
2025-03-11 21:14:35,182 - INFO - ui.study_list - Chargement de la liste des études
2025-03-11 21:14:45,187 - INFO - ui.study_list - Chargement de la liste des études
2025-03-11 21:14:55,192 - INFO - ui.study_list - Chargement de la liste des études
2025-03-11 21:15:05,180 - INFO - ui.study_list - Chargement de la liste des études
2025-03-11 21:15:15,224 - INFO - ui.study_list - Chargement de la liste des études
2025-03-11 21:15:25,192 - INFO - ui.study_list - Chargement de la liste des études
2025-03-11 21:15:35,179 - INFO - ui.study_list - Chargement de la liste des études
2025-03-11 21:15:45,187 - INFO - ui.study_list - Chargement de la liste des études
2025-03-11 21:15:55,181 - INFO - ui.study_list - Chargement de la liste des études
2025-03-11 21:18:04,812 - INFO - ui.study_list - Chargement de la liste des études
2025-03-11 21:18:14,739 - INFO - ui.study_list - Chargement de la liste des études
2025-03-11 21:18:24,746 - INFO - ui.study_list - Chargement de la liste des études
2025-03-11 21:18:34,754 - INFO - ui.study_list - Chargement de la liste des études
2025-03-11 21:18:36,896 - INFO - ui.study_list - Chargement de la liste des études
2025-03-11 21:18:44,753 - INFO - ui.study_list - Chargement de la liste des études
2025-03-11 21:18:46,805 - INFO - ui.study_list - Chargement de la liste des études
2025-03-11 21:18:54,746 - INFO - ui.study_list - Chargement de la liste des études
2025-03-11 21:18:56,814 - INFO - ui.study_list - Chargement de la liste des études
2025-03-11 21:19:04,738 - INFO - ui.study_list - Chargement de la liste des études
2025-03-11 21:19:06,803 - INFO - ui.study_list - Chargement de la liste des études
2025-03-11 21:19:14,751 - INFO - ui.study_list - Chargement de la liste des études
2025-03-11 21:19:16,800 - INFO - ui.study_list - Chargement de la liste des études
2025-03-11 21:19:24,748 - INFO - ui.study_list - Chargement de la liste des études
2025-03-11 21:19:26,861 - INFO - ui.study_list - Chargement de la liste des études
2025-03-11 21:19:34,752 - INFO - ui.study_list - Chargement de la liste des études
2025-03-11 21:19:36,806 - INFO - ui.study_list - Chargement de la liste des études
2025-03-11 21:19:44,742 - INFO - ui.study_list - Chargement de la liste des études
2025-03-11 21:19:46,802 - INFO - ui.study_list - Chargement de la liste des études
2025-03-11 21:19:54,740 - INFO - ui.study_list - Chargement de la liste des études
2025-03-11 21:19:57,407 - INFO - ui.study_list - Chargement de la liste des études
2025-03-11 21:20:04,735 - INFO - ui.study_list - Chargement de la liste des études
2025-03-11 21:20:07,384 - INFO - ui.study_list - Chargement de la liste des études
2025-03-11 21:20:14,735 - INFO - ui.study_list - Chargement de la liste des études
2025-03-11 21:20:17,398 - INFO - ui.study_list - Chargement de la liste des études
2025-03-11 21:20:24,744 - INFO - ui.study_list - Chargement de la liste des études
2025-03-11 21:20:27,377 - INFO - ui.study_list - Chargement de la liste des études
2025-03-11 21:20:34,747 - INFO - ui.study_list - Chargement de la liste des études
2025-03-11 21:20:37,417 - INFO - ui.study_list - Chargement de la liste des études
2025-03-11 21:23:20,676 - INFO - ui.study_list - Chargement de la liste des études
2025-03-11 21:23:30,584 - INFO - ui.study_list - Chargement de la liste des études
2025-03-11 21:23:47,576 - INFO - ui.study_list - Chargement de la liste des études
2025-03-11 21:23:57,464 - INFO - ui.study_list - Chargement de la liste des études
2025-03-11 21:24:08,385 - INFO - ui.study_list - Chargement de la liste des études
2025-03-11 21:24:17,467 - INFO - ui.study_list - Chargement de la liste des études
2025-03-11 21:24:27,462 - INFO - ui.study_list - Chargement de la liste des études
2025-03-11 21:24:37,458 - INFO - ui.study_list - Chargement de la liste des études
2025-03-11 21:24:47,467 - INFO - ui.study_list - Chargement de la liste des études
2025-03-11 21:24:57,462 - INFO - ui.study_list - Chargement de la liste des études
2025-03-11 21:25:07,536 - INFO - ui.study_list - Chargement de la liste des études
2025-03-11 21:25:17,475 - INFO - ui.study_list - Chargement de la liste des études
2025-03-11 21:25:27,471 - INFO - ui.study_list - Chargement de la liste des études
2025-03-11 21:25:37,463 - INFO - ui.study_list - Chargement de la liste des études
2025-03-11 21:25:48,394 - INFO - ui.study_list - Chargement de la liste des études
2025-03-11 21:26:04,365 - INFO - ui.study_list - Chargement de la liste des études
2025-03-11 21:26:21,452 - INFO - ui.study_list - Chargement de la liste des études
2025-03-11 21:26:35,709 - INFO - ui.study_list - Chargement de la liste des études
2025-03-11 21:26:39,340 - INFO - ui.study_list - Chargement de la liste des études
2025-03-11 21:26:56,326 - INFO - ui.study_list - Chargement de la liste des études
2025-03-11 21:27:09,143 - INFO - ui.study_list - Chargement de la liste des études
2025-03-11 21:27:19,078 - INFO - ui.study_list - Chargement de la liste des études
2025-03-11 21:27:29,067 - INFO - ui.study_list - Chargement de la liste des études
2025-03-11 21:27:39,065 - INFO - ui.study_list - Chargement de la liste des études
2025-03-11 21:27:49,434 - INFO - ui.study_list - Chargement de la liste des études
2025-03-11 21:27:59,097 - INFO - ui.study_list - Chargement de la liste des études
2025-03-11 21:28:09,067 - INFO - ui.study_list - Chargement de la liste des études
2025-03-11 21:28:20,889 - INFO - ui.study_list - Chargement de la liste des études
2025-03-11 21:28:40,030 - INFO - ui.study_list - Chargement de la liste des études
2025-03-11 21:29:01,884 - INFO - ui.study_list - Chargement de la liste des études
2025-03-11 21:29:08,131 - INFO - ui.study_list - Chargement de la liste des études
2025-03-11 21:29:18,376 - INFO - ui.study_list - Chargement de la liste des études
2025-03-11 21:29:40,348 - INFO - ui.study_list - Chargement de la liste des études
2025-03-11 21:29:59,350 - INFO - ui.study_list - Chargement de la liste des études
2025-03-11 21:30:12,666 - INFO - ui.study_list - Chargement de la liste des études
2025-03-11 21:30:59,013 - INFO - ui.study_list - Chargement de la liste des études
2025-03-11 21:31:04,283 - INFO - ui.study_list - Chargement de la liste des études
2025-03-11 21:31:14,209 - INFO - ui.study_list - Chargement de la liste des études
2025-03-11 21:31:24,152 - INFO - ui.study_list - Chargement de la liste des études
2025-03-11 21:31:34,147 - INFO - ui.study_list - Chargement de la liste des études
2025-03-11 21:31:44,153 - INFO - ui.study_list - Chargement de la liste des études
2025-03-11 21:31:54,223 - INFO - ui.study_list - Chargement de la liste des études
2025-03-11 21:32:04,157 - INFO - ui.study_list - Chargement de la liste des études
2025-03-11 21:32:15,628 - INFO - ui.study_list - Chargement de la liste des études
2025-03-11 21:32:25,348 - INFO - ui.study_list - Chargement de la liste des études
2025-03-11 21:32:39,357 - INFO - ui.study_list - Chargement de la liste des études
2025-03-11 21:32:52,346 - INFO - ui.study_list - Chargement de la liste des études
2025-03-11 21:33:01,346 - INFO - ui.study_list - Chargement de la liste des études
2025-03-11 21:33:48,346 - INFO - ui.study_list - Chargement de la liste des études
2025-03-11 21:33:48,573 - INFO - ui.study_list - Chargement de la liste des études
2025-03-11 21:33:54,390 - INFO - ui.study_list - Chargement de la liste des études
2025-03-11 21:34:04,392 - INFO - ui.study_list - Chargement de la liste des études
2025-03-11 21:34:20,682 - INFO - ui.study_list - Chargement de la liste des études
2025-03-11 21:34:32,343 - INFO - ui.study_list - Chargement de la liste des études
2025-03-11 21:34:48,338 - INFO - ui.study_list - Chargement de la liste des études
2025-03-11 21:34:51,099 - INFO - ui.study_list - Chargement de la liste des études
2025-03-11 21:34:58,150 - INFO - ui.study_list - Chargement de la liste des études
2025-03-11 21:35:08,040 - INFO - ui.study_list - Chargement de la liste des études
2025-03-11 21:35:18,068 - INFO - ui.study_list - Chargement de la liste des études
2025-03-11 21:35:28,030 - INFO - ui.study_list - Chargement de la liste des études
2025-03-11 21:35:38,032 - INFO - ui.study_list - Chargement de la liste des études
2025-03-11 21:35:49,332 - INFO - ui.study_list - Chargement de la liste des études
2025-03-11 21:36:01,664 - INFO - ui.study_list - Chargement de la liste des études
2025-03-11 21:36:15,889 - INFO - ui.study_list - Chargement de la liste des études
2025-03-11 21:36:20,125 - INFO - ui.study_list - Chargement de la liste des études
2025-03-11 21:36:30,005 - INFO - ui.study_list - Chargement de la liste des études
2025-03-11 21:36:40,015 - INFO - ui.study_list - Chargement de la liste des études
2025-03-11 21:36:48,180 - INFO - ui.study_list - Chargement de la liste des études
2025-03-11 21:36:50,008 - INFO - ui.study_list - Chargement de la liste des études
2025-03-11 21:37:00,401 - INFO - ui.study_list - Chargement de la liste des études
2025-03-11 21:37:22,334 - INFO - ui.study_list - Chargement de la liste des études
2025-03-11 21:37:35,332 - INFO - ui.study_list - Chargement de la liste des études
2025-03-11 21:37:46,338 - INFO - ui.study_list - Chargement de la liste des études
2025-03-11 21:38:48,416 - INFO - ui.study_list - Chargement de la liste des études
2025-03-11 21:38:50,377 - INFO - ui.study_list - Chargement de la liste des études
2025-03-11 21:39:00,371 - INFO - ui.study_list - Chargement de la liste des études
2025-03-11 21:39:10,389 - INFO - ui.study_list - Chargement de la liste des études
2025-03-11 21:39:20,385 - INFO - ui.study_list - Chargement de la liste des études
2025-03-11 21:39:30,381 - INFO - ui.study_list - Chargement de la liste des études
2025-03-11 21:39:40,380 - INFO - ui.study_list - Chargement de la liste des études
2025-03-11 21:39:56,342 - INFO - ui.study_list - Chargement de la liste des études
2025-03-11 21:40:05,335 - INFO - ui.study_list - Chargement de la liste des études
2025-03-11 21:40:14,337 - INFO - ui.study_list - Chargement de la liste des études
2025-03-11 21:40:24,347 - INFO - ui.study_list - Chargement de la liste des études
2025-03-11 21:40:33,336 - INFO - ui.study_list - Chargement de la liste des études
2025-03-11 21:40:45,327 - INFO - ui.study_list - Chargement de la liste des études
2025-03-11 21:41:48,339 - INFO - ui.study_list - Chargement de la liste des études
2025-03-11 21:41:48,463 - INFO - ui.study_list - Chargement de la liste des études
2025-03-11 21:41:50,388 - INFO - ui.study_list - Chargement de la liste des études
2025-03-11 21:42:00,382 - INFO - ui.study_list - Chargement de la liste des études
2025-03-11 21:47:04,617 - INFO - ui.study_list - Chargement de la liste des études
2025-03-11 21:47:15,382 - INFO - ui.study_list - Chargement de la liste des études
2025-03-11 21:47:25,488 - INFO - ui.study_list - Chargement de la liste des études
2025-03-11 21:47:35,425 - INFO - ui.study_list - Chargement de la liste des études
2025-03-11 21:47:46,331 - INFO - ui.study_list - Chargement de la liste des études
2025-03-11 21:47:56,333 - INFO - ui.study_list - Chargement de la liste des études
2025-03-11 21:48:06,342 - INFO - ui.study_list - Chargement de la liste des études
2025-03-11 21:48:16,338 - INFO - ui.study_list - Chargement de la liste des études
2025-03-11 21:48:26,336 - INFO - ui.study_list - Chargement de la liste des études
2025-03-11 21:48:48,371 - INFO - ui.study_list - Chargement de la liste des études
2025-03-11 21:49:16,024 - INFO - ui.study_list - Chargement de la liste des études
2025-03-11 21:49:16,057 - INFO - ui.study_list - Chargement de la liste des études
2025-03-11 21:49:20,633 - INFO - ui.study_list - Chargement de la liste des études
2025-03-11 21:49:30,561 - INFO - ui.study_list - Chargement de la liste des études
2025-03-11 21:49:41,380 - INFO - ui.study_list - Chargement de la liste des études
2025-03-11 21:49:59,562 - INFO - ui.study_list - Chargement de la liste des études
2025-03-11 21:50:12,332 - INFO - ui.study_list - Chargement de la liste des études
2025-03-11 21:50:30,675 - INFO - ui.study_list - Chargement de la liste des études
2025-03-11 21:50:40,622 - INFO - ui.study_list - Chargement de la liste des études
2025-03-11 21:50:43,498 - INFO - ui.study_list - Chargement de la liste des études
2025-03-11 21:50:51,353 - INFO - ui.study_list - Chargement de la liste des études
2025-03-11 21:51:05,359 - INFO - ui.study_list - Chargement de la liste des études
2025-03-11 21:51:45,870 - INFO - ui.study_list - Chargement de la liste des études
2025-03-11 21:51:56,373 - INFO - ui.study_list - Chargement de la liste des études
2025-03-11 21:52:08,103 - INFO - ui.study_list - Chargement de la liste des études
2025-03-11 21:52:19,348 - INFO - ui.study_list - Chargement de la liste des études
2025-03-11 21:52:30,592 - INFO - ui.study_list - Chargement de la liste des études
2025-03-11 21:53:19,374 - INFO - ui.study_list - Chargement de la liste des études
2025-03-11 21:53:29,352 - INFO - ui.study_list - Chargement de la liste des études
2025-03-11 21:53:44,071 - INFO - ui.study_list - Chargement de la liste des études
2025-03-11 21:53:54,352 - INFO - ui.study_list - Chargement de la liste des études
2025-03-11 21:54:04,288 - INFO - ui.study_list - Chargement de la liste des études
2025-03-11 21:54:09,333 - INFO - ui.study_list - Chargement de la liste des études
2025-03-11 21:54:09,338 - INFO - ui.study_list - Chargement de la liste des études
2025-03-11 21:54:19,341 - INFO - ui.study_list - Chargement de la liste des études
2025-03-11 21:54:29,418 - INFO - ui.study_list - Chargement de la liste des études
2025-03-11 21:54:46,747 - INFO - ui.study_list - Chargement de la liste des études
2025-03-11 21:54:52,332 - INFO - ui.study_list - Chargement de la liste des études
2025-03-11 21:55:00,333 - INFO - ui.study_list - Chargement de la liste des études
2025-03-11 21:55:11,328 - INFO - ui.study_list - Chargement de la liste des études
2025-03-11 21:55:48,347 - INFO - ui.study_list - Chargement de la liste des études
2025-03-11 21:55:55,838 - INFO - ui.study_list - Chargement de la liste des études
2025-03-11 21:55:57,922 - INFO - ui.study_list - Chargement de la liste des études
2025-03-11 21:56:06,340 - INFO - ui.study_list - Chargement de la liste des études
2025-03-11 21:56:16,345 - INFO - ui.study_list - Chargement de la liste des études
2025-03-11 21:56:26,348 - INFO - ui.study_list - Chargement de la liste des études
2025-03-11 21:56:36,353 - INFO - ui.study_list - Chargement de la liste des études
2025-03-11 21:56:46,996 - INFO - ui.study_list - Chargement de la liste des études
2025-03-11 21:59:34,990 - INFO - ui.study_list - Chargement de la liste des études
2025-03-11 21:59:46,220 - INFO - ui.study_list - Chargement de la liste des études
2025-03-11 22:00:14,802 - INFO - ui.study_list - Chargement de la liste des études
2025-03-11 22:00:25,341 - INFO - ui.study_list - Chargement de la liste des études
2025-03-11 22:00:35,343 - INFO - ui.study_list - Chargement de la liste des études
2025-03-11 22:00:45,341 - INFO - ui.study_list - Chargement de la liste des études
2025-03-11 22:00:55,348 - INFO - ui.study_list - Chargement de la liste des études
2025-03-11 22:01:08,459 - INFO - ui.study_list - Chargement de la liste des études
2025-03-11 22:01:21,686 - INFO - ui.study_list - Chargement de la liste des études
2025-03-11 22:01:32,357 - INFO - ui.study_list - Chargement de la liste des études
2025-03-11 22:01:42,339 - INFO - ui.study_list - Chargement de la liste des études
2025-03-11 22:01:52,358 - INFO - ui.study_list - Chargement de la liste des études
2025-03-11 22:02:02,348 - INFO - ui.study_list - Chargement de la liste des études
2025-03-11 22:02:12,343 - INFO - ui.study_list - Chargement de la liste des études
2025-03-11 22:02:22,348 - INFO - ui.study_list - Chargement de la liste des études
2025-03-11 22:02:48,384 - INFO - ui.study_list - Chargement de la liste des études
2025-03-11 22:02:52,357 - INFO - ui.study_list - Chargement de la liste des études
2025-03-11 22:03:02,356 - INFO - ui.study_list - Chargement de la liste des études
2025-03-11 22:03:12,011 - INFO - ui.study_list - Chargement de la liste des études
2025-03-11 22:03:24,921 - INFO - ui.study_list - Chargement de la liste des études
2025-03-11 22:03:34,907 - INFO - ui.study_list - Chargement de la liste des études
2025-03-11 22:03:46,142 - INFO - ui.study_list - Chargement de la liste des études
2025-03-11 22:04:07,968 - INFO - ui.study_list - Chargement de la liste des études
2025-03-11 22:04:17,931 - INFO - ui.study_list - Chargement de la liste des études
2025-03-11 22:04:28,354 - INFO - ui.study_list - Chargement de la liste des études
2025-03-11 22:04:38,369 - INFO - ui.study_list - Chargement de la liste des études
2025-03-11 22:04:48,368 - INFO - ui.study_list - Chargement de la liste des études
2025-03-11 22:04:58,381 - INFO - ui.study_list - Chargement de la liste des études
2025-03-11 22:05:08,378 - INFO - ui.study_list - Chargement de la liste des études
2025-03-11 22:05:18,349 - INFO - ui.study_list - Chargement de la liste des études
2025-03-11 22:05:48,387 - INFO - ui.study_list - Chargement de la liste des études
2025-03-11 22:05:58,361 - INFO - ui.study_list - Chargement de la liste des études
2025-03-11 22:06:08,352 - INFO - ui.study_list - Chargement de la liste des études
2025-03-11 22:06:18,382 - INFO - ui.study_list - Chargement de la liste des études
2025-03-11 22:07:05,695 - INFO - ui.study_list - Chargement de la liste des études
2025-03-11 22:07:09,474 - INFO - ui.study_list - Chargement de la liste des études
2025-03-11 22:07:21,596 - INFO - ui.study_list - Chargement de la liste des études
2025-03-11 22:09:44,740 - INFO - ui.study_list - Chargement de la liste des études
2025-03-11 22:09:54,726 - INFO - ui.study_list - Chargement de la liste des études
2025-03-11 22:10:04,735 - INFO - ui.study_list - Chargement de la liste des études
2025-03-11 22:10:15,339 - INFO - ui.study_list - Chargement de la liste des études
2025-03-11 22:10:25,360 - INFO - ui.study_list - Chargement de la liste des études
2025-03-11 22:10:35,363 - INFO - ui.study_list - Chargement de la liste des études
2025-03-11 22:10:45,352 - INFO - ui.study_list - Chargement de la liste des études
2025-03-11 22:10:58,243 - INFO - ui.study_list - Chargement de la liste des études
2025-03-11 22:13:21,423 - INFO - ui.study_list - Chargement de la liste des études
2025-03-11 22:13:33,848 - INFO - ui.study_list - Chargement de la liste des études
2025-03-11 22:13:45,467 - INFO - ui.study_list - Chargement de la liste des études
2025-03-11 22:13:56,081 - INFO - ui.study_list - Chargement de la liste des études
2025-03-11 22:14:00,456 - INFO - ui.study_list - Chargement de la liste des études
2025-03-11 22:14:11,351 - INFO - ui.study_list - Chargement de la liste des études
2025-03-11 22:14:50,770 - INFO - ui.study_list - Chargement de la liste des études
2025-03-11 22:15:01,352 - INFO - ui.study_list - Chargement de la liste des études
2025-03-11 22:15:11,355 - INFO - ui.study_list - Chargement de la liste des études
2025-03-11 22:15:21,351 - INFO - ui.study_list - Chargement de la liste des études
2025-03-11 22:15:31,354 - INFO - ui.study_list - Chargement de la liste des études
2025-03-11 22:15:41,356 - INFO - ui.study_list - Chargement de la liste des études
2025-03-11 22:15:51,366 - INFO - ui.study_list - Chargement de la liste des études
2025-03-11 22:16:46,524 - INFO - ui.study_list - Chargement de la liste des études
2025-03-11 22:16:50,246 - INFO - ui.study_list - Chargement de la liste des études
2025-03-11 22:17:00,243 - INFO - ui.study_list - Chargement de la liste des études
2025-03-11 22:17:10,238 - INFO - ui.study_list - Chargement de la liste des études
2025-03-11 22:17:20,239 - INFO - ui.study_list - Chargement de la liste des études
2025-03-11 22:17:30,237 - INFO - ui.study_list - Chargement de la liste des études
2025-03-11 22:17:40,235 - INFO - ui.study_list - Chargement de la liste des études
2025-03-11 22:17:50,233 - INFO - ui.study_list - Chargement de la liste des études
2025-03-11 22:18:00,251 - INFO - ui.study_list - Chargement de la liste des études
2025-03-11 22:18:10,365 - INFO - ui.study_list - Chargement de la liste des études
2025-03-11 22:18:20,246 - INFO - ui.study_list - Chargement de la liste des études
2025-03-11 22:18:30,257 - INFO - ui.study_list - Chargement de la liste des études
2025-03-11 22:18:40,304 - INFO - ui.study_list - Chargement de la liste des études
2025-03-11 22:18:50,235 - INFO - ui.study_list - Chargement de la liste des études
2025-03-11 22:19:00,306 - INFO - ui.study_list - Chargement de la liste des études
2025-03-11 22:19:10,240 - INFO - ui.study_list - Chargement de la liste des études
2025-03-11 22:19:20,241 - INFO - ui.study_list - Chargement de la liste des études
2025-03-11 22:19:30,286 - INFO - ui.study_list - Chargement de la liste des études
2025-03-11 22:19:40,238 - INFO - ui.study_list - Chargement de la liste des études
2025-03-11 22:19:50,235 - INFO - ui.study_list - Chargement de la liste des études
2025-03-11 22:20:00,246 - INFO - ui.study_list - Chargement de la liste des études
2025-03-11 22:20:10,247 - INFO - ui.study_list - Chargement de la liste des études
2025-03-11 22:20:20,236 - INFO - ui.study_list - Chargement de la liste des études
2025-03-11 22:20:30,241 - INFO - ui.study_list - Chargement de la liste des études
2025-03-11 22:20:40,237 - INFO - ui.study_list - Chargement de la liste des études
2025-03-11 22:20:51,327 - INFO - ui.study_list - Chargement de la liste des études
2025-03-11 22:21:01,337 - INFO - ui.study_list - Chargement de la liste des études
2025-03-11 22:21:11,332 - INFO - ui.study_list - Chargement de la liste des études
2025-03-11 22:21:21,328 - INFO - ui.study_list - Chargement de la liste des études
2025-03-11 22:21:31,328 - INFO - ui.study_list - Chargement de la liste des études
2025-03-11 22:21:41,327 - INFO - ui.study_list - Chargement de la liste des études
2025-03-11 22:21:50,358 - INFO - ui.study_list - Chargement de la liste des études
2025-03-11 22:22:00,355 - INFO - ui.study_list - Chargement de la liste des études
2025-03-11 22:22:10,350 - INFO - ui.study_list - Chargement de la liste des études
2025-03-11 22:22:20,357 - INFO - ui.study_list - Chargement de la liste des études
2025-03-11 22:22:30,350 - INFO - ui.study_list - Chargement de la liste des études
2025-03-11 22:22:40,352 - INFO - ui.study_list - Chargement de la liste des études
2025-03-11 22:22:50,338 - INFO - ui.study_list - Chargement de la liste des études
2025-03-11 22:23:00,360 - INFO - ui.study_list - Chargement de la liste des études
2025-03-11 22:23:10,350 - INFO - ui.study_list - Chargement de la liste des études
2025-03-11 22:23:20,358 - INFO - ui.study_list - Chargement de la liste des études
2025-03-11 22:23:30,345 - INFO - ui.study_list - Chargement de la liste des études
2025-03-11 22:23:40,351 - INFO - ui.study_list - Chargement de la liste des études
2025-03-11 22:23:50,352 - INFO - ui.study_list - Chargement de la liste des études
2025-03-11 22:24:00,354 - INFO - ui.study_list - Chargement de la liste des études
2025-03-11 22:24:10,341 - INFO - ui.study_list - Chargement de la liste des études
2025-03-11 22:25:52,500 - INFO - ui.study_list - Chargement de la liste des études
2025-03-11 22:26:02,487 - INFO - ui.study_list - Chargement de la liste des études
2025-03-11 22:26:12,489 - INFO - ui.study_list - Chargement de la liste des études
2025-03-11 22:26:22,486 - INFO - ui.study_list - Chargement de la liste des études
2025-03-11 22:26:34,327 - INFO - ui.study_list - Chargement de la liste des études
2025-03-11 22:26:44,327 - INFO - ui.study_list - Chargement de la liste des études
2025-03-11 22:26:54,332 - INFO - ui.study_list - Chargement de la liste des études
2025-03-11 22:27:04,329 - INFO - ui.study_list - Chargement de la liste des études
2025-03-11 22:27:14,333 - INFO - ui.study_list - Chargement de la liste des études
2025-03-11 22:27:24,336 - INFO - ui.study_list - Chargement de la liste des études
2025-03-11 22:27:49,347 - INFO - ui.study_list - Chargement de la liste des études
2025-03-11 22:27:53,359 - INFO - ui.study_list - Chargement de la liste des études
2025-03-11 22:28:03,366 - INFO - ui.study_list - Chargement de la liste des études
2025-03-11 22:28:13,354 - INFO - ui.study_list - Chargement de la liste des études
2025-03-11 22:28:23,365 - INFO - ui.study_list - Chargement de la liste des études
2025-03-11 22:28:33,355 - INFO - ui.study_list - Chargement de la liste des études
2025-03-11 22:28:43,359 - INFO - ui.study_list - Chargement de la liste des études
2025-03-11 22:28:53,359 - INFO - ui.study_list - Chargement de la liste des études
2025-03-11 22:29:03,358 - INFO - ui.study_list - Chargement de la liste des études
2025-03-11 22:29:13,344 - INFO - ui.study_list - Chargement de la liste des études
2025-03-11 22:29:23,361 - INFO - ui.study_list - Chargement de la liste des études
2025-03-11 22:29:33,343 - INFO - ui.study_list - Chargement de la liste des études
2025-03-11 22:29:43,351 - INFO - ui.study_list - Chargement de la liste des études
2025-03-11 22:29:53,356 - INFO - ui.study_list - Chargement de la liste des études
2025-03-11 22:30:03,350 - INFO - ui.study_list - Chargement de la liste des études
2025-03-11 22:30:14,682 - INFO - ui.study_list - Chargement de la liste des études
2025-03-11 22:30:18,799 - INFO - ui.study_list - Chargement de la liste des études
2025-03-11 22:30:29,348 - INFO - ui.study_list - Chargement de la liste des études
2025-03-11 22:30:39,339 - INFO - ui.study_list - Chargement de la liste des études
2025-03-11 22:30:49,346 - INFO - ui.study_list - Chargement de la liste des études
2025-03-11 22:31:11,706 - INFO - ui.study_list - Chargement de la liste des études
2025-03-11 22:31:21,701 - INFO - ui.study_list - Chargement de la liste des études
2025-03-11 22:31:32,338 - INFO - ui.study_list - Chargement de la liste des études
2025-03-11 22:31:42,343 - INFO - ui.study_list - Chargement de la liste des études
2025-03-11 22:31:52,339 - INFO - ui.study_list - Chargement de la liste des études
2025-03-11 22:32:02,348 - INFO - ui.study_list - Chargement de la liste des études
2025-03-11 22:32:12,343 - INFO - ui.study_list - Chargement de la liste des études
2025-03-11 22:32:22,339 - INFO - ui.study_list - Chargement de la liste des études
2025-03-11 22:32:49,331 - INFO - ui.study_list - Chargement de la liste des études
2025-03-11 22:32:53,337 - INFO - ui.study_list - Chargement de la liste des études
2025-03-11 22:33:03,335 - INFO - ui.study_list - Chargement de la liste des études
2025-03-11 22:33:13,330 - INFO - ui.study_list - Chargement de la liste des études
2025-03-11 22:33:23,338 - INFO - ui.study_list - Chargement de la liste des études
2025-03-11 22:33:33,336 - INFO - ui.study_list - Chargement de la liste des études
2025-03-11 22:33:43,337 - INFO - ui.study_list - Chargement de la liste des études
2025-03-11 22:33:53,327 - INFO - ui.study_list - Chargement de la liste des études
2025-03-11 22:34:03,332 - INFO - ui.study_list - Chargement de la liste des études
2025-03-11 22:34:16,299 - INFO - ui.study_list - Chargement de la liste des études
2025-03-11 22:34:26,356 - INFO - ui.study_list - Chargement de la liste des études
2025-03-11 22:34:36,365 - INFO - ui.study_list - Chargement de la liste des études
2025-03-11 22:34:46,345 - INFO - ui.study_list - Chargement de la liste des études
2025-03-11 22:34:56,367 - INFO - ui.study_list - Chargement de la liste des études
2025-03-11 22:35:06,361 - INFO - ui.study_list - Chargement de la liste des études
2025-03-11 22:35:16,363 - INFO - ui.study_list - Chargement de la liste des études
2025-03-11 22:35:49,343 - INFO - ui.study_list - Chargement de la liste des études
2025-03-11 22:35:57,342 - INFO - ui.study_list - Chargement de la liste des études
2025-03-11 22:36:07,329 - INFO - ui.study_list - Chargement de la liste des études
2025-03-11 22:36:17,337 - INFO - ui.study_list - Chargement de la liste des études
2025-03-11 22:36:27,342 - INFO - ui.study_list - Chargement de la liste des études
2025-03-11 22:36:37,341 - INFO - ui.study_list - Chargement de la liste des études
2025-03-11 22:36:47,334 - INFO - ui.study_list - Chargement de la liste des études
2025-03-11 22:36:57,333 - INFO - ui.study_list - Chargement de la liste des études
2025-03-11 22:37:07,344 - INFO - ui.study_list - Chargement de la liste des études
2025-03-11 22:37:17,336 - INFO - ui.study_list - Chargement de la liste des études
2025-03-11 22:37:27,349 - INFO - ui.study_list - Chargement de la liste des études
2025-03-11 22:37:37,341 - INFO - ui.study_list - Chargement de la liste des études
2025-03-11 22:37:47,338 - INFO - ui.study_list - Chargement de la liste des études
2025-03-11 22:37:57,340 - INFO - ui.study_list - Chargement de la liste des études
2025-03-11 22:38:07,339 - INFO - ui.study_list - Chargement de la liste des études
2025-03-11 22:38:17,334 - INFO - ui.study_list - Chargement de la liste des études
2025-03-11 22:38:48,363 - INFO - ui.study_list - Chargement de la liste des études
2025-03-11 22:39:02,893 - INFO - ui.study_list - Chargement de la liste des études
2025-03-11 22:39:13,268 - INFO - ui.study_list - Chargement de la liste des études
2025-03-11 22:39:17,479 - INFO - ui.study_list - Chargement de la liste des études
2025-03-11 22:39:27,470 - INFO - ui.study_list - Chargement de la liste des études
2025-03-11 22:39:37,477 - INFO - ui.study_list - Chargement de la liste des études
2025-03-11 22:39:48,338 - INFO - ui.study_list - Chargement de la liste des études
2025-03-11 22:39:59,338 - INFO - ui.study_list - Chargement de la liste des études
2025-03-11 22:40:09,331 - INFO - ui.study_list - Chargement de la liste des études
2025-03-11 22:40:19,327 - INFO - ui.study_list - Chargement de la liste des études
2025-03-11 22:40:29,331 - INFO - ui.study_list - Chargement de la liste des études
2025-03-11 22:40:49,327 - INFO - ui.study_list - Chargement de la liste des études
2025-03-11 22:40:59,335 - INFO - ui.study_list - Chargement de la liste des études
2025-03-11 22:41:09,326 - INFO - ui.study_list - Chargement de la liste des études
2025-03-11 22:41:18,349 - INFO - ui.study_list - Chargement de la liste des études
2025-03-11 22:41:29,328 - INFO - ui.study_list - Chargement de la liste des études
2025-03-11 22:41:38,354 - INFO - ui.study_list - Chargement de la liste des études
2025-03-11 22:41:51,687 - INFO - ui.study_list - Chargement de la liste des études
2025-03-11 22:50:58,439 - INFO - ui.study_list - Chargement de la liste des études
2025-03-11 22:51:08,486 - INFO - ui.study_list - Chargement de la liste des études
2025-03-11 22:51:18,430 - INFO - ui.study_list - Chargement de la liste des études
2025-03-11 22:51:28,445 - INFO - ui.study_list - Chargement de la liste des études
2025-03-11 22:51:40,330 - INFO - ui.study_list - Chargement de la liste des études
2025-03-11 22:51:50,338 - INFO - ui.study_list - Chargement de la liste des études
2025-03-11 22:52:00,334 - INFO - ui.study_list - Chargement de la liste des études
2025-03-11 22:52:14,846 - INFO - ui.study_list - Chargement de la liste des études
2025-03-11 22:52:45,784 - INFO - ui.study_list - Chargement de la liste des études
2025-03-11 22:52:55,781 - INFO - ui.study_list - Chargement de la liste des études
2025-03-11 22:53:05,770 - INFO - ui.study_list - Chargement de la liste des études
2025-03-11 22:53:15,772 - INFO - ui.study_list - Chargement de la liste des études
2025-03-11 22:53:25,775 - INFO - ui.study_list - Chargement de la liste des études
2025-03-11 22:53:35,774 - INFO - ui.study_list - Chargement de la liste des études
2025-03-11 22:53:45,772 - INFO - ui.study_list - Chargement de la liste des études
2025-03-11 22:53:55,773 - INFO - ui.study_list - Chargement de la liste des études
2025-03-11 22:54:05,782 - INFO - ui.study_list - Chargement de la liste des études
2025-03-11 22:54:15,780 - INFO - ui.study_list - Chargement de la liste des études
2025-03-11 22:54:25,777 - INFO - ui.study_list - Chargement de la liste des études
2025-03-11 22:54:35,775 - INFO - ui.study_list - Chargement de la liste des études
2025-03-11 22:54:45,773 - INFO - ui.study_list - Chargement de la liste des études
2025-03-11 22:54:55,770 - INFO - ui.study_list - Chargement de la liste des études
2025-03-11 22:55:05,785 - INFO - ui.study_list - Chargement de la liste des études
2025-03-11 22:55:15,773 - INFO - ui.study_list - Chargement de la liste des études
2025-03-11 22:55:25,779 - INFO - ui.study_list - Chargement de la liste des études
2025-03-11 22:55:35,774 - INFO - ui.study_list - Chargement de la liste des études
2025-03-11 22:55:45,774 - INFO - ui.study_list - Chargement de la liste des études
2025-03-11 22:55:55,772 - INFO - ui.study_list - Chargement de la liste des études
2025-03-11 22:56:05,772 - INFO - ui.study_list - Chargement de la liste des études
2025-03-11 22:56:15,784 - INFO - ui.study_list - Chargement de la liste des études
2025-03-11 22:56:25,781 - INFO - ui.study_list - Chargement de la liste des études
2025-03-11 22:56:35,778 - INFO - ui.study_list - Chargement de la liste des études
2025-03-11 22:56:45,771 - INFO - ui.study_list - Chargement de la liste des études
2025-03-11 22:56:55,772 - INFO - ui.study_list - Chargement de la liste des études
2025-03-11 22:57:05,771 - INFO - ui.study_list - Chargement de la liste des études
2025-03-11 22:57:15,773 - INFO - ui.study_list - Chargement de la liste des études
2025-03-11 22:57:25,780 - INFO - ui.study_list - Chargement de la liste des études
2025-03-11 22:57:36,357 - INFO - ui.study_list - Chargement de la liste des études
2025-03-11 22:57:46,354 - INFO - ui.study_list - Chargement de la liste des études
2025-03-11 22:57:56,036 - INFO - ui.study_list - Chargement de la liste des études
2025-03-11 22:58:05,771 - INFO - ui.study_list - Chargement de la liste des études
2025-03-11 22:58:15,775 - INFO - ui.study_list - Chargement de la liste des études
2025-03-11 22:58:26,349 - INFO - ui.study_list - Chargement de la liste des études
2025-03-11 22:58:36,358 - INFO - ui.study_list - Chargement de la liste des études
2025-03-11 23:02:51,047 - INFO - ui.study_list - Chargement de la liste des études
2025-03-11 23:03:01,331 - INFO - ui.study_list - Chargement de la liste des études
2025-03-11 23:03:16,349 - INFO - ui.study_list - Chargement de la liste des études
2025-03-11 23:03:27,335 - INFO - ui.study_list - Chargement de la liste des études
2025-03-11 23:03:37,369 - INFO - ui.study_list - Chargement de la liste des études
2025-03-11 23:03:47,373 - INFO - ui.study_list - Chargement de la liste des études
2025-03-11 23:03:52,363 - INFO - ui.study_list - Chargement de la liste des études
2025-03-11 23:04:02,381 - INFO - ui.study_list - Chargement de la liste des études
2025-03-11 23:04:13,344 - INFO - ui.study_list - Chargement de la liste des études
2025-03-11 23:04:22,391 - INFO - ui.study_list - Chargement de la liste des études
2025-03-11 23:04:32,350 - INFO - ui.study_list - Chargement de la liste des études
2025-03-11 23:04:42,352 - INFO - ui.study_list - Chargement de la liste des études
2025-03-11 23:04:52,347 - INFO - ui.study_list - Chargement de la liste des études
2025-03-11 23:05:02,362 - INFO - ui.study_list - Chargement de la liste des études
2025-03-11 23:05:12,392 - INFO - ui.study_list - Chargement de la liste des études
2025-03-11 23:05:22,364 - INFO - ui.study_list - Chargement de la liste des études
2025-03-11 23:05:32,353 - INFO - ui.study_list - Chargement de la liste des études
2025-03-11 23:05:42,354 - INFO - ui.study_list - Chargement de la liste des études
2025-03-11 23:05:53,351 - INFO - ui.study_list - Chargement de la liste des études
2025-03-11 23:06:02,347 - INFO - ui.study_list - Chargement de la liste des études
2025-03-11 23:06:13,357 - INFO - ui.study_list - Chargement de la liste des études
2025-03-11 23:06:23,356 - INFO - ui.study_list - Chargement de la liste des études
2025-03-11 23:06:33,350 - INFO - ui.study_list - Chargement de la liste des études
2025-03-11 23:06:42,349 - INFO - ui.study_list - Chargement de la liste des études
2025-03-11 23:06:54,327 - INFO - ui.study_list - Chargement de la liste des études
2025-03-11 23:07:03,993 - INFO - ui.study_list - Chargement de la liste des études
2025-03-11 23:07:34,274 - INFO - ui.study_list - Chargement de la liste des études
2025-03-11 23:07:44,257 - INFO - ui.study_list - Chargement de la liste des études
2025-03-11 23:07:54,255 - INFO - ui.study_list - Chargement de la liste des études
2025-03-11 23:08:07,945 - INFO - ui.study_list - Chargement de la liste des études
2025-03-11 23:11:53,945 - INFO - ui.study_list - Chargement de la liste des études
2025-03-11 23:12:03,975 - INFO - ui.study_list - Chargement de la liste des études
2025-03-11 23:12:13,966 - INFO - ui.study_list - Chargement de la liste des études
2025-03-11 23:12:23,938 - INFO - ui.study_list - Chargement de la liste des études
2025-03-11 23:12:34,359 - INFO - ui.study_list - Chargement de la liste des études
2025-03-11 23:12:45,326 - INFO - ui.study_list - Chargement de la liste des études
2025-03-11 23:12:53,939 - INFO - ui.study_list - Chargement de la liste des études
2025-03-11 23:13:03,937 - INFO - ui.study_list - Chargement de la liste des études
2025-03-11 23:13:16,408 - INFO - ui.study_list - Chargement de la liste des études
2025-03-11 23:13:26,397 - INFO - ui.study_list - Chargement de la liste des études
2025-03-11 23:13:36,391 - INFO - ui.study_list - Chargement de la liste des études
2025-03-11 23:13:46,392 - INFO - ui.study_list - Chargement de la liste des études
2025-03-11 23:13:57,347 - INFO - ui.study_list - Chargement de la liste des études
2025-03-11 23:14:07,348 - INFO - ui.study_list - Chargement de la liste des études
2025-03-11 23:14:17,357 - INFO - ui.study_list - Chargement de la liste des études
2025-03-11 23:14:27,356 - INFO - ui.study_list - Chargement de la liste des études
2025-03-11 23:14:37,346 - INFO - ui.study_list - Chargement de la liste des études
2025-03-11 23:14:47,353 - INFO - ui.study_list - Chargement de la liste des études
2025-03-11 23:15:12,762 - INFO - ui.study_list - Chargement de la liste des études
2025-03-11 23:15:16,440 - INFO - ui.study_list - Chargement de la liste des études
2025-03-11 23:15:26,392 - INFO - ui.study_list - Chargement de la liste des études
2025-03-11 23:15:36,390 - INFO - ui.study_list - Chargement de la liste des études
2025-03-11 23:15:46,390 - INFO - ui.study_list - Chargement de la liste des études
2025-03-11 23:15:58,333 - INFO - ui.study_list - Chargement de la liste des études
2025-03-11 23:16:08,331 - INFO - ui.study_list - Chargement de la liste des études
2025-03-11 23:16:18,333 - INFO - ui.study_list - Chargement de la liste des études
2025-03-11 23:16:28,326 - INFO - ui.study_list - Chargement de la liste des études
2025-03-11 23:16:38,334 - INFO - ui.study_list - Chargement de la liste des études
2025-03-11 23:16:46,911 - INFO - ui.study_list - Chargement de la liste des études
2025-03-11 23:16:52,582 - INFO - ui.study_list - Chargement de la liste des études
2025-03-11 23:17:02,573 - INFO - ui.study_list - Chargement de la liste des études
2025-03-11 23:17:12,631 - INFO - ui.study_list - Chargement de la liste des études
2025-03-11 23:17:22,576 - INFO - ui.study_list - Chargement de la liste des études
2025-03-11 23:17:32,572 - INFO - ui.study_list - Chargement de la liste des études
2025-03-11 23:17:42,570 - INFO - ui.study_list - Chargement de la liste des études
2025-03-11 23:17:53,349 - INFO - ui.study_list - Chargement de la liste des études
2025-03-11 23:18:03,348 - INFO - ui.study_list - Chargement de la liste des études
2025-03-11 23:18:13,353 - INFO - ui.study_list - Chargement de la liste des études
2025-03-11 23:18:23,353 - INFO - ui.study_list - Chargement de la liste des études
2025-03-11 23:18:33,354 - INFO - ui.study_list - Chargement de la liste des études
2025-03-11 23:18:42,626 - INFO - ui.study_list - Chargement de la liste des études
2025-03-11 23:18:53,359 - INFO - ui.study_list - Chargement de la liste des études
2025-03-11 23:19:03,362 - INFO - ui.study_list - Chargement de la liste des études
2025-03-11 23:19:14,336 - INFO - ui.study_list - Chargement de la liste des études
2025-03-11 23:19:24,329 - INFO - ui.study_list - Chargement de la liste des études
2025-03-11 23:19:34,337 - INFO - ui.study_list - Chargement de la liste des études
2025-03-11 23:19:44,326 - INFO - ui.study_list - Chargement de la liste des études
2025-03-11 23:19:54,333 - INFO - ui.study_list - Chargement de la liste des études
2025-03-11 23:20:04,326 - INFO - ui.study_list - Chargement de la liste des études
2025-03-11 23:20:49,338 - INFO - ui.study_list - Chargement de la liste des études
2025-03-11 23:20:53,353 - INFO - ui.study_list - Chargement de la liste des études
2025-03-11 23:21:03,357 - INFO - ui.study_list - Chargement de la liste des études
2025-03-11 23:21:13,352 - INFO - ui.study_list - Chargement de la liste des études
2025-03-11 23:21:23,345 - INFO - ui.study_list - Chargement de la liste des études
2025-03-11 23:21:33,354 - INFO - ui.study_list - Chargement de la liste des études
2025-03-11 23:21:43,360 - INFO - ui.study_list - Chargement de la liste des études
2025-03-11 23:21:53,359 - INFO - ui.study_list - Chargement de la liste des études
2025-03-11 23:22:03,353 - INFO - ui.study_list - Chargement de la liste des études
2025-03-11 23:22:13,355 - INFO - ui.study_list - Chargement de la liste des études
2025-03-11 23:22:23,345 - INFO - ui.study_list - Chargement de la liste des études
2025-03-11 23:22:33,364 - INFO - ui.study_list - Chargement de la liste des études
2025-03-11 23:22:43,354 - INFO - ui.study_list - Chargement de la liste des études
2025-03-11 23:22:53,361 - INFO - ui.study_list - Chargement de la liste des études
2025-03-11 23:23:03,342 - INFO - ui.study_list - Chargement de la liste des études
2025-03-11 23:23:13,348 - INFO - ui.study_list - Chargement de la liste des études
2025-03-11 23:23:23,349 - INFO - ui.study_list - Chargement de la liste des études
2025-03-11 23:23:33,381 - INFO - ui.study_list - Chargement de la liste des études
2025-03-11 23:23:43,356 - INFO - ui.study_list - Chargement de la liste des études
2025-03-11 23:23:53,349 - INFO - ui.study_list - Chargement de la liste des études
2025-03-11 23:24:03,363 - INFO - ui.study_list - Chargement de la liste des études
2025-03-11 23:24:13,357 - INFO - ui.study_list - Chargement de la liste des études
2025-03-11 23:24:23,378 - INFO - ui.study_list - Chargement de la liste des études
2025-03-11 23:24:33,358 - INFO - ui.study_list - Chargement de la liste des études
2025-03-11 23:24:43,367 - INFO - ui.study_list - Chargement de la liste des études
2025-03-11 23:24:53,348 - INFO - ui.study_list - Chargement de la liste des études
2025-03-11 23:25:03,357 - INFO - ui.study_list - Chargement de la liste des études
2025-03-11 23:25:13,352 - INFO - ui.study_list - Chargement de la liste des études
2025-03-11 23:25:23,360 - INFO - ui.study_list - Chargement de la liste des études
2025-03-11 23:25:33,362 - INFO - ui.study_list - Chargement de la liste des études
2025-03-11 23:25:43,369 - INFO - ui.study_list - Chargement de la liste des études
2025-03-11 23:25:53,364 - INFO - ui.study_list - Chargement de la liste des études
2025-03-11 23:26:03,358 - INFO - ui.study_list - Chargement de la liste des études
2025-03-11 23:26:13,373 - INFO - ui.study_list - Chargement de la liste des études
2025-03-11 23:26:23,356 - INFO - ui.study_list - Chargement de la liste des études
2025-03-11 23:26:33,382 - INFO - ui.study_list - Chargement de la liste des études
2025-03-11 23:26:43,361 - INFO - ui.study_list - Chargement de la liste des études
2025-03-11 23:26:53,354 - INFO - ui.study_list - Chargement de la liste des études
2025-03-11 23:27:03,349 - INFO - ui.study_list - Chargement de la liste des études
2025-03-11 23:27:13,358 - INFO - ui.study_list - Chargement de la liste des études
2025-03-11 23:27:23,373 - INFO - ui.study_list - Chargement de la liste des études
2025-03-11 23:27:33,374 - INFO - ui.study_list - Chargement de la liste des études
2025-03-11 23:27:43,362 - INFO - ui.study_list - Chargement de la liste des études
2025-03-11 23:27:53,371 - INFO - ui.study_list - Chargement de la liste des études
2025-03-11 23:28:03,381 - INFO - ui.study_list - Chargement de la liste des études
2025-03-11 23:28:13,352 - INFO - ui.study_list - Chargement de la liste des études
2025-03-11 23:28:23,356 - INFO - ui.study_list - Chargement de la liste des études
2025-03-11 23:28:33,358 - INFO - ui.study_list - Chargement de la liste des études
2025-03-11 23:28:43,358 - INFO - ui.study_list - Chargement de la liste des études
