2025-03-13 00:55:26,100 - INFO - ui.study_detail - Affichage des détails de l'étude: fsdf
2025-03-13 01:01:23,365 - INFO - ui.study_detail - Affichage des détails de l'étude: vcxvxcvcx
2025-03-13 10:31:24,075 - INFO - ui.study_detail - Affichage des détails de l'étude: test
2025-03-13 10:31:25,338 - INFO - ui.study_detail - Affichage des détails de l'étude: test
2025-03-13 10:31:26,190 - INFO - ui.study_detail - Affichage des détails de l'étude: fsdf
2025-03-13 10:33:21,933 - INFO - ui.study_detail - Affichage des détails de l'étude: test
2025-03-13 10:48:47,680 - INFO - ui.study_detail - Displaying enhanced details for study: test
2025-03-13 10:56:41,924 - INFO - ui.study_detail - Displaying enhanced details for study: fsdf
2025-03-13 10:56:52,080 - INFO - ui.study_detail - Displaying enhanced details for study: fsdf
2025-03-13 10:57:03,742 - INFO - ui.study_detail - Displaying enhanced details for study: test
2025-03-13 12:18:03,544 - INFO - ui.study_detail - Displaying enhanced details for study: test
2025-03-13 21:36:15,422 - INFO - ui.study_detail - Displaying enhanced details for study: fsdf
2025-03-13 22:16:11,763 - INFO - ui.study_detail - Displaying enhanced details for study: fsdf
2025-03-13 22:17:22,688 - INFO - ui.study_detail - Displaying enhanced details for study: test
2025-03-13 22:25:32,456 - INFO - ui.study_detail - Displaying enhanced details for study: test_1m
2025-03-13 22:28:46,448 - INFO - ui.study_detail - Displaying enhanced details for study: test_1m
2025-03-13 22:28:47,885 - INFO - ui.study_detail - Displaying enhanced details for study: test_1m
2025-03-13 22:28:49,366 - INFO - ui.study_detail - Displaying enhanced details for study: test_1m
2025-03-13 22:28:50,056 - INFO - ui.study_detail - Displaying enhanced details for study: kjkl
2025-03-13 22:28:50,769 - INFO - ui.study_detail - Displaying enhanced details for study: ez
